<?xml version="1.0" encoding="UTF-8"?>
<robot generator="Robot 4.0.1 (Python 3.8.5 on win32)" generated="20210706 15:32:21.203" rpa="false" schemaversion="2">
<suite id="s1" name="Auto-AdminPortal" source="C:\Users\User\Documents\GitHub\Auto-AdminPortal">
<suite id="s1-s1" name="Tests" source="C:\Users\User\Documents\GitHub\Auto-AdminPortal\Tests">
<suite id="s1-s1-s1" name="FunctionalTests" source="C:\Users\User\Documents\GitHub\Auto-AdminPortal\Tests\FunctionalTests">
<suite id="s1-s1-s1-s1" name="ShipOwnersMenu" source="C:\Users\User\Documents\GitHub\Auto-AdminPortal\Tests\FunctionalTests\ShipOwnersMenu">
<suite id="s1-s1-s1-s1-s1" name="EditVessel" source="C:\Users\User\Documents\GitHub\Auto-AdminPortal\Tests\FunctionalTests\ShipOwnersMenu\EditVessel.robot">
<test id="s1-s1-s1-s1-s1-t1" name="Update Vessel with Transformation Date as current date">
<kw name="Start TestCase With Login" library="CommonFunctions" type="SETUP">
<kw name="Start TestCase" library="CommonFunctions">
<kw name="Open Browser" library="SeleniumLibrary">
<arg>${url.mp}</arg>
<arg>${browser}</arg>
<arg>executable_path=${executable_path}</arg>
<doc>Opens a new browser instance to the optional ``url``.</doc>
<msg timestamp="20210706 15:32:21.866" level="INFO">Opening browser 'chrome' to base url 'https://admin-mp.dev.sparescnx.com/'.</msg>
<status status="PASS" starttime="20210706 15:32:21.863" endtime="20210706 15:32:25.844"/>
</kw>
<kw name="Maximize Browser Window" library="SeleniumLibrary">
<doc>Maximizes current browser window.</doc>
<status status="PASS" starttime="20210706 15:32:25.844" endtime="20210706 15:32:26.006"/>
</kw>
<status status="PASS" starttime="20210706 15:32:21.862" endtime="20210706 15:32:26.007"/>
</kw>
<kw name="Login to Admin Portal Successfully" library="LoginPage">
<arg>${username.mpUser}</arg>
<arg>${password.mppd}</arg>
<kw name="Input Password" library="SeleniumLibrary">
<arg>${userNameField}</arg>
<arg>${username}</arg>
<doc>Types the given password into the text field identified by ``locator``.</doc>
<msg timestamp="20210706 15:32:26.024" level="INFO">Typing password into text field 'xpath://*[@id='username']'.</msg>
<msg timestamp="20210706 15:32:26.121" level="INFO">Temporally setting log level to: NONE</msg>
<msg timestamp="20210706 15:32:26.247" level="INFO">Log level changed from NONE to INFO.</msg>
<status status="PASS" starttime="20210706 15:32:26.022" endtime="20210706 15:32:26.247"/>
</kw>
<kw name="Input Password" library="SeleniumLibrary">
<arg>${passwordField}</arg>
<arg>${password}</arg>
<arg>clear: True</arg>
<doc>Types the given password into the text field identified by ``locator``.</doc>
<msg timestamp="20210706 15:32:26.248" level="INFO">Typing password into text field 'xpath://*[@id='password']'.</msg>
<msg timestamp="20210706 15:32:26.286" level="INFO">Temporally setting log level to: NONE</msg>
<msg timestamp="20210706 15:32:26.568" level="INFO">Log level changed from NONE to INFO.</msg>
<status status="PASS" starttime="20210706 15:32:26.247" endtime="20210706 15:32:26.568"/>
</kw>
<kw name="Press Keys" library="SeleniumLibrary">
<arg>${signInbutton}</arg>
<arg>RETURN</arg>
<doc>Simulates the user pressing key(s) to an element or on the active browser.</doc>
<msg timestamp="20210706 15:32:26.569" level="INFO">Sending key(s) ('RETURN',) to xpath://*[@id='password']/ancestor::div[2]/following-sibling::button element.</msg>
<msg timestamp="20210706 15:32:31.923" level="INFO">Pressing special key RETURN to element.</msg>
<msg timestamp="20210706 15:32:31.923" level="INFO">Releasing special key RETURN.</msg>
<status status="PASS" starttime="20210706 15:32:26.568" endtime="20210706 15:32:31.945"/>
</kw>
<status status="PASS" starttime="20210706 15:32:26.008" endtime="20210706 15:32:31.945"/>
</kw>
<kw name="Run Keyword And Return Status" library="BuiltIn">
<var>${status}</var>
<arg>wait until element is not visible</arg>
<arg>${signInbutton}</arg>
<doc>Runs the given keyword with given arguments and returns the status as a Boolean value.</doc>
<kw name="Wait Until Element Is Not Visible" library="SeleniumLibrary">
<arg>${signInbutton}</arg>
<doc>Waits until the element ``locator`` is not visible.</doc>
<status status="PASS" starttime="20210706 15:32:31.946" endtime="20210706 15:32:32.435"/>
</kw>
<msg timestamp="20210706 15:32:32.435" level="INFO">${status} = True</msg>
<status status="PASS" starttime="20210706 15:32:31.946" endtime="20210706 15:32:32.435"/>
</kw>
<kw name="Run Keyword Unless" library="BuiltIn">
<arg>${status}</arg>
<arg>fail</arg>
<arg>Login failed. Setup for test could not established</arg>
<doc>Runs the given keyword with the given arguments if ``condition`` is false.</doc>
<status status="PASS" starttime="20210706 15:32:32.436" endtime="20210706 15:32:32.436"/>
</kw>
<status status="PASS" starttime="20210706 15:32:21.861" endtime="20210706 15:32:32.437"/>
</kw>
<kw name="Execute TestCase" library="RunTestCaseKeywords">
<arg>Update Vessel successfully with current date for Transformation Start Date</arg>
<kw name="Run Keyword And Return Status" library="BuiltIn">
<var>${testCaseStatus}</var>
<arg>${testCaseName}</arg>
<doc>Runs the given keyword with given arguments and returns the status as a Boolean value.</doc>
<kw name="Update Vessel successfully with current date for Transformation Start Date" library="EditVesselTestCase">
<kw name="Create Vessel Without Transformation Date" library="AddVesselTestCase">
<tag>Function</tag>
<tag>Happy Case</tag>
<doc>This test case verify the create vessel successfully</doc>
<kw name="Given User go to Vessel tab then open Create form" library="VesselUserDefineKeywords">
<kw name="User go to Ship Owner page" library="ShipOwnersUserDefineKeywords">
<kw name="Run Keyword And Return Status" library="BuiltIn">
<var>${status}</var>
<arg>wait until element is visible</arg>
<arg>xpath://button[contains(., 'Cancel')]</arg>
<arg>10s</arg>
<doc>Runs the given keyword with given arguments and returns the status as a Boolean value.</doc>
<kw name="Wait Until Element Is Visible" library="SeleniumLibrary">
<arg>xpath://button[contains(., 'Cancel')]</arg>
<arg>10s</arg>
<doc>Waits until the element ``locator`` is visible.</doc>
<kw name="Capture Page Screenshot" library="SeleniumLibrary">
<doc>Takes a screenshot of the current page and embeds it into a log file.</doc>
<msg timestamp="20210706 15:32:42.862" level="INFO" html="true">&lt;/td&gt;&lt;/tr&gt;&lt;tr&gt;&lt;td colspan="3"&gt;&lt;a href="selenium-screenshot-7.png"&gt;&lt;img src="selenium-screenshot-7.png" width="800px"&gt;&lt;/a&gt;</msg>
<status status="PASS" starttime="20210706 15:32:42.517" endtime="20210706 15:32:42.862"/>
</kw>
<msg timestamp="20210706 15:32:42.865" level="FAIL">Element 'xpath://button[contains(., 'Cancel')]' not visible after 10 seconds.</msg>
<status status="FAIL" starttime="20210706 15:32:32.450" endtime="20210706 15:32:42.865"/>
</kw>
<msg timestamp="20210706 15:32:42.865" level="INFO">${status} = False</msg>
<status status="PASS" starttime="20210706 15:32:32.447" endtime="20210706 15:32:42.865"/>
</kw>
<kw name="Run Keyword If" library="BuiltIn">
<arg>'${status}'=='True'</arg>
<arg>User click Cancel button</arg>
<doc>Runs the given keyword with the given arguments, if ``condition`` is true.</doc>
<status status="PASS" starttime="20210706 15:32:42.865" endtime="20210706 15:32:42.866"/>
</kw>
<kw name="Wait Until Element Is Visible" library="SeleniumLibrary">
<arg>${shipOwnersMenu}</arg>
<arg>10s</arg>
<doc>Waits until the element ``locator`` is visible.</doc>
<status status="PASS" starttime="20210706 15:32:42.866" endtime="20210706 15:32:42.897"/>
</kw>
<kw name="Click Element" library="SeleniumLibrary">
<arg>${shipOwnersMenu}</arg>
<doc>Click the element identified by ``locator``.</doc>
<msg timestamp="20210706 15:32:42.898" level="INFO">Clicking element 'xpath://div[@role='button' and contains(.,'Ship Owners')]'.</msg>
<status status="PASS" starttime="20210706 15:32:42.897" endtime="20210706 15:32:42.977"/>
</kw>
<kw name="Run Keyword And Return Status" library="BuiltIn">
<var>${passed}</var>
<arg>wait until page contains element</arg>
<arg>${itemInTable}</arg>
<arg>10s</arg>
<doc>Runs the given keyword with given arguments and returns the status as a Boolean value.</doc>
<kw name="Wait Until Page Contains Element" library="SeleniumLibrary">
<arg>${itemInTable}</arg>
<arg>10s</arg>
<doc>Waits until the element ``locator`` appears on the current page.</doc>
<status status="PASS" starttime="20210706 15:32:42.981" endtime="20210706 15:32:44.520"/>
</kw>
<msg timestamp="20210706 15:32:44.520" level="INFO">${passed} = True</msg>
<status status="PASS" starttime="20210706 15:32:42.978" endtime="20210706 15:32:44.520"/>
</kw>
<kw name="Run Keyword Unless" library="BuiltIn">
<arg>${passed}</arg>
<arg>fail</arg>
<arg>The list of ship owners could not shown after 10s waiting</arg>
<doc>Runs the given keyword with the given arguments if ``condition`` is false.</doc>
<status status="PASS" starttime="20210706 15:32:44.521" endtime="20210706 15:32:44.521"/>
</kw>
<kw name="Get Text" library="SeleniumLibrary">
<var>${totalItem}</var>
<arg>${itemInTable}</arg>
<doc>Returns the text value of the element identified by ``locator``.</doc>
<msg timestamp="20210706 15:32:44.550" level="INFO">${totalItem} = 1-2 of 2</msg>
<status status="PASS" starttime="20210706 15:32:44.521" endtime="20210706 15:32:44.550"/>
</kw>
<kw name="Run Keyword Unless" library="BuiltIn">
<arg>'${totalItem}'== '0-0 of 0'</arg>
<arg>click element</arg>
<arg>${firstItemOfTable}</arg>
<doc>Runs the given keyword with the given arguments if ``condition`` is false.</doc>
<kw name="Click Element" library="SeleniumLibrary">
<arg>${firstItemOfTable}</arg>
<doc>Click the element identified by ``locator``.</doc>
<msg timestamp="20210706 15:32:44.551" level="INFO">Clicking element 'xpath://table[@role='grid']/tbody/tr/td[1]'.</msg>
<status status="PASS" starttime="20210706 15:32:44.550" endtime="20210706 15:32:44.638"/>
</kw>
<status status="PASS" starttime="20210706 15:32:44.550" endtime="20210706 15:32:44.638"/>
</kw>
<status status="PASS" starttime="20210706 15:32:32.445" endtime="20210706 15:32:44.639"/>
</kw>
<kw name="User clicks on the menu &quot;VESSELS&quot;" library="ShipOwnersUserDefineKeywords" sourcename="User clicks on the menu &quot;${menuTabName}&quot;">
<kw name="Wait Until Page Contains Element" library="SeleniumLibrary">
<arg>${vesselMenu}</arg>
<arg>20s</arg>
<doc>Waits until the element ``locator`` appears on the current page.</doc>
<status status="PASS" starttime="20210706 15:32:44.640" endtime="20210706 15:32:44.917"/>
</kw>
<kw name="Get Variable Value" library="BuiltIn">
<var>${menuName}</var>
<arg>${menuTabName}</arg>
<doc>Returns variable value or ``default`` if the variable does not exist.</doc>
<msg timestamp="20210706 15:32:44.918" level="INFO">${menuName} = VESSELS</msg>
<status status="PASS" starttime="20210706 15:32:44.917" endtime="20210706 15:32:44.918"/>
</kw>
<kw name="Run Keyword If" library="BuiltIn">
<arg>'${menuName}'=='VESSELS'</arg>
<arg>Click tab button</arg>
<arg>${menuName}</arg>
<arg>ELSE IF</arg>
<arg>'${menuName}'=='INFO'</arg>
<arg>Click tab button</arg>
<arg>${menuName}</arg>
<arg>ELSE IF</arg>
<arg>'${menuName}'=='VESSEL CLASSES'</arg>
<arg>Click tab button</arg>
<arg>${menuName}</arg>
<arg>ELSE IF</arg>
<arg>'${menuName}'=='SETTINGS'</arg>
<arg>Click tab button</arg>
<arg>${menuName}</arg>
<arg>ELSE</arg>
<arg>fail</arg>
<arg>Incorrect tab menu</arg>
<arg>[Return]</arg>
<doc>Runs the given keyword with the given arguments, if ``condition`` is true.</doc>
<kw name="Click tab button" library="ShipOwnersPage">
<arg>${menuName}</arg>
<kw name="Set Variable" library="BuiltIn">
<var>${menuButton}</var>
<arg>xpath://button[contains(., '${menuButtonName}')]</arg>
<doc>Returns the given values which can then be assigned to a variables.</doc>
<msg timestamp="20210706 15:32:44.924" level="INFO">${menuButton} = xpath://button[contains(., 'VESSELS')]</msg>
<status status="PASS" starttime="20210706 15:32:44.923" endtime="20210706 15:32:44.924"/>
</kw>
<kw name="Wait Until Element Is Visible" library="SeleniumLibrary">
<arg>${menuButton}</arg>
<arg>10s</arg>
<arg>${menuButtonName} is not visibale after 10s</arg>
<doc>Waits until the element ``locator`` is visible.</doc>
<status status="PASS" starttime="20210706 15:32:44.924" endtime="20210706 15:32:45.386"/>
</kw>
<kw name="Click Button" library="SeleniumLibrary">
<arg>${menuButton}</arg>
<doc>Clicks the button identified by ``locator``.</doc>
<msg timestamp="20210706 15:32:45.387" level="INFO">Clicking button 'xpath://button[contains(., 'VESSELS')]'.</msg>
<status status="PASS" starttime="20210706 15:32:45.386" endtime="20210706 15:32:45.561"/>
</kw>
<status status="PASS" starttime="20210706 15:32:44.920" endtime="20210706 15:32:45.562"/>
</kw>
<status status="PASS" starttime="20210706 15:32:44.918" endtime="20210706 15:32:45.562"/>
</kw>
<status status="PASS" starttime="20210706 15:32:44.639" endtime="20210706 15:32:45.563"/>
</kw>
<kw name="User click Create button" library="CommonFunctions" sourcename="User click ${buttonName} button">
<kw name="Set Variable" library="BuiltIn">
<var>${buttonLocation}</var>
<arg>xpath://button[contains(.,'${buttonName}')]</arg>
<doc>Returns the given values which can then be assigned to a variables.</doc>
<msg timestamp="20210706 15:32:45.565" level="INFO">${buttonLocation} = xpath://button[contains(.,'Create')]</msg>
<status status="PASS" starttime="20210706 15:32:45.564" endtime="20210706 15:32:45.565"/>
</kw>
<kw name="Wait for element visible" library="WaitKeywords">
<arg>${buttonLocation}</arg>
<kw name="Wait Until Element Is Visible" library="SeleniumLibrary">
<arg>${fieldLocation}</arg>
<arg>10s</arg>
<arg>Could not found this field Location after 3 times of retry</arg>
<doc>Waits until the element ``locator`` is visible.</doc>
<status status="PASS" starttime="20210706 15:32:45.566" endtime="20210706 15:32:46.246"/>
</kw>
<status status="PASS" starttime="20210706 15:32:45.565" endtime="20210706 15:32:46.246"/>
</kw>
<kw name="Wait Until Keyword Succeeds" library="BuiltIn">
<arg>30s</arg>
<arg>10s</arg>
<arg>click button</arg>
<arg>${buttonLocation}</arg>
<doc>Runs the specified keyword and retries if it fails.</doc>
<kw name="Click Button" library="SeleniumLibrary">
<arg>${buttonLocation}</arg>
<doc>Clicks the button identified by ``locator``.</doc>
<msg timestamp="20210706 15:32:46.247" level="INFO">Clicking button 'xpath://button[contains(.,'Create')]'.</msg>
<status status="PASS" starttime="20210706 15:32:46.247" endtime="20210706 15:32:46.375"/>
</kw>
<status status="PASS" starttime="20210706 15:32:46.246" endtime="20210706 15:32:46.375"/>
</kw>
<status status="PASS" starttime="20210706 15:32:45.563" endtime="20210706 15:32:46.375"/>
</kw>
<status status="PASS" starttime="20210706 15:32:32.444" endtime="20210706 15:32:46.375"/>
</kw>
<kw name="When User select value no 2 in dropdown list for Vessel Class field" library="VesselUserDefineKeywords" sourcename="User select value no ${noItem} in dropdown list for Vessel Class field">
<kw name="User click dropdown list: Vessel Class" library="CommonUserDefineKeywords" sourcename="User click dropdown list: ${dropdownListName}">
<kw name="Set Variable" library="BuiltIn">
<var>${dropdownListLocation}</var>
<arg>xpath://form/div[contains(.,'${dropdownListName}')]/child::div</arg>
<doc>Returns the given values which can then be assigned to a variables.</doc>
<msg timestamp="20210706 15:32:46.379" level="INFO">${dropdownListLocation} = xpath://form/div[contains(.,'Vessel Class')]/child::div</msg>
<status status="PASS" starttime="20210706 15:32:46.378" endtime="20210706 15:32:46.379"/>
</kw>
<kw name="Click Element" library="SeleniumLibrary">
<arg>${dropdownListLocation}</arg>
<doc>Click the element identified by ``locator``.</doc>
<msg timestamp="20210706 15:32:46.380" level="INFO">Clicking element 'xpath://form/div[contains(.,'Vessel Class')]/child::div'.</msg>
<status status="PASS" starttime="20210706 15:32:46.379" endtime="20210706 15:32:46.922"/>
</kw>
<status status="PASS" starttime="20210706 15:32:46.377" endtime="20210706 15:32:46.923"/>
</kw>
<kw name="Set Variable" library="BuiltIn">
<var>${itemLocation}</var>
<arg>xpath://*[@id='menu-vesselClass']/div/ul/li[${noItem}]</arg>
<doc>Returns the given values which can then be assigned to a variables.</doc>
<msg timestamp="20210706 15:32:46.924" level="INFO">${itemLocation} = xpath://*[@id='menu-vesselClass']/div/ul/li[2]</msg>
<status status="PASS" starttime="20210706 15:32:46.923" endtime="20210706 15:32:46.924"/>
</kw>
<kw name="Click Element" library="SeleniumLibrary">
<arg>${itemLocation}</arg>
<doc>Click the element identified by ``locator``.</doc>
<msg timestamp="20210706 15:32:46.924" level="INFO">Clicking element 'xpath://*[@id='menu-vesselClass']/div/ul/li[2]'.</msg>
<status status="PASS" starttime="20210706 15:32:46.924" endtime="20210706 15:32:46.994"/>
</kw>
<status status="PASS" starttime="20210706 15:32:46.376" endtime="20210706 15:32:46.995"/>
</kw>
<kw name="And User input into Vessel Name text field with value as &quot;Vessel Test&quot;" library="CommonUserDefineKeywords" sourcename="User input into ${fieldName} text field with value as &quot;${inputValue}&quot;">
<doc>use for input text field name</doc>
<kw name="Set Variable" library="BuiltIn">
<var>${inputField}</var>
<arg>xpath://label[contains(text(), '${fieldName}')]/following-sibling::div/input</arg>
<doc>Returns the given values which can then be assigned to a variables.</doc>
<msg timestamp="20210706 15:32:46.996" level="INFO">${inputField} = xpath://label[contains(text(), 'Vessel Name')]/following-sibling::div/input</msg>
<status status="PASS" starttime="20210706 15:32:46.996" endtime="20210706 15:32:46.996"/>
</kw>
<kw name="Generate Random String" library="String">
<var>${autoString}</var>
<arg>8</arg>
<arg>[LETTERS]</arg>
<doc>Generates a string with a desired ``length`` from the given ``chars``.</doc>
<msg timestamp="20210706 15:32:46.996" level="INFO">${autoString} = qbAesmBN</msg>
<status status="PASS" starttime="20210706 15:32:46.996" endtime="20210706 15:32:46.996"/>
</kw>
<kw name="Set Variable" library="BuiltIn">
<var>${inputData}</var>
<arg>Auto ${inputValue} ${autoString}</arg>
<doc>Returns the given values which can then be assigned to a variables.</doc>
<msg timestamp="20210706 15:32:46.997" level="INFO">${inputData} = Auto Vessel Test qbAesmBN</msg>
<status status="PASS" starttime="20210706 15:32:46.997" endtime="20210706 15:32:46.997"/>
</kw>
<kw name="Input Text" library="SeleniumLibrary">
<arg>${inputField}</arg>
<arg>${inputData}</arg>
<doc>Types the given ``text`` into the text field identified by ``locator``.</doc>
<msg timestamp="20210706 15:32:46.997" level="INFO">Typing text 'Auto Vessel Test qbAesmBN' into text field 'xpath://label[contains(text(), 'Vessel Name')]/following-sibling::div/input'.</msg>
<status status="PASS" starttime="20210706 15:32:46.997" endtime="20210706 15:32:47.211"/>
</kw>
<kw name="Mouse Out" library="SeleniumLibrary">
<arg>${inputField}</arg>
<doc>Simulates moving the mouse away from the element ``locator``.</doc>
<msg timestamp="20210706 15:32:47.211" level="INFO">Simulating Mouse Out on element 'xpath://label[contains(text(), 'Vessel Name')]/following-sibling::div/input'.</msg>
<status status="PASS" starttime="20210706 15:32:47.211" endtime="20210706 15:32:47.780"/>
</kw>
<status status="PASS" starttime="20210706 15:32:46.995" endtime="20210706 15:32:47.780"/>
</kw>
<kw name="And User input into IMO No field (only number) with value contains 8 integers" library="CommonUserDefineKeywords" sourcename="User input into ${fieldName} field (only number) with value contains ${no} integers">
<doc>use for field only accept number</doc>
<kw name="Set Variable" library="BuiltIn">
<var>${inputField}</var>
<arg>xpath://label[contains(text(), '${fieldName}')]/following-sibling::div/input</arg>
<doc>Returns the given values which can then be assigned to a variables.</doc>
<msg timestamp="20210706 15:32:47.781" level="INFO">${inputField} = xpath://label[contains(text(), 'IMO No')]/following-sibling::div/input</msg>
<status status="PASS" starttime="20210706 15:32:47.781" endtime="20210706 15:32:47.781"/>
</kw>
<kw name="Generate Random String" library="String">
<var>${autoNumber}</var>
<arg>${no}</arg>
<arg>[NUMBERS]</arg>
<doc>Generates a string with a desired ``length`` from the given ``chars``.</doc>
<msg timestamp="20210706 15:32:47.782" level="INFO">${autoNumber} = 38889341</msg>
<status status="PASS" starttime="20210706 15:32:47.781" endtime="20210706 15:32:47.782"/>
</kw>
<kw name="Input Text" library="SeleniumLibrary">
<arg>${inputField}</arg>
<arg>${autoNumber}</arg>
<doc>Types the given ``text`` into the text field identified by ``locator``.</doc>
<msg timestamp="20210706 15:32:47.782" level="INFO">Typing text '38889341' into text field 'xpath://label[contains(text(), 'IMO No')]/following-sibling::div/input'.</msg>
<status status="PASS" starttime="20210706 15:32:47.782" endtime="20210706 15:32:47.915"/>
</kw>
<kw name="Mouse Out" library="SeleniumLibrary">
<arg>${inputField}</arg>
<doc>Simulates moving the mouse away from the element ``locator``.</doc>
<msg timestamp="20210706 15:32:47.915" level="INFO">Simulating Mouse Out on element 'xpath://label[contains(text(), 'IMO No')]/following-sibling::div/input'.</msg>
<status status="PASS" starttime="20210706 15:32:47.915" endtime="20210706 15:32:48.489"/>
</kw>
<kw name="Set Variable" library="BuiltIn">
<var>${imoNo}</var>
<arg>${autoNumber}</arg>
<doc>Returns the given values which can then be assigned to a variables.</doc>
<msg timestamp="20210706 15:32:48.490" level="INFO">${imoNo} = 38889341</msg>
<status status="PASS" starttime="20210706 15:32:48.490" endtime="20210706 15:32:48.490"/>
</kw>
<kw name="Set Suite Variable" library="BuiltIn">
<arg>${imoNo}</arg>
<doc>Makes a variable available everywhere within the scope of the current suite.</doc>
<msg timestamp="20210706 15:32:48.491" level="INFO">${imoNo} = 38889341</msg>
<status status="PASS" starttime="20210706 15:32:48.490" endtime="20210706 15:32:48.491"/>
</kw>
<status status="PASS" starttime="20210706 15:32:47.780" endtime="20210706 15:32:48.491"/>
</kw>
<kw name="And User input into Email field with valid email" library="CommonUserDefineKeywords" sourcename="User input into ${emailField} field with valid email">
<doc>use for email input field in add new vessel form</doc>
<kw name="Set Variable" library="BuiltIn">
<var>${inputField}</var>
<arg>xpath://label[contains(text(), '${emailField}')]/following-sibling::div/input</arg>
<doc>Returns the given values which can then be assigned to a variables.</doc>
<msg timestamp="20210706 15:32:48.492" level="INFO">${inputField} = xpath://label[contains(text(), 'Email')]/following-sibling::div/input</msg>
<status status="PASS" starttime="20210706 15:32:48.492" endtime="20210706 15:32:48.492"/>
</kw>
<kw name="Set Valid Email Value" library="SetVariableKeywords">
<doc>return validEmail variable</doc>
<kw name="Evaluate" library="BuiltIn">
<var>${validDomain}</var>
<arg>random.choice($validDomain)</arg>
<arg>random</arg>
<doc>Evaluates the given expression in Python and returns the result.</doc>
<msg timestamp="20210706 15:32:48.497" level="INFO">${validDomain} = sparescnx.com</msg>
<status status="PASS" starttime="20210706 15:32:48.492" endtime="20210706 15:32:48.497"/>
</kw>
<kw name="Generate Random String" library="String">
<var>${randomString}</var>
<arg>8</arg>
<arg>[LETTERS][NUMBERS]</arg>
<doc>Generates a string with a desired ``length`` from the given ``chars``.</doc>
<msg timestamp="20210706 15:32:48.498" level="INFO">${randomString} = pxjhoecU</msg>
<status status="PASS" starttime="20210706 15:32:48.498" endtime="20210706 15:32:48.498"/>
</kw>
<kw name="Set Variable" library="BuiltIn">
<var>${validEmail}</var>
<arg>AutoTest_${randomString}@${validDomain}</arg>
<doc>Returns the given values which can then be assigned to a variables.</doc>
<msg timestamp="20210706 15:32:48.498" level="INFO">${validEmail} = AutoTest_pxjhoecU@sparescnx.com</msg>
<status status="PASS" starttime="20210706 15:32:48.498" endtime="20210706 15:32:48.498"/>
</kw>
<kw name="Set Suite Variable" library="BuiltIn">
<arg>${validEmail}</arg>
<doc>Makes a variable available everywhere within the scope of the current suite.</doc>
<msg timestamp="20210706 15:32:48.500" level="INFO">${validEmail} = AutoTest_pxjhoecU@sparescnx.com</msg>
<status status="PASS" starttime="20210706 15:32:48.499" endtime="20210706 15:32:48.500"/>
</kw>
<status status="PASS" starttime="20210706 15:32:48.492" endtime="20210706 15:32:48.501"/>
</kw>
<kw name="Input Text" library="SeleniumLibrary">
<arg>${inputField}</arg>
<arg>${validEmail}</arg>
<doc>Types the given ``text`` into the text field identified by ``locator``.</doc>
<msg timestamp="20210706 15:32:48.501" level="INFO">Typing text 'AutoTest_pxjhoecU@sparescnx.com' into text field 'xpath://label[contains(text(), 'Email')]/following-sibling::div/input'.</msg>
<status status="PASS" starttime="20210706 15:32:48.501" endtime="20210706 15:32:48.725"/>
</kw>
<status status="PASS" starttime="20210706 15:32:48.491" endtime="20210706 15:32:48.725"/>
</kw>
<kw name="And User click Submit button" library="CommonFunctions" sourcename="User click ${buttonName} button">
<kw name="Set Variable" library="BuiltIn">
<var>${buttonLocation}</var>
<arg>xpath://button[contains(.,'${buttonName}')]</arg>
<doc>Returns the given values which can then be assigned to a variables.</doc>
<msg timestamp="20210706 15:32:48.726" level="INFO">${buttonLocation} = xpath://button[contains(.,'Submit')]</msg>
<status status="PASS" starttime="20210706 15:32:48.726" endtime="20210706 15:32:48.726"/>
</kw>
<kw name="Wait for element visible" library="WaitKeywords">
<arg>${buttonLocation}</arg>
<kw name="Wait Until Element Is Visible" library="SeleniumLibrary">
<arg>${fieldLocation}</arg>
<arg>10s</arg>
<arg>Could not found this field Location after 3 times of retry</arg>
<doc>Waits until the element ``locator`` is visible.</doc>
<status status="PASS" starttime="20210706 15:32:48.727" endtime="20210706 15:32:48.765"/>
</kw>
<status status="PASS" starttime="20210706 15:32:48.726" endtime="20210706 15:32:48.766"/>
</kw>
<kw name="Wait Until Keyword Succeeds" library="BuiltIn">
<arg>30s</arg>
<arg>10s</arg>
<arg>click button</arg>
<arg>${buttonLocation}</arg>
<doc>Runs the specified keyword and retries if it fails.</doc>
<kw name="Click Button" library="SeleniumLibrary">
<arg>${buttonLocation}</arg>
<doc>Clicks the button identified by ``locator``.</doc>
<msg timestamp="20210706 15:32:48.768" level="INFO">Clicking button 'xpath://button[contains(.,'Submit')]'.</msg>
<status status="PASS" starttime="20210706 15:32:48.767" endtime="20210706 15:32:48.858"/>
</kw>
<status status="PASS" starttime="20210706 15:32:48.766" endtime="20210706 15:32:48.858"/>
</kw>
<status status="PASS" starttime="20210706 15:32:48.725" endtime="20210706 15:32:48.859"/>
</kw>
<kw name="And User click Confirm button" library="CommonFunctions" sourcename="User click ${buttonName} button">
<kw name="Set Variable" library="BuiltIn">
<var>${buttonLocation}</var>
<arg>xpath://button[contains(.,'${buttonName}')]</arg>
<doc>Returns the given values which can then be assigned to a variables.</doc>
<msg timestamp="20210706 15:32:48.863" level="INFO">${buttonLocation} = xpath://button[contains(.,'Confirm')]</msg>
<status status="PASS" starttime="20210706 15:32:48.862" endtime="20210706 15:32:48.863"/>
</kw>
<kw name="Wait for element visible" library="WaitKeywords">
<arg>${buttonLocation}</arg>
<kw name="Wait Until Element Is Visible" library="SeleniumLibrary">
<arg>${fieldLocation}</arg>
<arg>10s</arg>
<arg>Could not found this field Location after 3 times of retry</arg>
<doc>Waits until the element ``locator`` is visible.</doc>
<status status="PASS" starttime="20210706 15:32:48.864" endtime="20210706 15:32:48.905"/>
</kw>
<status status="PASS" starttime="20210706 15:32:48.863" endtime="20210706 15:32:48.906"/>
</kw>
<kw name="Wait Until Keyword Succeeds" library="BuiltIn">
<arg>30s</arg>
<arg>10s</arg>
<arg>click button</arg>
<arg>${buttonLocation}</arg>
<doc>Runs the specified keyword and retries if it fails.</doc>
<kw name="Click Button" library="SeleniumLibrary">
<arg>${buttonLocation}</arg>
<doc>Clicks the button identified by ``locator``.</doc>
<msg timestamp="20210706 15:32:48.906" level="INFO">Clicking button 'xpath://button[contains(.,'Confirm')]'.</msg>
<status status="PASS" starttime="20210706 15:32:48.906" endtime="20210706 15:32:49.063"/>
</kw>
<status status="PASS" starttime="20210706 15:32:48.906" endtime="20210706 15:32:49.063"/>
</kw>
<status status="PASS" starttime="20210706 15:32:48.860" endtime="20210706 15:32:49.063"/>
</kw>
<kw name="Then User will see the successfully popup as: &quot;Successfully created the vessel.&quot;" library="CommonUserDefineKeywords" sourcename="User will see the ${typeOfMesssage} popup as: &quot;${messageText}&quot;">
<kw name="Wait Until Element Is Visible" library="SeleniumLibrary">
<arg>${messagePopup}</arg>
<doc>Waits until the element ``locator`` is visible.</doc>
<status status="PASS" starttime="20210706 15:32:49.066" endtime="20210706 15:32:50.208"/>
</kw>
<kw name="Element Text Should Be" library="SeleniumLibrary">
<arg>${messagePopup}</arg>
<arg>${messageText}</arg>
<doc>Verifies that element ``locator`` contains exact the text ``expected``.</doc>
<msg timestamp="20210706 15:32:50.209" level="INFO">Verifying element 'xpath://*[@class='MuiAlert-message']' contains exact text 'Successfully created the vessel.'.</msg>
<status status="PASS" starttime="20210706 15:32:50.208" endtime="20210706 15:32:50.239"/>
</kw>
<status status="PASS" starttime="20210706 15:32:49.064" endtime="20210706 15:32:50.240"/>
</kw>
<status status="PASS" starttime="20210706 15:32:32.443" endtime="20210706 15:32:50.240"/>
</kw>
<kw name="Given User go to Vessel page" library="VesselUserDefineKeywords">
<kw name="User go to Ship Owner page" library="ShipOwnersUserDefineKeywords">
<kw name="Run Keyword And Return Status" library="BuiltIn">
<var>${status}</var>
<arg>wait until element is visible</arg>
<arg>xpath://button[contains(., 'Cancel')]</arg>
<arg>10s</arg>
<doc>Runs the given keyword with given arguments and returns the status as a Boolean value.</doc>
<kw name="Wait Until Element Is Visible" library="SeleniumLibrary">
<arg>xpath://button[contains(., 'Cancel')]</arg>
<arg>10s</arg>
<doc>Waits until the element ``locator`` is visible.</doc>
<kw name="Capture Page Screenshot" library="SeleniumLibrary">
<doc>Takes a screenshot of the current page and embeds it into a log file.</doc>
<msg timestamp="20210706 15:33:00.478" level="INFO" html="true">&lt;/td&gt;&lt;/tr&gt;&lt;tr&gt;&lt;td colspan="3"&gt;&lt;a href="selenium-screenshot-8.png"&gt;&lt;img src="selenium-screenshot-8.png" width="800px"&gt;&lt;/a&gt;</msg>
<status status="PASS" starttime="20210706 15:33:00.310" endtime="20210706 15:33:00.478"/>
</kw>
<msg timestamp="20210706 15:33:00.479" level="FAIL">Element 'xpath://button[contains(., 'Cancel')]' not visible after 10 seconds.</msg>
<status status="FAIL" starttime="20210706 15:32:50.241" endtime="20210706 15:33:00.479"/>
</kw>
<msg timestamp="20210706 15:33:00.480" level="INFO">${status} = False</msg>
<status status="PASS" starttime="20210706 15:32:50.241" endtime="20210706 15:33:00.480"/>
</kw>
<kw name="Run Keyword If" library="BuiltIn">
<arg>'${status}'=='True'</arg>
<arg>User click Cancel button</arg>
<doc>Runs the given keyword with the given arguments, if ``condition`` is true.</doc>
<status status="PASS" starttime="20210706 15:33:00.480" endtime="20210706 15:33:00.480"/>
</kw>
<kw name="Wait Until Element Is Visible" library="SeleniumLibrary">
<arg>${shipOwnersMenu}</arg>
<arg>10s</arg>
<doc>Waits until the element ``locator`` is visible.</doc>
<status status="PASS" starttime="20210706 15:33:00.481" endtime="20210706 15:33:00.514"/>
</kw>
<kw name="Click Element" library="SeleniumLibrary">
<arg>${shipOwnersMenu}</arg>
<doc>Click the element identified by ``locator``.</doc>
<msg timestamp="20210706 15:33:00.516" level="INFO">Clicking element 'xpath://div[@role='button' and contains(.,'Ship Owners')]'.</msg>
<status status="PASS" starttime="20210706 15:33:00.515" endtime="20210706 15:33:00.619"/>
</kw>
<kw name="Run Keyword And Return Status" library="BuiltIn">
<var>${passed}</var>
<arg>wait until page contains element</arg>
<arg>${itemInTable}</arg>
<arg>10s</arg>
<doc>Runs the given keyword with given arguments and returns the status as a Boolean value.</doc>
<kw name="Wait Until Page Contains Element" library="SeleniumLibrary">
<arg>${itemInTable}</arg>
<arg>10s</arg>
<doc>Waits until the element ``locator`` appears on the current page.</doc>
<status status="PASS" starttime="20210706 15:33:00.620" endtime="20210706 15:33:01.729"/>
</kw>
<msg timestamp="20210706 15:33:01.729" level="INFO">${passed} = True</msg>
<status status="PASS" starttime="20210706 15:33:00.619" endtime="20210706 15:33:01.729"/>
</kw>
<kw name="Run Keyword Unless" library="BuiltIn">
<arg>${passed}</arg>
<arg>fail</arg>
<arg>The list of ship owners could not shown after 10s waiting</arg>
<doc>Runs the given keyword with the given arguments if ``condition`` is false.</doc>
<status status="PASS" starttime="20210706 15:33:01.729" endtime="20210706 15:33:01.729"/>
</kw>
<kw name="Get Text" library="SeleniumLibrary">
<var>${totalItem}</var>
<arg>${itemInTable}</arg>
<doc>Returns the text value of the element identified by ``locator``.</doc>
<msg timestamp="20210706 15:33:01.750" level="INFO">${totalItem} = 1-2 of 2</msg>
<status status="PASS" starttime="20210706 15:33:01.729" endtime="20210706 15:33:01.751"/>
</kw>
<kw name="Run Keyword Unless" library="BuiltIn">
<arg>'${totalItem}'== '0-0 of 0'</arg>
<arg>click element</arg>
<arg>${firstItemOfTable}</arg>
<doc>Runs the given keyword with the given arguments if ``condition`` is false.</doc>
<kw name="Click Element" library="SeleniumLibrary">
<arg>${firstItemOfTable}</arg>
<doc>Click the element identified by ``locator``.</doc>
<msg timestamp="20210706 15:33:01.751" level="INFO">Clicking element 'xpath://table[@role='grid']/tbody/tr/td[1]'.</msg>
<status status="PASS" starttime="20210706 15:33:01.751" endtime="20210706 15:33:01.858"/>
</kw>
<status status="PASS" starttime="20210706 15:33:01.751" endtime="20210706 15:33:01.859"/>
</kw>
<status status="PASS" starttime="20210706 15:32:50.241" endtime="20210706 15:33:01.860"/>
</kw>
<kw name="User clicks on the menu &quot;VESSELS&quot;" library="ShipOwnersUserDefineKeywords" sourcename="User clicks on the menu &quot;${menuTabName}&quot;">
<kw name="Wait Until Page Contains Element" library="SeleniumLibrary">
<arg>${vesselMenu}</arg>
<arg>20s</arg>
<doc>Waits until the element ``locator`` appears on the current page.</doc>
<status status="PASS" starttime="20210706 15:33:01.862" endtime="20210706 15:33:02.317"/>
</kw>
<kw name="Get Variable Value" library="BuiltIn">
<var>${menuName}</var>
<arg>${menuTabName}</arg>
<doc>Returns variable value or ``default`` if the variable does not exist.</doc>
<msg timestamp="20210706 15:33:02.318" level="INFO">${menuName} = VESSELS</msg>
<status status="PASS" starttime="20210706 15:33:02.317" endtime="20210706 15:33:02.318"/>
</kw>
<kw name="Run Keyword If" library="BuiltIn">
<arg>'${menuName}'=='VESSELS'</arg>
<arg>Click tab button</arg>
<arg>${menuName}</arg>
<arg>ELSE IF</arg>
<arg>'${menuName}'=='INFO'</arg>
<arg>Click tab button</arg>
<arg>${menuName}</arg>
<arg>ELSE IF</arg>
<arg>'${menuName}'=='VESSEL CLASSES'</arg>
<arg>Click tab button</arg>
<arg>${menuName}</arg>
<arg>ELSE IF</arg>
<arg>'${menuName}'=='SETTINGS'</arg>
<arg>Click tab button</arg>
<arg>${menuName}</arg>
<arg>ELSE</arg>
<arg>fail</arg>
<arg>Incorrect tab menu</arg>
<arg>[Return]</arg>
<doc>Runs the given keyword with the given arguments, if ``condition`` is true.</doc>
<kw name="Click tab button" library="ShipOwnersPage">
<arg>${menuName}</arg>
<kw name="Set Variable" library="BuiltIn">
<var>${menuButton}</var>
<arg>xpath://button[contains(., '${menuButtonName}')]</arg>
<doc>Returns the given values which can then be assigned to a variables.</doc>
<msg timestamp="20210706 15:33:02.320" level="INFO">${menuButton} = xpath://button[contains(., 'VESSELS')]</msg>
<status status="PASS" starttime="20210706 15:33:02.319" endtime="20210706 15:33:02.320"/>
</kw>
<kw name="Wait Until Element Is Visible" library="SeleniumLibrary">
<arg>${menuButton}</arg>
<arg>10s</arg>
<arg>${menuButtonName} is not visibale after 10s</arg>
<doc>Waits until the element ``locator`` is visible.</doc>
<status status="PASS" starttime="20210706 15:33:02.320" endtime="20210706 15:33:02.346"/>
</kw>
<kw name="Click Button" library="SeleniumLibrary">
<arg>${menuButton}</arg>
<doc>Clicks the button identified by ``locator``.</doc>
<msg timestamp="20210706 15:33:02.347" level="INFO">Clicking button 'xpath://button[contains(., 'VESSELS')]'.</msg>
<status status="PASS" starttime="20210706 15:33:02.346" endtime="20210706 15:33:02.517"/>
</kw>
<status status="PASS" starttime="20210706 15:33:02.318" endtime="20210706 15:33:02.517"/>
</kw>
<status status="PASS" starttime="20210706 15:33:02.318" endtime="20210706 15:33:02.517"/>
</kw>
<status status="PASS" starttime="20210706 15:33:01.860" endtime="20210706 15:33:02.517"/>
</kw>
<status status="PASS" starttime="20210706 15:32:50.240" endtime="20210706 15:33:02.517"/>
</kw>
<kw name="And User search with imo Number as: ${imoNo}" library="VesselUserDefineKeywords" sourcename="User search with imo Number as: ${inputData}">
<kw name="Wait for element visible" library="WaitKeywords">
<arg>${searchButton}</arg>
<kw name="Wait Until Element Is Visible" library="SeleniumLibrary">
<arg>${fieldLocation}</arg>
<arg>10s</arg>
<arg>Could not found this field Location after 3 times of retry</arg>
<doc>Waits until the element ``locator`` is visible.</doc>
<status status="PASS" starttime="20210706 15:33:02.519" endtime="20210706 15:33:03.218"/>
</kw>
<status status="PASS" starttime="20210706 15:33:02.518" endtime="20210706 15:33:03.219"/>
</kw>
<kw name="Click Button" library="SeleniumLibrary">
<arg>${searchButton}</arg>
<doc>Clicks the button identified by ``locator``.</doc>
<msg timestamp="20210706 15:33:03.219" level="INFO">Clicking button 'xpath://button[@title='Search']'.</msg>
<status status="PASS" starttime="20210706 15:33:03.219" endtime="20210706 15:33:03.309"/>
</kw>
<kw name="Input Text" library="SeleniumLibrary">
<arg>${searchTextBox}</arg>
<arg>${inputData}</arg>
<doc>Types the given ``text`` into the text field identified by ``locator``.</doc>
<msg timestamp="20210706 15:33:03.311" level="INFO">Typing text '38889341' into text field 'xpath://input[@aria-label='Search']'.</msg>
<status status="PASS" starttime="20210706 15:33:03.310" endtime="20210706 15:33:03.634"/>
</kw>
<status status="PASS" starttime="20210706 15:33:02.517" endtime="20210706 15:33:03.634"/>
</kw>
<kw name="When User click on this vessel to open Edit form" library="VesselUserDefineKeywords">
<kw name="Click Element" library="SeleniumLibrary">
<arg>${firstRowItem}</arg>
<doc>Click the element identified by ``locator``.</doc>
<msg timestamp="20210706 15:33:03.637" level="INFO">Clicking element 'xpath://tbody/tr[1]'.</msg>
<status status="PASS" starttime="20210706 15:33:03.636" endtime="20210706 15:33:03.729"/>
</kw>
<kw name="Wait Until Element Is Not Visible" library="SeleniumLibrary">
<arg>${firstRowItem}</arg>
<arg>10s</arg>
<doc>Waits until the element ``locator`` is not visible.</doc>
<status status="PASS" starttime="20210706 15:33:03.730" endtime="20210706 15:33:03.741"/>
</kw>
<status status="PASS" starttime="20210706 15:33:03.634" endtime="20210706 15:33:03.741"/>
</kw>
<kw name="And User edit Transformation Date value: current date" library="EditVesselDefineKeywords" sourcename="User edit Transformation Date value: ${transformationDateValue}">
<kw name="User click Edit button" library="CommonFunctions" sourcename="User click ${buttonName} button">
<kw name="Set Variable" library="BuiltIn">
<var>${buttonLocation}</var>
<arg>xpath://button[contains(.,'${buttonName}')]</arg>
<doc>Returns the given values which can then be assigned to a variables.</doc>
<msg timestamp="20210706 15:33:03.744" level="INFO">${buttonLocation} = xpath://button[contains(.,'Edit')]</msg>
<status status="PASS" starttime="20210706 15:33:03.743" endtime="20210706 15:33:03.744"/>
</kw>
<kw name="Wait for element visible" library="WaitKeywords">
<arg>${buttonLocation}</arg>
<kw name="Wait Until Element Is Visible" library="SeleniumLibrary">
<arg>${fieldLocation}</arg>
<arg>10s</arg>
<arg>Could not found this field Location after 3 times of retry</arg>
<doc>Waits until the element ``locator`` is visible.</doc>
<status status="PASS" starttime="20210706 15:33:03.745" endtime="20210706 15:33:05.078"/>
</kw>
<status status="PASS" starttime="20210706 15:33:03.744" endtime="20210706 15:33:05.078"/>
</kw>
<kw name="Wait Until Keyword Succeeds" library="BuiltIn">
<arg>30s</arg>
<arg>10s</arg>
<arg>click button</arg>
<arg>${buttonLocation}</arg>
<doc>Runs the specified keyword and retries if it fails.</doc>
<kw name="Click Button" library="SeleniumLibrary">
<arg>${buttonLocation}</arg>
<doc>Clicks the button identified by ``locator``.</doc>
<msg timestamp="20210706 15:33:05.079" level="INFO">Clicking button 'xpath://button[contains(.,'Edit')]'.</msg>
<status status="PASS" starttime="20210706 15:33:05.079" endtime="20210706 15:33:05.192"/>
</kw>
<status status="PASS" starttime="20210706 15:33:05.078" endtime="20210706 15:33:05.193"/>
</kw>
<status status="PASS" starttime="20210706 15:33:03.742" endtime="20210706 15:33:05.193"/>
</kw>
<kw name="User select the current date for Transformation Start Date" library="VesselUserDefineKeywords" sourcename="User select the ${periodTime} date for Transformation Start Date">
<kw name="User click dropdown list: Transformation Start Date" library="CommonUserDefineKeywords" sourcename="User click dropdown list: ${dropdownListName}">
<kw name="Set Variable" library="BuiltIn">
<var>${dropdownListLocation}</var>
<arg>xpath://form/div[contains(.,'${dropdownListName}')]/child::div</arg>
<doc>Returns the given values which can then be assigned to a variables.</doc>
<msg timestamp="20210706 15:33:05.195" level="INFO">${dropdownListLocation} = xpath://form/div[contains(.,'Transformation Start Date')]/child::div</msg>
<status status="PASS" starttime="20210706 15:33:05.194" endtime="20210706 15:33:05.195"/>
</kw>
<kw name="Click Element" library="SeleniumLibrary">
<arg>${dropdownListLocation}</arg>
<doc>Click the element identified by ``locator``.</doc>
<msg timestamp="20210706 15:33:05.198" level="INFO">Clicking element 'xpath://form/div[contains(.,'Transformation Start Date')]/child::div'.</msg>
<status status="PASS" starttime="20210706 15:33:05.197" endtime="20210706 15:33:05.331"/>
</kw>
<status status="PASS" starttime="20210706 15:33:05.193" endtime="20210706 15:33:05.331"/>
</kw>
<kw name="Get Current Date" library="DateTime">
<var>${currentDateTime}</var>
<arg>result_format=%m%d</arg>
<doc>Returns current local or UTC time with an optional increment.</doc>
<msg timestamp="20210706 15:33:05.334" level="INFO">${currentDateTime} = 0706</msg>
<status status="PASS" starttime="20210706 15:33:05.332" endtime="20210706 15:33:05.334"/>
</kw>
<kw name="Get Current Date" library="DateTime">
<var>${currentMonth}</var>
<arg>result_format=%m</arg>
<doc>Returns current local or UTC time with an optional increment.</doc>
<msg timestamp="20210706 15:33:05.336" level="INFO">${currentMonth} = 07</msg>
<status status="PASS" starttime="20210706 15:33:05.335" endtime="20210706 15:33:05.336"/>
</kw>
<kw name="Get Current Date" library="DateTime">
<var>${currentDate}</var>
<arg>result_format=%d</arg>
<doc>Returns current local or UTC time with an optional increment.</doc>
<msg timestamp="20210706 15:33:05.338" level="INFO">${currentDate} = 06</msg>
<status status="PASS" starttime="20210706 15:33:05.337" endtime="20210706 15:33:05.338"/>
</kw>
<kw name="Convert To Integer" library="BuiltIn">
<var>${currentDate}</var>
<arg>${currentDate}</arg>
<doc>Converts the given item to an integer number.</doc>
<msg timestamp="20210706 15:33:05.342" level="INFO">${currentDate} = 6</msg>
<status status="PASS" starttime="20210706 15:33:05.339" endtime="20210706 15:33:05.342"/>
</kw>
<kw name="Convert To Integer" library="BuiltIn">
<var>${currentMonth}</var>
<arg>${currentMonth}</arg>
<doc>Converts the given item to an integer number.</doc>
<msg timestamp="20210706 15:33:05.344" level="INFO">${currentMonth} = 7</msg>
<status status="PASS" starttime="20210706 15:33:05.343" endtime="20210706 15:33:05.344"/>
</kw>
<kw name="Run Keyword If" library="BuiltIn">
<arg>${currentDate}==1</arg>
<arg>Select date based on first date in the month</arg>
<arg>${periodTime}</arg>
<arg>${currentDate}</arg>
<arg>ELSE IF</arg>
<arg>${currentDate}==28 and ${currentMonth}==2</arg>
<arg>Select date based on last date in the month</arg>
<arg>${periodTime}</arg>
<arg>${currentDate}</arg>
<arg>ELSE IF</arg>
<arg>${currentDate}==30</arg>
<arg>Select date based on last date in the month</arg>
<arg>${periodTime}</arg>
<arg>${currentDate}</arg>
<arg>ELSE</arg>
<arg>Select date based on normal date is in the month</arg>
<arg>${periodTime}</arg>
<arg>${currentDate}</arg>
<doc>Runs the given keyword with the given arguments, if ``condition`` is true.</doc>
<kw name="Select date based on normal date is in the month" library="ShipOwnersPage">
<arg>${periodTime}</arg>
<arg>${currentDate}</arg>
<kw name="Evaluate" library="BuiltIn">
<var>${pastDate}</var>
<arg>${currentDate}-1</arg>
<doc>Evaluates the given expression in Python and returns the result.</doc>
<msg timestamp="20210706 15:33:05.349" level="INFO">${pastDate} = 5</msg>
<status status="PASS" starttime="20210706 15:33:05.349" endtime="20210706 15:33:05.350"/>
</kw>
<kw name="Evaluate" library="BuiltIn">
<var>${futureDate}</var>
<arg>${currentDate}+1</arg>
<doc>Evaluates the given expression in Python and returns the result.</doc>
<msg timestamp="20210706 15:33:05.352" level="INFO">${futureDate} = 7</msg>
<status status="PASS" starttime="20210706 15:33:05.350" endtime="20210706 15:33:05.352"/>
</kw>
<kw name="Run Keyword If" library="BuiltIn">
<arg>'${selectedDate}'=='past'</arg>
<arg>click button</arg>
<arg>xpath://*[text()='${pastDate}']/ancestor::button[@class='rdrDay']</arg>
<arg>ELSE IF</arg>
<arg>'${selectedDate}'=='future'</arg>
<arg>click button</arg>
<arg>xpath://*[text()='${futureDate}']/ancestor::button[@class='rdrDay']</arg>
<arg>ELSE IF</arg>
<arg>'${selectedDate}'=='current'</arg>
<arg>click button</arg>
<arg>xpath://span[text()='${currentDate}']/ancestor::button</arg>
<arg>ELSE</arg>
<arg>fail</arg>
<arg>Date is not invalid value. Should select past, current or future date only</arg>
<doc>Runs the given keyword with the given arguments, if ``condition`` is true.</doc>
<kw name="Click Button" library="SeleniumLibrary">
<arg>xpath://span[text()='${currentDate}']/ancestor::button</arg>
<doc>Clicks the button identified by ``locator``.</doc>
<msg timestamp="20210706 15:33:05.360" level="INFO">Clicking button 'xpath://span[text()='6']/ancestor::button'.</msg>
<status status="PASS" starttime="20210706 15:33:05.358" endtime="20210706 15:33:05.566"/>
</kw>
<status status="PASS" starttime="20210706 15:33:05.353" endtime="20210706 15:33:05.566"/>
</kw>
<status status="PASS" starttime="20210706 15:33:05.348" endtime="20210706 15:33:05.566"/>
</kw>
<status status="PASS" starttime="20210706 15:33:05.345" endtime="20210706 15:33:05.566"/>
</kw>
<kw name="Get Text" library="SeleniumLibrary">
<var>${currentDate}</var>
<arg>${transformationStartDateInput}</arg>
<doc>Returns the text value of the element identified by ``locator``.</doc>
<msg timestamp="20210706 15:33:05.616" level="INFO">${currentDate} = </msg>
<status status="PASS" starttime="20210706 15:33:05.567" endtime="20210706 15:33:05.616"/>
</kw>
<kw name="Set Suite Variable" library="BuiltIn">
<arg>${currentDate}</arg>
<doc>Makes a variable available everywhere within the scope of the current suite.</doc>
<msg timestamp="20210706 15:33:05.617" level="INFO">${currentDate} = </msg>
<status status="PASS" starttime="20210706 15:33:05.616" endtime="20210706 15:33:05.617"/>
</kw>
<status status="PASS" starttime="20210706 15:33:05.193" endtime="20210706 15:33:05.618"/>
</kw>
<kw name="User click Submit button" library="CommonFunctions" sourcename="User click ${buttonName} button">
<kw name="Set Variable" library="BuiltIn">
<var>${buttonLocation}</var>
<arg>xpath://button[contains(.,'${buttonName}')]</arg>
<doc>Returns the given values which can then be assigned to a variables.</doc>
<msg timestamp="20210706 15:33:05.622" level="INFO">${buttonLocation} = xpath://button[contains(.,'Submit')]</msg>
<status status="PASS" starttime="20210706 15:33:05.621" endtime="20210706 15:33:05.622"/>
</kw>
<kw name="Wait for element visible" library="WaitKeywords">
<arg>${buttonLocation}</arg>
<kw name="Wait Until Element Is Visible" library="SeleniumLibrary">
<arg>${fieldLocation}</arg>
<arg>10s</arg>
<arg>Could not found this field Location after 3 times of retry</arg>
<doc>Waits until the element ``locator`` is visible.</doc>
<status status="PASS" starttime="20210706 15:33:05.624" endtime="20210706 15:33:05.680"/>
</kw>
<status status="PASS" starttime="20210706 15:33:05.623" endtime="20210706 15:33:05.681"/>
</kw>
<kw name="Wait Until Keyword Succeeds" library="BuiltIn">
<arg>30s</arg>
<arg>10s</arg>
<arg>click button</arg>
<arg>${buttonLocation}</arg>
<doc>Runs the specified keyword and retries if it fails.</doc>
<kw name="Click Button" library="SeleniumLibrary">
<arg>${buttonLocation}</arg>
<doc>Clicks the button identified by ``locator``.</doc>
<msg timestamp="20210706 15:33:05.681" level="INFO">Clicking button 'xpath://button[contains(.,'Submit')]'.</msg>
<status status="PASS" starttime="20210706 15:33:05.681" endtime="20210706 15:33:05.907"/>
</kw>
<status status="PASS" starttime="20210706 15:33:05.681" endtime="20210706 15:33:05.907"/>
</kw>
<status status="PASS" starttime="20210706 15:33:05.619" endtime="20210706 15:33:05.907"/>
</kw>
<kw name="User click Confirm button" library="CommonFunctions" sourcename="User click ${buttonName} button">
<kw name="Set Variable" library="BuiltIn">
<var>${buttonLocation}</var>
<arg>xpath://button[contains(.,'${buttonName}')]</arg>
<doc>Returns the given values which can then be assigned to a variables.</doc>
<msg timestamp="20210706 15:33:05.912" level="INFO">${buttonLocation} = xpath://button[contains(.,'Confirm')]</msg>
<status status="PASS" starttime="20210706 15:33:05.910" endtime="20210706 15:33:05.912"/>
</kw>
<kw name="Wait for element visible" library="WaitKeywords">
<arg>${buttonLocation}</arg>
<kw name="Wait Until Element Is Visible" library="SeleniumLibrary">
<arg>${fieldLocation}</arg>
<arg>10s</arg>
<arg>Could not found this field Location after 3 times of retry</arg>
<doc>Waits until the element ``locator`` is visible.</doc>
<status status="PASS" starttime="20210706 15:33:05.913" endtime="20210706 15:33:05.954"/>
</kw>
<status status="PASS" starttime="20210706 15:33:05.912" endtime="20210706 15:33:05.954"/>
</kw>
<kw name="Wait Until Keyword Succeeds" library="BuiltIn">
<arg>30s</arg>
<arg>10s</arg>
<arg>click button</arg>
<arg>${buttonLocation}</arg>
<doc>Runs the specified keyword and retries if it fails.</doc>
<kw name="Click Button" library="SeleniumLibrary">
<arg>${buttonLocation}</arg>
<doc>Clicks the button identified by ``locator``.</doc>
<msg timestamp="20210706 15:33:05.956" level="INFO">Clicking button 'xpath://button[contains(.,'Confirm')]'.</msg>
<status status="PASS" starttime="20210706 15:33:05.956" endtime="20210706 15:33:06.069"/>
</kw>
<status status="PASS" starttime="20210706 15:33:05.955" endtime="20210706 15:33:06.070"/>
</kw>
<status status="PASS" starttime="20210706 15:33:05.907" endtime="20210706 15:33:06.073"/>
</kw>
<status status="PASS" starttime="20210706 15:33:03.741" endtime="20210706 15:33:06.074"/>
</kw>
<kw name="Then Vessel is updated with new Transformation date successfully" library="EditVesselDefineKeywords">
<arg>${currentDate}</arg>
<kw name="Show success message" library="VesselPage">
<arg>Vessel successfully updated.</arg>
<kw name="Wait for element visible" library="WaitKeywords">
<arg>${successPopup}</arg>
<kw name="Wait Until Element Is Visible" library="SeleniumLibrary">
<arg>${fieldLocation}</arg>
<arg>10s</arg>
<arg>Could not found this field Location after 3 times of retry</arg>
<doc>Waits until the element ``locator`` is visible.</doc>
<status status="PASS" starttime="20210706 15:33:06.083" endtime="20210706 15:33:07.284"/>
</kw>
<status status="PASS" starttime="20210706 15:33:06.080" endtime="20210706 15:33:07.285"/>
</kw>
<kw name="Element Text Should Be" library="SeleniumLibrary">
<arg>${successPopup}</arg>
<arg>${message}</arg>
<doc>Verifies that element ``locator`` contains exact the text ``expected``.</doc>
<msg timestamp="20210706 15:33:07.286" level="INFO">Verifying element 'xpath://*[@class='MuiAlert-message']' contains exact text 'Vessel successfully updated.'.</msg>
<status status="PASS" starttime="20210706 15:33:07.285" endtime="20210706 15:33:07.315"/>
</kw>
<status status="PASS" starttime="20210706 15:33:06.079" endtime="20210706 15:33:07.316"/>
</kw>
<kw name="Verify that Transformation Date is updated with new value successfully" library="VesselPage">
<arg>${transformationStartDate}</arg>
<doc>email should be the edited value before</doc>
<kw name="Element Should Contain" library="SeleniumLibrary">
<arg>${transformationStartDateValue}</arg>
<arg>${transformationStartDate}</arg>
<doc>Verifies that element ``locator`` contains text ``expected``.</doc>
<msg timestamp="20210706 15:33:07.348" level="INFO">Element 'xpath://*[contains(text(), 'Transformation Start Date')]/following-sibling::p[1]' contains text ''.</msg>
<status status="PASS" starttime="20210706 15:33:07.318" endtime="20210706 15:33:07.349"/>
</kw>
<status status="PASS" starttime="20210706 15:33:07.317" endtime="20210706 15:33:07.350"/>
</kw>
<status status="PASS" starttime="20210706 15:33:06.076" endtime="20210706 15:33:07.350"/>
</kw>
<status status="PASS" starttime="20210706 15:32:32.442" endtime="20210706 15:33:07.351"/>
</kw>
<msg timestamp="20210706 15:33:07.352" level="INFO">${testCaseStatus} = True</msg>
<status status="PASS" starttime="20210706 15:32:32.441" endtime="20210706 15:33:07.352"/>
</kw>
<kw name="Run Keyword If" library="BuiltIn">
<arg>'${testCaseStatus}'=='False'</arg>
<arg>RUN KEYWORD</arg>
<arg>${testCaseName}</arg>
<doc>Runs the given keyword with the given arguments, if ``condition`` is true.</doc>
<status status="PASS" starttime="20210706 15:33:07.353" endtime="20210706 15:33:07.356"/>
</kw>
<status status="PASS" starttime="20210706 15:32:32.439" endtime="20210706 15:33:07.357"/>
</kw>
<kw name="End TestCase" library="CommonFunctions" type="TEARDOWN">
<kw name="Close Browser" library="SeleniumLibrary">
<doc>Closes the current browser.</doc>
<status status="PASS" starttime="20210706 15:33:07.360" endtime="20210706 15:33:09.626"/>
</kw>
<status status="PASS" starttime="20210706 15:33:07.359" endtime="20210706 15:33:09.626"/>
</kw>
<status status="PASS" starttime="20210706 15:32:21.858" endtime="20210706 15:33:09.627"/>
</test>
<status status="PASS" starttime="20210706 15:32:21.260" endtime="20210706 15:33:09.633"/>
</suite>
<status status="PASS" starttime="20210706 15:32:21.255" endtime="20210706 15:33:09.639"/>
</suite>
<status status="PASS" starttime="20210706 15:32:21.250" endtime="20210706 15:33:09.643"/>
</suite>
<status status="PASS" starttime="20210706 15:32:21.246" endtime="20210706 15:33:09.647"/>
</suite>
<status status="PASS" starttime="20210706 15:32:21.206" endtime="20210706 15:33:09.656"/>
</suite>
<statistics>
<total>
<stat pass="1" fail="0" skip="0">All Tests</stat>
</total>
<tag>
</tag>
<suite>
<stat pass="1" fail="0" skip="0" id="s1" name="Auto-AdminPortal">Auto-AdminPortal</stat>
<stat pass="1" fail="0" skip="0" id="s1-s1" name="Tests">Auto-AdminPortal.Tests</stat>
<stat pass="1" fail="0" skip="0" id="s1-s1-s1" name="FunctionalTests">Auto-AdminPortal.Tests.FunctionalTests</stat>
<stat pass="1" fail="0" skip="0" id="s1-s1-s1-s1" name="ShipOwnersMenu">Auto-AdminPortal.Tests.FunctionalTests.ShipOwnersMenu</stat>
<stat pass="1" fail="0" skip="0" id="s1-s1-s1-s1-s1" name="EditVessel">Auto-AdminPortal.Tests.FunctionalTests.ShipOwnersMenu.EditVessel</stat>
</suite>
</statistics>
<errors>
</errors>
</robot>
