<?xml version="1.0" encoding="UTF-8"?>
<robot generator="Robot 4.0.1 (Python 3.8.5 on win32)" generated="20210421 18:01:03.748" rpa="false" schemaversion="2">
<suite id="s1" name="Auto-AdminPortal" source="C:\Users\User\Documents\GitHub\Auto-AdminPortal">
<suite id="s1-s1" name="Tests" source="C:\Users\User\Documents\GitHub\Auto-AdminPortal\Tests">
<suite id="s1-s1-s1" name="FunctionalTests" source="C:\Users\User\Documents\GitHub\Auto-AdminPortal\Tests\FunctionalTests">
<suite id="s1-s1-s1-s1" name="ShipOwnersMenu" source="C:\Users\User\Documents\GitHub\Auto-AdminPortal\Tests\FunctionalTests\ShipOwnersMenu">
<suite id="s1-s1-s1-s1-s1" name="EditVessel" source="C:\Users\User\Documents\GitHub\Auto-AdminPortal\Tests\FunctionalTests\ShipOwnersMenu\EditVessel.robot">
<test id="s1-s1-s1-s1-s1-t1" name="Verify Edit Vessel form">
<kw name="Start TestCase With Login" library="CommonFunctions" type="SETUP">
<kw name="Start TestCase" library="CommonFunctions">
<kw name="Open Browser" library="SeleniumLibrary">
<arg>${url.${env}}</arg>
<arg>${browser}</arg>
<arg>executable_path=${executable_path}</arg>
<doc>Opens a new browser instance to the optional ``url``.</doc>
<msg timestamp="20210421 18:01:04.267" level="INFO">Opening browser 'chrome' to base url 'https://admin-mp.dev.sparescnx.com/'.</msg>
<status status="PASS" starttime="20210421 18:01:04.265" endtime="20210421 18:01:08.289"/>
</kw>
<kw name="Maximize Browser Window" library="SeleniumLibrary">
<doc>Maximizes current browser window.</doc>
<status status="PASS" starttime="20210421 18:01:08.290" endtime="20210421 18:01:08.436"/>
</kw>
<status status="PASS" starttime="20210421 18:01:04.264" endtime="20210421 18:01:08.437"/>
</kw>
<kw name="Login to Admin Portal Successfully" library="LoginPage">
<arg>${username.user1}</arg>
<arg>${password}</arg>
<kw name="Input Password" library="SeleniumLibrary">
<arg>${userNameField}</arg>
<arg>${username}</arg>
<doc>Types the given password into the text field identified by ``locator``.</doc>
<msg timestamp="20210421 18:01:08.439" level="INFO">Typing password into text field 'xpath://*[@id='username']'.</msg>
<msg timestamp="20210421 18:01:08.525" level="INFO">Temporally setting log level to: NONE</msg>
<msg timestamp="20210421 18:01:08.702" level="INFO">Log level changed from NONE to INFO.</msg>
<status status="PASS" starttime="20210421 18:01:08.439" endtime="20210421 18:01:08.702"/>
</kw>
<kw name="Input Password" library="SeleniumLibrary">
<arg>${passwordField}</arg>
<arg>${password}</arg>
<arg>clear: True</arg>
<doc>Types the given password into the text field identified by ``locator``.</doc>
<msg timestamp="20210421 18:01:08.703" level="INFO">Typing password into text field 'xpath://*[@id='password']'.</msg>
<msg timestamp="20210421 18:01:08.743" level="INFO">Temporally setting log level to: NONE</msg>
<msg timestamp="20210421 18:01:08.818" level="INFO">Log level changed from NONE to INFO.</msg>
<status status="PASS" starttime="20210421 18:01:08.702" endtime="20210421 18:01:08.818"/>
</kw>
<kw name="Press Keys" library="SeleniumLibrary">
<arg>${signInbutton}</arg>
<arg>RETURN</arg>
<doc>Simulates the user pressing key(s) to an element or on the active browser.</doc>
<msg timestamp="20210421 18:01:08.819" level="INFO">Sending key(s) ('RETURN',) to xpath://*[@id='password']/ancestor::div[2]/following-sibling::button element.</msg>
<msg timestamp="20210421 18:01:14.135" level="INFO">Pressing special key RETURN to element.</msg>
<msg timestamp="20210421 18:01:14.135" level="INFO">Releasing special key RETURN.</msg>
<status status="PASS" starttime="20210421 18:01:08.818" endtime="20210421 18:01:14.162"/>
</kw>
<status status="PASS" starttime="20210421 18:01:08.437" endtime="20210421 18:01:14.162"/>
</kw>
<kw name="Run Keyword And Return Status" library="BuiltIn">
<var>${status}</var>
<arg>wait until element is not visible</arg>
<arg>${signInbutton}</arg>
<doc>Runs the given keyword with given arguments and returns the status as a Boolean value.</doc>
<kw name="Wait Until Element Is Not Visible" library="SeleniumLibrary">
<arg>${signInbutton}</arg>
<doc>Waits until the element ``locator`` is not visible.</doc>
<status status="PASS" starttime="20210421 18:01:14.163" endtime="20210421 18:01:15.114"/>
</kw>
<msg timestamp="20210421 18:01:15.114" level="INFO">${status} = True</msg>
<status status="PASS" starttime="20210421 18:01:14.162" endtime="20210421 18:01:15.114"/>
</kw>
<kw name="Run Keyword Unless" library="BuiltIn">
<arg>${status}</arg>
<arg>fail</arg>
<arg>Login failed. Setup for test could not established</arg>
<doc>Runs the given keyword with the given arguments if ``condition`` is false.</doc>
<status status="PASS" starttime="20210421 18:01:15.115" endtime="20210421 18:01:15.115"/>
</kw>
<status status="PASS" starttime="20210421 18:01:04.264" endtime="20210421 18:01:15.115"/>
</kw>
<kw name="Given User go to Vessel tab then open Edit form" library="VesselUserDefineKeywords">
<kw name="User go to Ship Owner page" library="ShipOwnersUserDefineKeywords">
<kw name="Wait Until Element Is Visible" library="SeleniumLibrary">
<arg>${shipOwnersMenu}</arg>
<arg>10s</arg>
<doc>Waits until the element ``locator`` is visible.</doc>
<status status="PASS" starttime="20210421 18:01:15.117" endtime="20210421 18:01:15.370"/>
</kw>
<kw name="Click Element" library="SeleniumLibrary">
<arg>${shipOwnersMenu}</arg>
<doc>Click the element identified by ``locator``.</doc>
<msg timestamp="20210421 18:01:15.371" level="INFO">Clicking element 'xpath://div[@role='button' and contains(.,'Ship Owners')]'.</msg>
<status status="PASS" starttime="20210421 18:01:15.370" endtime="20210421 18:01:15.437"/>
</kw>
<kw name="Run Keyword And Return Status" library="BuiltIn">
<var>${passed}</var>
<arg>wait until page contains element</arg>
<arg>${itemInTable}</arg>
<arg>10s</arg>
<doc>Runs the given keyword with given arguments and returns the status as a Boolean value.</doc>
<kw name="Wait Until Page Contains Element" library="SeleniumLibrary">
<arg>${itemInTable}</arg>
<arg>10s</arg>
<doc>Waits until the element ``locator`` appears on the current page.</doc>
<status status="PASS" starttime="20210421 18:01:15.437" endtime="20210421 18:01:16.320"/>
</kw>
<msg timestamp="20210421 18:01:16.320" level="INFO">${passed} = True</msg>
<status status="PASS" starttime="20210421 18:01:15.437" endtime="20210421 18:01:16.320"/>
</kw>
<kw name="Run Keyword Unless" library="BuiltIn">
<arg>${passed}</arg>
<arg>fail</arg>
<arg>The list of ship owners could not shown after 10s waiting</arg>
<doc>Runs the given keyword with the given arguments if ``condition`` is false.</doc>
<status status="PASS" starttime="20210421 18:01:16.320" endtime="20210421 18:01:16.321"/>
</kw>
<kw name="Get Text" library="SeleniumLibrary">
<var>${totalItem}</var>
<arg>${itemInTable}</arg>
<doc>Returns the text value of the element identified by ``locator``.</doc>
<msg timestamp="20210421 18:01:16.358" level="INFO">${totalItem} = 1-1 of 1</msg>
<status status="PASS" starttime="20210421 18:01:16.321" endtime="20210421 18:01:16.358"/>
</kw>
<kw name="Run Keyword Unless" library="BuiltIn">
<arg>'${totalItem}'== '0-0 of 0'</arg>
<arg>click element</arg>
<arg>${firstItemOfTable}</arg>
<doc>Runs the given keyword with the given arguments if ``condition`` is false.</doc>
<kw name="Click Element" library="SeleniumLibrary">
<arg>${firstItemOfTable}</arg>
<doc>Click the element identified by ``locator``.</doc>
<msg timestamp="20210421 18:01:16.359" level="INFO">Clicking element 'xpath://table[@role='grid']/tbody/tr/td[1]'.</msg>
<status status="PASS" starttime="20210421 18:01:16.359" endtime="20210421 18:01:16.428"/>
</kw>
<status status="PASS" starttime="20210421 18:01:16.358" endtime="20210421 18:01:16.429"/>
</kw>
<status status="PASS" starttime="20210421 18:01:15.116" endtime="20210421 18:01:16.429"/>
</kw>
<kw name="User clicks on the menu &quot;VESSELS&quot;" library="ShipOwnersUserDefineKeywords" sourcename="User clicks on the menu &quot;${menuTabName}&quot;">
<kw name="Wait Until Page Contains Element" library="SeleniumLibrary">
<arg>${vesselMenu}</arg>
<arg>20s</arg>
<doc>Waits until the element ``locator`` appears on the current page.</doc>
<status status="PASS" starttime="20210421 18:01:16.429" endtime="20210421 18:01:17.527"/>
</kw>
<kw name="Get Variable Value" library="BuiltIn">
<var>${menuName}</var>
<arg>${menuTabName}</arg>
<doc>Returns variable value or ``default`` if the variable does not exist.</doc>
<msg timestamp="20210421 18:01:17.528" level="INFO">${menuName} = VESSELS</msg>
<status status="PASS" starttime="20210421 18:01:17.527" endtime="20210421 18:01:17.528"/>
</kw>
<kw name="Run Keyword If" library="BuiltIn">
<arg>'${menuName}'=='VESSELS'</arg>
<arg>Click tab button</arg>
<arg>${menuName}</arg>
<arg>ELSE IF</arg>
<arg>'${menuName}'=='INFO'</arg>
<arg>Click tab button</arg>
<arg>${menuName}</arg>
<arg>ELSE IF</arg>
<arg>'${menuName}'=='VESSEL CLASSES'</arg>
<arg>Click tab button</arg>
<arg>${menuName}</arg>
<arg>ELSE IF</arg>
<arg>'${menuName}'=='SETTINGS'</arg>
<arg>Click tab button</arg>
<arg>${menuName}</arg>
<arg>ELSE</arg>
<arg>fail</arg>
<arg>Incorrect tab menu</arg>
<arg>[Return]</arg>
<doc>Runs the given keyword with the given arguments, if ``condition`` is true.</doc>
<kw name="Click tab button" library="ShipOwnersPage">
<arg>${menuName}</arg>
<kw name="Set Variable" library="BuiltIn">
<var>${menuButton}</var>
<arg>xpath://button[contains(., '${menuButtonName}')]</arg>
<doc>Returns the given values which can then be assigned to a variables.</doc>
<msg timestamp="20210421 18:01:17.529" level="INFO">${menuButton} = xpath://button[contains(., 'VESSELS')]</msg>
<status status="PASS" starttime="20210421 18:01:17.529" endtime="20210421 18:01:17.529"/>
</kw>
<kw name="Wait Until Element Is Visible" library="SeleniumLibrary">
<arg>${menuButton}</arg>
<arg>10s</arg>
<arg>${menuButtonName} is not visibale after 10s</arg>
<doc>Waits until the element ``locator`` is visible.</doc>
<status status="PASS" starttime="20210421 18:01:17.529" endtime="20210421 18:01:17.550"/>
</kw>
<kw name="Click Button" library="SeleniumLibrary">
<arg>${menuButton}</arg>
<doc>Clicks the button identified by ``locator``.</doc>
<msg timestamp="20210421 18:01:17.551" level="INFO">Clicking button 'xpath://button[contains(., 'VESSELS')]'.</msg>
<status status="PASS" starttime="20210421 18:01:17.551" endtime="20210421 18:01:17.692"/>
</kw>
<status status="PASS" starttime="20210421 18:01:17.528" endtime="20210421 18:01:17.692"/>
</kw>
<status status="PASS" starttime="20210421 18:01:17.528" endtime="20210421 18:01:17.692"/>
</kw>
<status status="PASS" starttime="20210421 18:01:16.429" endtime="20210421 18:01:17.692"/>
</kw>
<kw name="Select first Item to edit" library="CommonUserDefineKeywords">
<kw name="Click Element" library="SeleniumLibrary">
<arg>${firstNameInList}</arg>
<doc>Click the element identified by ``locator``.</doc>
<msg timestamp="20210421 18:01:17.693" level="INFO">Clicking element 'xpath://tbody[contains(.,'Name')]/child::tr[1]/child::td[2]/div[2]'.</msg>
<kw name="Capture Page Screenshot" library="SeleniumLibrary">
<doc>Takes a screenshot of the current page and embeds it into a log file.</doc>
<msg timestamp="20210421 18:01:18.157" level="INFO" html="true">&lt;/td&gt;&lt;/tr&gt;&lt;tr&gt;&lt;td colspan="3"&gt;&lt;a href="selenium-screenshot-10.png"&gt;&lt;img src="selenium-screenshot-10.png" width="800px"&gt;&lt;/a&gt;</msg>
<status status="PASS" starttime="20210421 18:01:17.706" endtime="20210421 18:01:18.157"/>
</kw>
<msg timestamp="20210421 18:01:18.209" level="FAIL">Element with locator 'xpath://tbody[contains(.,'Name')]/child::tr[1]/child::td[2]/div[2]' not found.</msg>
<status status="FAIL" starttime="20210421 18:01:17.692" endtime="20210421 18:01:18.209"/>
</kw>
<kw name="User click Edit button" library="CommonFunctions" sourcename="User click ${buttonName} button">
<status status="NOT RUN" starttime="20210421 18:01:18.209" endtime="20210421 18:01:18.209"/>
</kw>
<status status="FAIL" starttime="20210421 18:01:17.692" endtime="20210421 18:01:18.209"/>
</kw>
<status status="FAIL" starttime="20210421 18:01:15.116" endtime="20210421 18:01:18.209"/>
</kw>
<kw name="Then Compare Email of Vessel with one on Edit form" library="VesselUserDefineKeywords" sourcename="Compare ${fieldName} of Vessel with one on Edit form">
<status status="NOT RUN" starttime="20210421 18:01:18.210" endtime="20210421 18:01:18.210"/>
</kw>
<kw name="And Compare Transformation Start Date of Vessel with one on Edit form" library="VesselUserDefineKeywords" sourcename="Compare ${fieldName} of Vessel with one on Edit form">
<status status="NOT RUN" starttime="20210421 18:01:18.211" endtime="20210421 18:01:18.211"/>
</kw>
<kw name="End TestCase" library="CommonFunctions" type="TEARDOWN">
<kw name="Close Browser" library="SeleniumLibrary">
<doc>Closes the current browser.</doc>
<status status="PASS" starttime="20210421 18:01:18.212" endtime="20210421 18:01:20.382"/>
</kw>
<status status="PASS" starttime="20210421 18:01:18.212" endtime="20210421 18:01:20.382"/>
</kw>
<status status="FAIL" starttime="20210421 18:01:04.263" endtime="20210421 18:01:20.383">Element with locator 'xpath://tbody[contains(.,'Name')]/child::tr[1]/child::td[2]/div[2]' not found.</status>
</test>
<status status="FAIL" starttime="20210421 18:01:03.795" endtime="20210421 18:01:20.387"/>
</suite>
<status status="FAIL" starttime="20210421 18:01:03.792" endtime="20210421 18:01:20.390"/>
</suite>
<status status="FAIL" starttime="20210421 18:01:03.789" endtime="20210421 18:01:20.394"/>
</suite>
<status status="FAIL" starttime="20210421 18:01:03.786" endtime="20210421 18:01:20.399"/>
</suite>
<status status="FAIL" starttime="20210421 18:01:03.751" endtime="20210421 18:01:20.403"/>
</suite>
<statistics>
<total>
<stat pass="0" fail="1" skip="0">All Tests</stat>
</total>
<tag>
</tag>
<suite>
<stat pass="0" fail="1" skip="0" id="s1" name="Auto-AdminPortal">Auto-AdminPortal</stat>
<stat pass="0" fail="1" skip="0" id="s1-s1" name="Tests">Auto-AdminPortal.Tests</stat>
<stat pass="0" fail="1" skip="0" id="s1-s1-s1" name="FunctionalTests">Auto-AdminPortal.Tests.FunctionalTests</stat>
<stat pass="0" fail="1" skip="0" id="s1-s1-s1-s1" name="ShipOwnersMenu">Auto-AdminPortal.Tests.FunctionalTests.ShipOwnersMenu</stat>
<stat pass="0" fail="1" skip="0" id="s1-s1-s1-s1-s1" name="EditVessel">Auto-AdminPortal.Tests.FunctionalTests.ShipOwnersMenu.EditVessel</stat>
</suite>
</statistics>
<errors>
<msg timestamp="20210421 18:01:04.259" level="ERROR">Error in file 'C:\Users\User\Documents\GitHub\Auto-AdminPortal\Resource\PageObjects\VesselPage.robot' on line 6: Processing variable file 'C:\Users\User\Documents\GitHub\Auto-AdminPortal\Resource\WebElements\VesselElements.py' failed: Importing variable file 'C:\Users\User\Documents\GitHub\Auto-AdminPortal\Resource\WebElements\VesselElements.py' failed: ModuleNotFoundError: No module named 'VesselElements'
Traceback (most recent call last):
  None
PYTHONPATH:
  C:\Python38\Scripts\robot.exe
  c:\python38\python38.zip
  c:\python38\DLLs
  c:\python38\lib
  c:\python38
  c:\python38\lib\site-packages
  c:\python38\lib\site-packages\win32
  c:\python38\lib\site-packages\win32\lib
  c:\python38\lib\site-packages\Pythonwin</msg>
</errors>
</robot>
