<?xml version="1.0" encoding="UTF-8"?>
<robot generator="Robot 3.2.2 (Python 3.8.5 on win32)" generated="20210312 14:41:22.972" rpa="false">
<suite id="s1" name="CreateTagRanges" source="C:\Users\User\PycharmProjects\Admin-Portal\Tests\FunctionalTests\Tags\CreateTagRanges.robot">
<kw name="Start TestCase With Login" library="CommonFunctions" type="setup">
<kw name="Start TestCase" library="CommonFunctions">
<kw name="Open Browser" library="SeleniumLibrary">
<doc>Opens a new browser instance to the optional ``url``.</doc>
<arguments>
<arg>${url.${env}}</arg>
<arg>${browser}</arg>
<arg>executable_path=${executable_path}</arg>
</arguments>
<msg timestamp="20210312 14:41:23.238" level="INFO">Opening browser 'chrome' to base url 'https://admin-mp.dev.sparescnx.com/'.</msg>
<status status="PASS" starttime="20210312 14:41:23.237" endtime="20210312 14:41:29.107"></status>
</kw>
<kw name="Maximize Browser Window" library="SeleniumLibrary">
<doc>Maximizes current browser window.</doc>
<status status="PASS" starttime="20210312 14:41:29.107" endtime="20210312 14:41:29.225"></status>
</kw>
<status status="PASS" starttime="20210312 14:41:23.237" endtime="20210312 14:41:29.225"></status>
</kw>
<kw name="Login to Admin Portal Successfully" library="LoginPage">
<arguments>
<arg>${username.user1}</arg>
<arg>${password}</arg>
</arguments>
<kw name="Input Password" library="SeleniumLibrary">
<doc>Types the given password into the text field identified by ``locator``.</doc>
<arguments>
<arg>${userNameField}</arg>
<arg>${username}</arg>
</arguments>
<msg timestamp="20210312 14:41:29.227" level="INFO">Typing password into text field 'xpath://*[@id='username']'.</msg>
<msg timestamp="20210312 14:41:29.308" level="INFO">Temporally setting log level to: NONE</msg>
<msg timestamp="20210312 14:41:29.413" level="INFO">Log level changed from NONE to INFO.</msg>
<status status="PASS" starttime="20210312 14:41:29.226" endtime="20210312 14:41:29.413"></status>
</kw>
<kw name="Input Password" library="SeleniumLibrary">
<doc>Types the given password into the text field identified by ``locator``.</doc>
<arguments>
<arg>${passwordField}</arg>
<arg>${password}</arg>
<arg>clear: True</arg>
</arguments>
<msg timestamp="20210312 14:41:29.414" level="INFO">Typing password into text field 'xpath://*[@id='password']'.</msg>
<msg timestamp="20210312 14:41:29.460" level="INFO">Temporally setting log level to: NONE</msg>
<msg timestamp="20210312 14:41:29.541" level="INFO">Log level changed from NONE to INFO.</msg>
<status status="PASS" starttime="20210312 14:41:29.413" endtime="20210312 14:41:29.541"></status>
</kw>
<kw name="Press Keys" library="SeleniumLibrary">
<doc>Simulates the user pressing key(s) to an element or on the active browser.</doc>
<arguments>
<arg>${signInbutton}</arg>
<arg>RETURN</arg>
</arguments>
<msg timestamp="20210312 14:41:29.542" level="INFO">Sending key(s) ('RETURN',) to xpath://*[@id='password']/ancestor::div[2]/following-sibling::button element.</msg>
<msg timestamp="20210312 14:41:29.857" level="INFO">Pressing special key RETURN to element.</msg>
<msg timestamp="20210312 14:41:29.857" level="INFO">Releasing special key RETURN.</msg>
<status status="PASS" starttime="20210312 14:41:29.541" endtime="20210312 14:41:29.880"></status>
</kw>
<status status="PASS" starttime="20210312 14:41:29.226" endtime="20210312 14:41:29.880"></status>
</kw>
<kw name="Wait Until Element Is Visible" library="SeleniumLibrary">
<doc>Waits until the element ``locator`` is visible.</doc>
<arguments>
<arg>${pageTitle}</arg>
</arguments>
<status status="PASS" starttime="20210312 14:41:29.880" endtime="20210312 14:41:30.954"></status>
</kw>
<status status="PASS" starttime="20210312 14:41:23.237" endtime="20210312 14:41:30.954"></status>
</kw>
<test id="s1-t1" name="Check the Create Tags Range Form">
<kw name="Given User click Tags menu on left sidebar" library="TagsUserDefineKeywords">
<kw name="Click Tags menu on left sidebar" library="TagsPage">
<kw name="Click Element" library="SeleniumLibrary">
<doc>Click the element identified by ``locator``.</doc>
<arguments>
<arg>${tagsMenu}</arg>
</arguments>
<msg timestamp="20210312 14:41:30.958" level="INFO">Clicking element 'xpath://span[contains(text(),'Tags')]/ancestor::div[2]'.</msg>
<status status="PASS" starttime="20210312 14:41:30.957" endtime="20210312 14:41:31.025"></status>
</kw>
<status status="PASS" starttime="20210312 14:41:30.956" endtime="20210312 14:41:31.025"></status>
</kw>
<kw name="${i} IN RANGE [ 1 | 5 ]" type="for">
<kw name="${i} = 1" type="foritem">
<kw name="Run Keyword And Return Status" library="BuiltIn">
<doc>Runs the given keyword with given arguments and returns the status as a Boolean value.</doc>
<arguments>
<arg>Click Tags menu on left sidebar</arg>
</arguments>
<assign>
<var>${status}</var>
</assign>
<kw name="Click Tags menu on left sidebar" library="TagsPage">
<kw name="Click Element" library="SeleniumLibrary">
<doc>Click the element identified by ``locator``.</doc>
<arguments>
<arg>${tagsMenu}</arg>
</arguments>
<msg timestamp="20210312 14:41:31.026" level="INFO">Clicking element 'xpath://span[contains(text(),'Tags')]/ancestor::div[2]'.</msg>
<kw name="Capture Page Screenshot" library="SeleniumLibrary">
<doc>Takes a screenshot of the current page and embeds it into a log file.</doc>
<msg timestamp="20210312 14:41:31.529" level="INFO" html="yes">&lt;/td&gt;&lt;/tr&gt;&lt;tr&gt;&lt;td colspan="3"&gt;&lt;a href="selenium-screenshot-7.png"&gt;&lt;img src="selenium-screenshot-7.png" width="800px"&gt;&lt;/a&gt;</msg>
<status status="PASS" starttime="20210312 14:41:31.044" endtime="20210312 14:41:31.529"></status>
</kw>
<msg timestamp="20210312 14:41:31.533" level="FAIL">ElementNotInteractableException: Message: element not interactable
  (Session info: chrome=88.0.4324.190)
</msg>
<status status="FAIL" starttime="20210312 14:41:31.026" endtime="20210312 14:41:31.533"></status>
</kw>
<status status="FAIL" starttime="20210312 14:41:31.025" endtime="20210312 14:41:31.533"></status>
</kw>
<msg timestamp="20210312 14:41:31.534" level="INFO">${status} = False</msg>
<status status="PASS" starttime="20210312 14:41:31.025" endtime="20210312 14:41:31.534"></status>
</kw>
<kw name="Run Keyword If" library="BuiltIn">
<doc>Runs the given keyword with the given arguments, if ``condition`` is true.</doc>
<arguments>
<arg>${status} == 'FAIL'</arg>
<arg>Click Tags menu on left sidebar</arg>
</arguments>
<status status="PASS" starttime="20210312 14:41:31.534" endtime="20210312 14:41:31.535"></status>
</kw>
<status status="PASS" starttime="20210312 14:41:31.025" endtime="20210312 14:41:31.535"></status>
</kw>
<kw name="${i} = 2" type="foritem">
<kw name="Run Keyword And Return Status" library="BuiltIn">
<doc>Runs the given keyword with given arguments and returns the status as a Boolean value.</doc>
<arguments>
<arg>Click Tags menu on left sidebar</arg>
</arguments>
<assign>
<var>${status}</var>
</assign>
<kw name="Click Tags menu on left sidebar" library="TagsPage">
<kw name="Click Element" library="SeleniumLibrary">
<doc>Click the element identified by ``locator``.</doc>
<arguments>
<arg>${tagsMenu}</arg>
</arguments>
<msg timestamp="20210312 14:41:31.536" level="INFO">Clicking element 'xpath://span[contains(text(),'Tags')]/ancestor::div[2]'.</msg>
<status status="PASS" starttime="20210312 14:41:31.535" endtime="20210312 14:41:31.602"></status>
</kw>
<status status="PASS" starttime="20210312 14:41:31.535" endtime="20210312 14:41:31.603"></status>
</kw>
<msg timestamp="20210312 14:41:31.603" level="INFO">${status} = True</msg>
<status status="PASS" starttime="20210312 14:41:31.535" endtime="20210312 14:41:31.603"></status>
</kw>
<kw name="Run Keyword If" library="BuiltIn">
<doc>Runs the given keyword with the given arguments, if ``condition`` is true.</doc>
<arguments>
<arg>${status} == 'FAIL'</arg>
<arg>Click Tags menu on left sidebar</arg>
</arguments>
<status status="PASS" starttime="20210312 14:41:31.603" endtime="20210312 14:41:31.603"></status>
</kw>
<status status="PASS" starttime="20210312 14:41:31.535" endtime="20210312 14:41:31.603"></status>
</kw>
<kw name="${i} = 3" type="foritem">
<kw name="Run Keyword And Return Status" library="BuiltIn">
<doc>Runs the given keyword with given arguments and returns the status as a Boolean value.</doc>
<arguments>
<arg>Click Tags menu on left sidebar</arg>
</arguments>
<assign>
<var>${status}</var>
</assign>
<kw name="Click Tags menu on left sidebar" library="TagsPage">
<kw name="Click Element" library="SeleniumLibrary">
<doc>Click the element identified by ``locator``.</doc>
<arguments>
<arg>${tagsMenu}</arg>
</arguments>
<msg timestamp="20210312 14:41:31.604" level="INFO">Clicking element 'xpath://span[contains(text(),'Tags')]/ancestor::div[2]'.</msg>
<status status="PASS" starttime="20210312 14:41:31.604" endtime="20210312 14:41:31.687"></status>
</kw>
<status status="PASS" starttime="20210312 14:41:31.604" endtime="20210312 14:41:31.687"></status>
</kw>
<msg timestamp="20210312 14:41:31.687" level="INFO">${status} = True</msg>
<status status="PASS" starttime="20210312 14:41:31.604" endtime="20210312 14:41:31.687"></status>
</kw>
<kw name="Run Keyword If" library="BuiltIn">
<doc>Runs the given keyword with the given arguments, if ``condition`` is true.</doc>
<arguments>
<arg>${status} == 'FAIL'</arg>
<arg>Click Tags menu on left sidebar</arg>
</arguments>
<status status="PASS" starttime="20210312 14:41:31.687" endtime="20210312 14:41:31.687"></status>
</kw>
<status status="PASS" starttime="20210312 14:41:31.603" endtime="20210312 14:41:31.687"></status>
</kw>
<kw name="${i} = 4" type="foritem">
<kw name="Run Keyword And Return Status" library="BuiltIn">
<doc>Runs the given keyword with given arguments and returns the status as a Boolean value.</doc>
<arguments>
<arg>Click Tags menu on left sidebar</arg>
</arguments>
<assign>
<var>${status}</var>
</assign>
<kw name="Click Tags menu on left sidebar" library="TagsPage">
<kw name="Click Element" library="SeleniumLibrary">
<doc>Click the element identified by ``locator``.</doc>
<arguments>
<arg>${tagsMenu}</arg>
</arguments>
<msg timestamp="20210312 14:41:31.688" level="INFO">Clicking element 'xpath://span[contains(text(),'Tags')]/ancestor::div[2]'.</msg>
<status status="PASS" starttime="20210312 14:41:31.688" endtime="20210312 14:41:31.744"></status>
</kw>
<status status="PASS" starttime="20210312 14:41:31.688" endtime="20210312 14:41:31.744"></status>
</kw>
<msg timestamp="20210312 14:41:31.744" level="INFO">${status} = True</msg>
<status status="PASS" starttime="20210312 14:41:31.688" endtime="20210312 14:41:31.744"></status>
</kw>
<kw name="Run Keyword If" library="BuiltIn">
<doc>Runs the given keyword with the given arguments, if ``condition`` is true.</doc>
<arguments>
<arg>${status} == 'FAIL'</arg>
<arg>Click Tags menu on left sidebar</arg>
</arguments>
<status status="PASS" starttime="20210312 14:41:31.744" endtime="20210312 14:41:31.745"></status>
</kw>
<status status="PASS" starttime="20210312 14:41:31.688" endtime="20210312 14:41:31.745"></status>
</kw>
<status status="PASS" starttime="20210312 14:41:31.025" endtime="20210312 14:41:31.745"></status>
</kw>
<status status="PASS" starttime="20210312 14:41:30.956" endtime="20210312 14:41:31.745"></status>
</kw>
<kw name="When User click Create button on Tags page" library="TagsUserDefineKeywords">
<kw name="Click Button" library="SeleniumLibrary">
<doc>Clicks the button identified by ``locator``.</doc>
<arguments>
<arg>${createButton}</arg>
</arguments>
<msg timestamp="20210312 14:41:31.746" level="INFO">Clicking button 'xpath://span[contains(text(), 'Create')]/parent::button'.</msg>
<status status="PASS" starttime="20210312 14:41:31.746" endtime="20210312 14:41:31.878"></status>
</kw>
<status status="PASS" starttime="20210312 14:41:31.746" endtime="20210312 14:41:31.879"></status>
</kw>
<kw name="Then User can verify the Create Tags Range form" library="TagsUserDefineKeywords">
<kw name="Verify the visible of Create Tags Range popup" library="TagsPage">
<kw name="Element Should Be Visible" library="SeleniumLibrary">
<doc>Verifies that the element identified by ``locator`` is visible.</doc>
<arguments>
<arg>${createForm}</arg>
</arguments>
<msg timestamp="20210312 14:41:31.931" level="INFO">Element 'xpath://div[@role='dialog']' is displayed.</msg>
<status status="PASS" starttime="20210312 14:41:31.881" endtime="20210312 14:41:31.932"></status>
</kw>
<status status="PASS" starttime="20210312 14:41:31.880" endtime="20210312 14:41:31.932"></status>
</kw>
<kw name="Verify the label of Assign To field should be &quot;Assign To&quot;" library="CommonFunctions">
<kw name="Set Variable" library="BuiltIn">
<doc>Returns the given values which can then be assigned to a variables.</doc>
<arguments>
<arg>xpath://form/div/label[contains(text(),'${fieldName}')]</arg>
</arguments>
<assign>
<var>${fieldLocation}</var>
</assign>
<msg timestamp="20210312 14:41:31.934" level="INFO">${fieldLocation} = xpath://form/div/label[contains(text(),'Assign To')]</msg>
<status status="PASS" starttime="20210312 14:41:31.934" endtime="20210312 14:41:31.934"></status>
</kw>
<kw name="Element Text Should Be" library="SeleniumLibrary">
<doc>Verifies that element ``locator`` contains exact the text ``expected``.</doc>
<arguments>
<arg>${fieldLocation}</arg>
<arg>${labelText}</arg>
</arguments>
<msg timestamp="20210312 14:41:31.935" level="INFO">Verifying element 'xpath://form/div/label[contains(text(),'Assign To')]' contains exact text 'Assign To'.</msg>
<status status="PASS" starttime="20210312 14:41:31.934" endtime="20210312 14:41:31.995"></status>
</kw>
<status status="PASS" starttime="20210312 14:41:31.933" endtime="20210312 14:41:31.997"></status>
</kw>
<kw name="Verify the label of Name field should be &quot;Name&quot;" library="CommonFunctions">
<kw name="Set Variable" library="BuiltIn">
<doc>Returns the given values which can then be assigned to a variables.</doc>
<arguments>
<arg>xpath://form/div/label[contains(text(),'${fieldName}')]</arg>
</arguments>
<assign>
<var>${fieldLocation}</var>
</assign>
<msg timestamp="20210312 14:41:32.002" level="INFO">${fieldLocation} = xpath://form/div/label[contains(text(),'Name')]</msg>
<status status="PASS" starttime="20210312 14:41:32.001" endtime="20210312 14:41:32.002"></status>
</kw>
<kw name="Element Text Should Be" library="SeleniumLibrary">
<doc>Verifies that element ``locator`` contains exact the text ``expected``.</doc>
<arguments>
<arg>${fieldLocation}</arg>
<arg>${labelText}</arg>
</arguments>
<msg timestamp="20210312 14:41:32.003" level="INFO">Verifying element 'xpath://form/div/label[contains(text(),'Name')]' contains exact text 'Name'.</msg>
<status status="PASS" starttime="20210312 14:41:32.002" endtime="20210312 14:41:32.055"></status>
</kw>
<status status="PASS" starttime="20210312 14:41:31.998" endtime="20210312 14:41:32.056"></status>
</kw>
<kw name="Verify the label of Vessel field should be &quot;Vessel&quot;" library="CommonFunctions">
<kw name="Set Variable" library="BuiltIn">
<doc>Returns the given values which can then be assigned to a variables.</doc>
<arguments>
<arg>xpath://form/div/label[contains(text(),'${fieldName}')]</arg>
</arguments>
<assign>
<var>${fieldLocation}</var>
</assign>
<msg timestamp="20210312 14:41:32.057" level="INFO">${fieldLocation} = xpath://form/div/label[contains(text(),'Vessel')]</msg>
<status status="PASS" starttime="20210312 14:41:32.056" endtime="20210312 14:41:32.057"></status>
</kw>
<kw name="Element Text Should Be" library="SeleniumLibrary">
<doc>Verifies that element ``locator`` contains exact the text ``expected``.</doc>
<arguments>
<arg>${fieldLocation}</arg>
<arg>${labelText}</arg>
</arguments>
<msg timestamp="20210312 14:41:32.062" level="INFO">Verifying element 'xpath://form/div/label[contains(text(),'Vessel')]' contains exact text 'Vessel'.</msg>
<status status="PASS" starttime="20210312 14:41:32.058" endtime="20210312 14:41:32.105"></status>
</kw>
<status status="PASS" starttime="20210312 14:41:32.056" endtime="20210312 14:41:32.105"></status>
</kw>
<kw name="Verify the label of Start field should be &quot;Start&quot;" library="CommonFunctions">
<kw name="Set Variable" library="BuiltIn">
<doc>Returns the given values which can then be assigned to a variables.</doc>
<arguments>
<arg>xpath://form/div/label[contains(text(),'${fieldName}')]</arg>
</arguments>
<assign>
<var>${fieldLocation}</var>
</assign>
<msg timestamp="20210312 14:41:32.106" level="INFO">${fieldLocation} = xpath://form/div/label[contains(text(),'Start')]</msg>
<status status="PASS" starttime="20210312 14:41:32.106" endtime="20210312 14:41:32.106"></status>
</kw>
<kw name="Element Text Should Be" library="SeleniumLibrary">
<doc>Verifies that element ``locator`` contains exact the text ``expected``.</doc>
<arguments>
<arg>${fieldLocation}</arg>
<arg>${labelText}</arg>
</arguments>
<msg timestamp="20210312 14:41:32.107" level="INFO">Verifying element 'xpath://form/div/label[contains(text(),'Start')]' contains exact text 'Start'.</msg>
<status status="PASS" starttime="20210312 14:41:32.106" endtime="20210312 14:41:32.153"></status>
</kw>
<status status="PASS" starttime="20210312 14:41:32.105" endtime="20210312 14:41:32.153"></status>
</kw>
<kw name="Verify the label of End field should be &quot;End&quot;" library="CommonFunctions">
<kw name="Set Variable" library="BuiltIn">
<doc>Returns the given values which can then be assigned to a variables.</doc>
<arguments>
<arg>xpath://form/div/label[contains(text(),'${fieldName}')]</arg>
</arguments>
<assign>
<var>${fieldLocation}</var>
</assign>
<msg timestamp="20210312 14:41:32.154" level="INFO">${fieldLocation} = xpath://form/div/label[contains(text(),'End')]</msg>
<status status="PASS" starttime="20210312 14:41:32.153" endtime="20210312 14:41:32.154"></status>
</kw>
<kw name="Element Text Should Be" library="SeleniumLibrary">
<doc>Verifies that element ``locator`` contains exact the text ``expected``.</doc>
<arguments>
<arg>${fieldLocation}</arg>
<arg>${labelText}</arg>
</arguments>
<msg timestamp="20210312 14:41:32.154" level="INFO">Verifying element 'xpath://form/div/label[contains(text(),'End')]' contains exact text 'End'.</msg>
<status status="PASS" starttime="20210312 14:41:32.154" endtime="20210312 14:41:32.189"></status>
</kw>
<status status="PASS" starttime="20210312 14:41:32.153" endtime="20210312 14:41:32.189"></status>
</kw>
<status status="PASS" starttime="20210312 14:41:31.879" endtime="20210312 14:41:32.189"></status>
</kw>
<status status="PASS" starttime="20210312 14:41:30.955" endtime="20210312 14:41:32.190" critical="yes"></status>
</test>
<kw name="End TestCase" library="CommonFunctions" type="teardown">
<kw name="Close Browser" library="SeleniumLibrary">
<doc>Closes the current browser.</doc>
<status status="PASS" starttime="20210312 14:41:32.194" endtime="20210312 14:41:34.401"></status>
</kw>
<status status="PASS" starttime="20210312 14:41:32.194" endtime="20210312 14:41:34.401"></status>
</kw>
<status status="PASS" starttime="20210312 14:41:22.974" endtime="20210312 14:41:34.401"></status>
</suite>
<statistics>
<total>
<stat pass="1" fail="0">Critical Tests</stat>
<stat pass="1" fail="0">All Tests</stat>
</total>
<tag>
</tag>
<suite>
<stat pass="1" fail="0" id="s1" name="CreateTagRanges">CreateTagRanges</stat>
</suite>
</statistics>
<errors>
</errors>
</robot>
