<?xml version="1.0" encoding="UTF-8"?>
<robot generator="Robot 4.0.1 (Python 3.8.5 on win32)" generated="20210526 15:26:47.378" rpa="false" schemaversion="2">
<suite id="s1" name="AddVessel" source="C:\Users\User\Documents\GitHub\Auto-AdminPortal\Tests\FunctionalTests\ShipOwnersMenu\AddVessel.robot">
<test id="s1-t1" name="Verify the Add new Vessel form">
<kw name="Start TestCase With Login" library="CommonFunctions" type="SETUP">
<kw name="Start TestCase" library="CommonFunctions">
<kw name="Open Browser" library="SeleniumLibrary">
<arg>${url.${env}}</arg>
<arg>${browser}</arg>
<arg>executable_path=${executable_path}</arg>
<doc>Opens a new browser instance to the optional ``url``.</doc>
<msg timestamp="20210526 15:26:48.236" level="INFO">Opening browser 'chrome' to base url 'https://admin-mp.dev.sparescnx.com/'.</msg>
<status status="PASS" starttime="20210526 15:26:48.233" endtime="20210526 15:26:51.842"/>
</kw>
<kw name="Maximize Browser Window" library="SeleniumLibrary">
<doc>Maximizes current browser window.</doc>
<status status="PASS" starttime="20210526 15:26:51.842" endtime="20210526 15:26:51.988"/>
</kw>
<status status="PASS" starttime="20210526 15:26:48.233" endtime="20210526 15:26:51.989"/>
</kw>
<kw name="Login to Admin Portal Successfully" library="LoginPage">
<arg>${username.user1}</arg>
<arg>${password}</arg>
<kw name="Input Password" library="SeleniumLibrary">
<arg>${userNameField}</arg>
<arg>${username}</arg>
<doc>Types the given password into the text field identified by ``locator``.</doc>
<msg timestamp="20210526 15:26:51.992" level="INFO">Typing password into text field 'xpath://*[@id='username']'.</msg>
<msg timestamp="20210526 15:26:52.064" level="INFO">Temporally setting log level to: NONE</msg>
<msg timestamp="20210526 15:26:52.211" level="INFO">Log level changed from NONE to INFO.</msg>
<status status="PASS" starttime="20210526 15:26:51.992" endtime="20210526 15:26:52.211"/>
</kw>
<kw name="Input Password" library="SeleniumLibrary">
<arg>${passwordField}</arg>
<arg>${password}</arg>
<arg>clear: True</arg>
<doc>Types the given password into the text field identified by ``locator``.</doc>
<msg timestamp="20210526 15:26:52.212" level="INFO">Typing password into text field 'xpath://*[@id='password']'.</msg>
<msg timestamp="20210526 15:26:52.257" level="INFO">Temporally setting log level to: NONE</msg>
<msg timestamp="20210526 15:26:52.342" level="INFO">Log level changed from NONE to INFO.</msg>
<status status="PASS" starttime="20210526 15:26:52.211" endtime="20210526 15:26:52.342"/>
</kw>
<kw name="Press Keys" library="SeleniumLibrary">
<arg>${signInbutton}</arg>
<arg>RETURN</arg>
<doc>Simulates the user pressing key(s) to an element or on the active browser.</doc>
<msg timestamp="20210526 15:26:52.343" level="INFO">Sending key(s) ('RETURN',) to xpath://*[@id='password']/ancestor::div[2]/following-sibling::button element.</msg>
<msg timestamp="20210526 15:26:57.655" level="INFO">Pressing special key RETURN to element.</msg>
<msg timestamp="20210526 15:26:57.655" level="INFO">Releasing special key RETURN.</msg>
<status status="PASS" starttime="20210526 15:26:52.342" endtime="20210526 15:26:57.676"/>
</kw>
<status status="PASS" starttime="20210526 15:26:51.989" endtime="20210526 15:26:57.677"/>
</kw>
<kw name="Run Keyword And Return Status" library="BuiltIn">
<var>${status}</var>
<arg>wait until element is not visible</arg>
<arg>${signInbutton}</arg>
<doc>Runs the given keyword with given arguments and returns the status as a Boolean value.</doc>
<kw name="Wait Until Element Is Not Visible" library="SeleniumLibrary">
<arg>${signInbutton}</arg>
<doc>Waits until the element ``locator`` is not visible.</doc>
<kw name="Capture Page Screenshot" library="SeleniumLibrary">
<doc>Takes a screenshot of the current page and embeds it into a log file.</doc>
<msg timestamp="20210526 15:27:04.206" level="INFO" html="true">&lt;/td&gt;&lt;/tr&gt;&lt;tr&gt;&lt;td colspan="3"&gt;&lt;a href="selenium-screenshot-1.png"&gt;&lt;img src="selenium-screenshot-1.png" width="800px"&gt;&lt;/a&gt;</msg>
<status status="PASS" starttime="20210526 15:27:02.753" endtime="20210526 15:27:04.207"/>
</kw>
<msg timestamp="20210526 15:27:04.250" level="FAIL">Element 'xpath://*[@id='password']/ancestor::div[2]/following-sibling::button' still visible after 5 seconds.</msg>
<status status="FAIL" starttime="20210526 15:26:57.678" endtime="20210526 15:27:04.250"/>
</kw>
<msg timestamp="20210526 15:27:04.250" level="INFO">${status} = False</msg>
<status status="PASS" starttime="20210526 15:26:57.677" endtime="20210526 15:27:04.250"/>
</kw>
<kw name="Run Keyword Unless" library="BuiltIn">
<arg>${status}</arg>
<arg>fail</arg>
<arg>Login failed. Setup for test could not established</arg>
<doc>Runs the given keyword with the given arguments if ``condition`` is false.</doc>
<kw name="Fail" library="BuiltIn">
<arg>Login failed. Setup for test could not established</arg>
<doc>Fails the test with the given message and optionally alters its tags.</doc>
<msg timestamp="20210526 15:27:04.251" level="FAIL">Login failed. Setup for test could not established</msg>
<status status="FAIL" starttime="20210526 15:27:04.251" endtime="20210526 15:27:04.251"/>
</kw>
<status status="FAIL" starttime="20210526 15:27:04.250" endtime="20210526 15:27:04.251"/>
</kw>
<status status="FAIL" starttime="20210526 15:26:48.232" endtime="20210526 15:27:04.252"/>
</kw>
<kw name="End TestCase" library="CommonFunctions" type="TEARDOWN">
<kw name="Close Browser" library="SeleniumLibrary">
<doc>Closes the current browser.</doc>
<status status="PASS" starttime="20210526 15:27:04.253" endtime="20210526 15:27:06.395"/>
</kw>
<status status="PASS" starttime="20210526 15:27:04.253" endtime="20210526 15:27:06.395"/>
</kw>
<doc>This test case verify the create vessel form</doc>
<tag>UI</tag>
<status status="FAIL" starttime="20210526 15:26:48.231" endtime="20210526 15:27:06.396">Setup failed:
Login failed. Setup for test could not established</status>
</test>
<test id="s1-t2" name="Create new Vessel with empty required fields">
<kw name="Start TestCase With Login" library="CommonFunctions" type="SETUP">
<kw name="Start TestCase" library="CommonFunctions">
<kw name="Open Browser" library="SeleniumLibrary">
<arg>${url.${env}}</arg>
<arg>${browser}</arg>
<arg>executable_path=${executable_path}</arg>
<doc>Opens a new browser instance to the optional ``url``.</doc>
<msg timestamp="20210526 15:27:06.404" level="INFO">Opening browser 'chrome' to base url 'https://admin-mp.dev.sparescnx.com/'.</msg>
<status status="PASS" starttime="20210526 15:27:06.403" endtime="20210526 15:27:09.969"/>
</kw>
<kw name="Maximize Browser Window" library="SeleniumLibrary">
<doc>Maximizes current browser window.</doc>
<status status="PASS" starttime="20210526 15:27:09.969" endtime="20210526 15:27:10.101"/>
</kw>
<status status="PASS" starttime="20210526 15:27:06.402" endtime="20210526 15:27:10.101"/>
</kw>
<kw name="Login to Admin Portal Successfully" library="LoginPage">
<arg>${username.user1}</arg>
<arg>${password}</arg>
<kw name="Input Password" library="SeleniumLibrary">
<arg>${userNameField}</arg>
<arg>${username}</arg>
<doc>Types the given password into the text field identified by ``locator``.</doc>
<msg timestamp="20210526 15:27:10.103" level="INFO">Typing password into text field 'xpath://*[@id='username']'.</msg>
<msg timestamp="20210526 15:27:10.158" level="INFO">Temporally setting log level to: NONE</msg>
<msg timestamp="20210526 15:27:10.280" level="INFO">Log level changed from NONE to INFO.</msg>
<status status="PASS" starttime="20210526 15:27:10.102" endtime="20210526 15:27:10.280"/>
</kw>
<kw name="Input Password" library="SeleniumLibrary">
<arg>${passwordField}</arg>
<arg>${password}</arg>
<arg>clear: True</arg>
<doc>Types the given password into the text field identified by ``locator``.</doc>
<msg timestamp="20210526 15:27:10.281" level="INFO">Typing password into text field 'xpath://*[@id='password']'.</msg>
<msg timestamp="20210526 15:27:10.327" level="INFO">Temporally setting log level to: NONE</msg>
<msg timestamp="20210526 15:27:10.410" level="INFO">Log level changed from NONE to INFO.</msg>
<status status="PASS" starttime="20210526 15:27:10.280" endtime="20210526 15:27:10.410"/>
</kw>
<kw name="Press Keys" library="SeleniumLibrary">
<arg>${signInbutton}</arg>
<arg>RETURN</arg>
<doc>Simulates the user pressing key(s) to an element or on the active browser.</doc>
<msg timestamp="20210526 15:27:10.411" level="INFO">Sending key(s) ('RETURN',) to xpath://*[@id='password']/ancestor::div[2]/following-sibling::button element.</msg>
<msg timestamp="20210526 15:27:15.721" level="INFO">Pressing special key RETURN to element.</msg>
<msg timestamp="20210526 15:27:15.721" level="INFO">Releasing special key RETURN.</msg>
<status status="PASS" starttime="20210526 15:27:10.410" endtime="20210526 15:27:15.739"/>
</kw>
<status status="PASS" starttime="20210526 15:27:10.101" endtime="20210526 15:27:15.739"/>
</kw>
<kw name="Run Keyword And Return Status" library="BuiltIn">
<var>${status}</var>
<arg>wait until element is not visible</arg>
<arg>${signInbutton}</arg>
<doc>Runs the given keyword with given arguments and returns the status as a Boolean value.</doc>
<kw name="Wait Until Element Is Not Visible" library="SeleniumLibrary">
<arg>${signInbutton}</arg>
<doc>Waits until the element ``locator`` is not visible.</doc>
<kw name="Capture Page Screenshot" library="SeleniumLibrary">
<doc>Takes a screenshot of the current page and embeds it into a log file.</doc>
<msg timestamp="20210526 15:27:22.206" level="INFO" html="true">&lt;/td&gt;&lt;/tr&gt;&lt;tr&gt;&lt;td colspan="3"&gt;&lt;a href="selenium-screenshot-2.png"&gt;&lt;img src="selenium-screenshot-2.png" width="800px"&gt;&lt;/a&gt;</msg>
<status status="PASS" starttime="20210526 15:27:20.870" endtime="20210526 15:27:22.207"/>
</kw>
<msg timestamp="20210526 15:27:22.207" level="FAIL">Element 'xpath://*[@id='password']/ancestor::div[2]/following-sibling::button' still visible after 5 seconds.</msg>
<status status="FAIL" starttime="20210526 15:27:15.740" endtime="20210526 15:27:22.207"/>
</kw>
<msg timestamp="20210526 15:27:22.208" level="INFO">${status} = False</msg>
<status status="PASS" starttime="20210526 15:27:15.739" endtime="20210526 15:27:22.208"/>
</kw>
<kw name="Run Keyword Unless" library="BuiltIn">
<arg>${status}</arg>
<arg>fail</arg>
<arg>Login failed. Setup for test could not established</arg>
<doc>Runs the given keyword with the given arguments if ``condition`` is false.</doc>
<kw name="Fail" library="BuiltIn">
<arg>Login failed. Setup for test could not established</arg>
<doc>Fails the test with the given message and optionally alters its tags.</doc>
<msg timestamp="20210526 15:27:22.209" level="FAIL">Login failed. Setup for test could not established</msg>
<status status="FAIL" starttime="20210526 15:27:22.208" endtime="20210526 15:27:22.209"/>
</kw>
<status status="FAIL" starttime="20210526 15:27:22.208" endtime="20210526 15:27:22.209"/>
</kw>
<status status="FAIL" starttime="20210526 15:27:06.402" endtime="20210526 15:27:22.209"/>
</kw>
<kw name="End TestCase" library="CommonFunctions" type="TEARDOWN">
<kw name="Close Browser" library="SeleniumLibrary">
<doc>Closes the current browser.</doc>
<status status="PASS" starttime="20210526 15:27:22.211" endtime="20210526 15:27:24.441"/>
</kw>
<status status="PASS" starttime="20210526 15:27:22.210" endtime="20210526 15:27:24.441"/>
</kw>
<doc>This test case verify the create vessel form</doc>
<tag>NegativeCase</tag>
<tag>UI</tag>
<tag>Validation</tag>
<status status="FAIL" starttime="20210526 15:27:06.401" endtime="20210526 15:27:24.442">Setup failed:
Login failed. Setup for test could not established</status>
</test>
<test id="s1-t3" name="Create new Vessel with empty Vessel Name">
<kw name="Start TestCase With Login" library="CommonFunctions" type="SETUP">
<kw name="Start TestCase" library="CommonFunctions">
<kw name="Open Browser" library="SeleniumLibrary">
<arg>${url.${env}}</arg>
<arg>${browser}</arg>
<arg>executable_path=${executable_path}</arg>
<doc>Opens a new browser instance to the optional ``url``.</doc>
<msg timestamp="20210526 15:27:24.447" level="INFO">Opening browser 'chrome' to base url 'https://admin-mp.dev.sparescnx.com/'.</msg>
<status status="PASS" starttime="20210526 15:27:24.446" endtime="20210526 15:27:27.883"/>
</kw>
<kw name="Maximize Browser Window" library="SeleniumLibrary">
<doc>Maximizes current browser window.</doc>
<status status="PASS" starttime="20210526 15:27:27.884" endtime="20210526 15:27:28.017"/>
</kw>
<status status="PASS" starttime="20210526 15:27:24.445" endtime="20210526 15:27:28.017"/>
</kw>
<kw name="Login to Admin Portal Successfully" library="LoginPage">
<arg>${username.user1}</arg>
<arg>${password}</arg>
<kw name="Input Password" library="SeleniumLibrary">
<arg>${userNameField}</arg>
<arg>${username}</arg>
<doc>Types the given password into the text field identified by ``locator``.</doc>
<msg timestamp="20210526 15:27:28.019" level="INFO">Typing password into text field 'xpath://*[@id='username']'.</msg>
<msg timestamp="20210526 15:27:28.076" level="INFO">Temporally setting log level to: NONE</msg>
<msg timestamp="20210526 15:27:28.200" level="INFO">Log level changed from NONE to INFO.</msg>
<status status="PASS" starttime="20210526 15:27:28.019" endtime="20210526 15:27:28.200"/>
</kw>
<kw name="Input Password" library="SeleniumLibrary">
<arg>${passwordField}</arg>
<arg>${password}</arg>
<arg>clear: True</arg>
<doc>Types the given password into the text field identified by ``locator``.</doc>
<msg timestamp="20210526 15:27:28.201" level="INFO">Typing password into text field 'xpath://*[@id='password']'.</msg>
<msg timestamp="20210526 15:27:28.243" level="INFO">Temporally setting log level to: NONE</msg>
<msg timestamp="20210526 15:27:28.327" level="INFO">Log level changed from NONE to INFO.</msg>
<status status="PASS" starttime="20210526 15:27:28.201" endtime="20210526 15:27:28.327"/>
</kw>
<kw name="Press Keys" library="SeleniumLibrary">
<arg>${signInbutton}</arg>
<arg>RETURN</arg>
<doc>Simulates the user pressing key(s) to an element or on the active browser.</doc>
<msg timestamp="20210526 15:27:28.327" level="INFO">Sending key(s) ('RETURN',) to xpath://*[@id='password']/ancestor::div[2]/following-sibling::button element.</msg>
<msg timestamp="20210526 15:27:33.631" level="INFO">Pressing special key RETURN to element.</msg>
<msg timestamp="20210526 15:27:33.631" level="INFO">Releasing special key RETURN.</msg>
<status status="PASS" starttime="20210526 15:27:28.327" endtime="20210526 15:27:33.648"/>
</kw>
<status status="PASS" starttime="20210526 15:27:28.018" endtime="20210526 15:27:33.648"/>
</kw>
<kw name="Run Keyword And Return Status" library="BuiltIn">
<var>${status}</var>
<arg>wait until element is not visible</arg>
<arg>${signInbutton}</arg>
<doc>Runs the given keyword with given arguments and returns the status as a Boolean value.</doc>
<kw name="Wait Until Element Is Not Visible" library="SeleniumLibrary">
<arg>${signInbutton}</arg>
<doc>Waits until the element ``locator`` is not visible.</doc>
<kw name="Capture Page Screenshot" library="SeleniumLibrary">
<doc>Takes a screenshot of the current page and embeds it into a log file.</doc>
<msg timestamp="20210526 15:27:40.007" level="INFO" html="true">&lt;/td&gt;&lt;/tr&gt;&lt;tr&gt;&lt;td colspan="3"&gt;&lt;a href="selenium-screenshot-3.png"&gt;&lt;img src="selenium-screenshot-3.png" width="800px"&gt;&lt;/a&gt;</msg>
<status status="PASS" starttime="20210526 15:27:38.690" endtime="20210526 15:27:40.007"/>
</kw>
<msg timestamp="20210526 15:27:40.008" level="FAIL">Element 'xpath://*[@id='password']/ancestor::div[2]/following-sibling::button' still visible after 5 seconds.</msg>
<status status="FAIL" starttime="20210526 15:27:33.649" endtime="20210526 15:27:40.008"/>
</kw>
<msg timestamp="20210526 15:27:40.008" level="INFO">${status} = False</msg>
<status status="PASS" starttime="20210526 15:27:33.649" endtime="20210526 15:27:40.008"/>
</kw>
<kw name="Run Keyword Unless" library="BuiltIn">
<arg>${status}</arg>
<arg>fail</arg>
<arg>Login failed. Setup for test could not established</arg>
<doc>Runs the given keyword with the given arguments if ``condition`` is false.</doc>
<kw name="Fail" library="BuiltIn">
<arg>Login failed. Setup for test could not established</arg>
<doc>Fails the test with the given message and optionally alters its tags.</doc>
<msg timestamp="20210526 15:27:40.009" level="FAIL">Login failed. Setup for test could not established</msg>
<status status="FAIL" starttime="20210526 15:27:40.009" endtime="20210526 15:27:40.009"/>
</kw>
<status status="FAIL" starttime="20210526 15:27:40.008" endtime="20210526 15:27:40.009"/>
</kw>
<status status="FAIL" starttime="20210526 15:27:24.445" endtime="20210526 15:27:40.009"/>
</kw>
<kw name="End TestCase" library="CommonFunctions" type="TEARDOWN">
<kw name="Close Browser" library="SeleniumLibrary">
<doc>Closes the current browser.</doc>
<status status="PASS" starttime="20210526 15:27:40.011" endtime="20210526 15:27:42.201"/>
</kw>
<status status="PASS" starttime="20210526 15:27:40.010" endtime="20210526 15:27:42.201"/>
</kw>
<doc>This test case verify the create vessel form</doc>
<tag>NegativeCase</tag>
<tag>UI</tag>
<tag>Validation</tag>
<status status="FAIL" starttime="20210526 15:27:24.444" endtime="20210526 15:27:42.203">Setup failed:
Login failed. Setup for test could not established</status>
</test>
<test id="s1-t4" name="Create new Vessel with empty IMO No">
<kw name="Start TestCase With Login" library="CommonFunctions" type="SETUP">
<kw name="Start TestCase" library="CommonFunctions">
<kw name="Open Browser" library="SeleniumLibrary">
<arg>${url.${env}}</arg>
<arg>${browser}</arg>
<arg>executable_path=${executable_path}</arg>
<doc>Opens a new browser instance to the optional ``url``.</doc>
<msg timestamp="20210526 15:27:42.212" level="INFO">Opening browser 'chrome' to base url 'https://admin-mp.dev.sparescnx.com/'.</msg>
<status status="PASS" starttime="20210526 15:27:42.211" endtime="20210526 15:27:46.524"/>
</kw>
<kw name="Maximize Browser Window" library="SeleniumLibrary">
<doc>Maximizes current browser window.</doc>
<status status="PASS" starttime="20210526 15:27:46.524" endtime="20210526 15:27:46.657"/>
</kw>
<status status="PASS" starttime="20210526 15:27:42.210" endtime="20210526 15:27:46.657"/>
</kw>
<kw name="Login to Admin Portal Successfully" library="LoginPage">
<arg>${username.user1}</arg>
<arg>${password}</arg>
<kw name="Input Password" library="SeleniumLibrary">
<arg>${userNameField}</arg>
<arg>${username}</arg>
<doc>Types the given password into the text field identified by ``locator``.</doc>
<msg timestamp="20210526 15:27:46.660" level="INFO">Typing password into text field 'xpath://*[@id='username']'.</msg>
<msg timestamp="20210526 15:27:46.719" level="INFO">Temporally setting log level to: NONE</msg>
<msg timestamp="20210526 15:27:46.848" level="INFO">Log level changed from NONE to INFO.</msg>
<status status="PASS" starttime="20210526 15:27:46.659" endtime="20210526 15:27:46.848"/>
</kw>
<kw name="Input Password" library="SeleniumLibrary">
<arg>${passwordField}</arg>
<arg>${password}</arg>
<arg>clear: True</arg>
<doc>Types the given password into the text field identified by ``locator``.</doc>
<msg timestamp="20210526 15:27:46.849" level="INFO">Typing password into text field 'xpath://*[@id='password']'.</msg>
<msg timestamp="20210526 15:27:46.891" level="INFO">Temporally setting log level to: NONE</msg>
<msg timestamp="20210526 15:27:46.976" level="INFO">Log level changed from NONE to INFO.</msg>
<status status="PASS" starttime="20210526 15:27:46.848" endtime="20210526 15:27:46.976"/>
</kw>
<kw name="Press Keys" library="SeleniumLibrary">
<arg>${signInbutton}</arg>
<arg>RETURN</arg>
<doc>Simulates the user pressing key(s) to an element or on the active browser.</doc>
<msg timestamp="20210526 15:27:46.977" level="INFO">Sending key(s) ('RETURN',) to xpath://*[@id='password']/ancestor::div[2]/following-sibling::button element.</msg>
<msg timestamp="20210526 15:27:52.294" level="INFO">Pressing special key RETURN to element.</msg>
<msg timestamp="20210526 15:27:52.294" level="INFO">Releasing special key RETURN.</msg>
<status status="PASS" starttime="20210526 15:27:46.976" endtime="20210526 15:27:52.312"/>
</kw>
<status status="PASS" starttime="20210526 15:27:46.657" endtime="20210526 15:27:52.312"/>
</kw>
<kw name="Run Keyword And Return Status" library="BuiltIn">
<var>${status}</var>
<arg>wait until element is not visible</arg>
<arg>${signInbutton}</arg>
<doc>Runs the given keyword with given arguments and returns the status as a Boolean value.</doc>
<kw name="Wait Until Element Is Not Visible" library="SeleniumLibrary">
<arg>${signInbutton}</arg>
<doc>Waits until the element ``locator`` is not visible.</doc>
<kw name="Capture Page Screenshot" library="SeleniumLibrary">
<doc>Takes a screenshot of the current page and embeds it into a log file.</doc>
<msg timestamp="20210526 15:27:58.629" level="INFO" html="true">&lt;/td&gt;&lt;/tr&gt;&lt;tr&gt;&lt;td colspan="3"&gt;&lt;a href="selenium-screenshot-4.png"&gt;&lt;img src="selenium-screenshot-4.png" width="800px"&gt;&lt;/a&gt;</msg>
<status status="PASS" starttime="20210526 15:27:57.416" endtime="20210526 15:27:58.629"/>
</kw>
<msg timestamp="20210526 15:27:58.630" level="FAIL">Element 'xpath://*[@id='password']/ancestor::div[2]/following-sibling::button' still visible after 5 seconds.</msg>
<status status="FAIL" starttime="20210526 15:27:52.313" endtime="20210526 15:27:58.630"/>
</kw>
<msg timestamp="20210526 15:27:58.630" level="INFO">${status} = False</msg>
<status status="PASS" starttime="20210526 15:27:52.312" endtime="20210526 15:27:58.630"/>
</kw>
<kw name="Run Keyword Unless" library="BuiltIn">
<arg>${status}</arg>
<arg>fail</arg>
<arg>Login failed. Setup for test could not established</arg>
<doc>Runs the given keyword with the given arguments if ``condition`` is false.</doc>
<kw name="Fail" library="BuiltIn">
<arg>Login failed. Setup for test could not established</arg>
<doc>Fails the test with the given message and optionally alters its tags.</doc>
<msg timestamp="20210526 15:27:58.631" level="FAIL">Login failed. Setup for test could not established</msg>
<status status="FAIL" starttime="20210526 15:27:58.631" endtime="20210526 15:27:58.631"/>
</kw>
<status status="FAIL" starttime="20210526 15:27:58.630" endtime="20210526 15:27:58.631"/>
</kw>
<status status="FAIL" starttime="20210526 15:27:42.210" endtime="20210526 15:27:58.632"/>
</kw>
<kw name="End TestCase" library="CommonFunctions" type="TEARDOWN">
<kw name="Close Browser" library="SeleniumLibrary">
<doc>Closes the current browser.</doc>
<status status="PASS" starttime="20210526 15:27:58.633" endtime="20210526 15:28:00.835"/>
</kw>
<status status="PASS" starttime="20210526 15:27:58.633" endtime="20210526 15:28:00.835"/>
</kw>
<doc>This test case verify the create vessel form</doc>
<tag>NegativeCase</tag>
<tag>UI</tag>
<tag>Validation</tag>
<status status="FAIL" starttime="20210526 15:27:42.209" endtime="20210526 15:28:00.836">Setup failed:
Login failed. Setup for test could not established</status>
</test>
<test id="s1-t5" name="Create new Vessel with empty email">
<kw name="Start TestCase With Login" library="CommonFunctions" type="SETUP">
<kw name="Start TestCase" library="CommonFunctions">
<kw name="Open Browser" library="SeleniumLibrary">
<arg>${url.${env}}</arg>
<arg>${browser}</arg>
<arg>executable_path=${executable_path}</arg>
<doc>Opens a new browser instance to the optional ``url``.</doc>
<msg timestamp="20210526 15:28:00.841" level="INFO">Opening browser 'chrome' to base url 'https://admin-mp.dev.sparescnx.com/'.</msg>
<status status="PASS" starttime="20210526 15:28:00.840" endtime="20210526 15:28:04.914"/>
</kw>
<kw name="Maximize Browser Window" library="SeleniumLibrary">
<doc>Maximizes current browser window.</doc>
<status status="PASS" starttime="20210526 15:28:04.915" endtime="20210526 15:28:05.037"/>
</kw>
<status status="PASS" starttime="20210526 15:28:00.839" endtime="20210526 15:28:05.037"/>
</kw>
<kw name="Login to Admin Portal Successfully" library="LoginPage">
<arg>${username.user1}</arg>
<arg>${password}</arg>
<kw name="Input Password" library="SeleniumLibrary">
<arg>${userNameField}</arg>
<arg>${username}</arg>
<doc>Types the given password into the text field identified by ``locator``.</doc>
<msg timestamp="20210526 15:28:05.043" level="INFO">Typing password into text field 'xpath://*[@id='username']'.</msg>
<msg timestamp="20210526 15:28:05.108" level="INFO">Temporally setting log level to: NONE</msg>
<msg timestamp="20210526 15:28:05.233" level="INFO">Log level changed from NONE to INFO.</msg>
<status status="PASS" starttime="20210526 15:28:05.042" endtime="20210526 15:28:05.233"/>
</kw>
<kw name="Input Password" library="SeleniumLibrary">
<arg>${passwordField}</arg>
<arg>${password}</arg>
<arg>clear: True</arg>
<doc>Types the given password into the text field identified by ``locator``.</doc>
<msg timestamp="20210526 15:28:05.233" level="INFO">Typing password into text field 'xpath://*[@id='password']'.</msg>
<msg timestamp="20210526 15:28:05.275" level="INFO">Temporally setting log level to: NONE</msg>
<msg timestamp="20210526 15:28:05.373" level="INFO">Log level changed from NONE to INFO.</msg>
<status status="PASS" starttime="20210526 15:28:05.233" endtime="20210526 15:28:05.373"/>
</kw>
<kw name="Press Keys" library="SeleniumLibrary">
<arg>${signInbutton}</arg>
<arg>RETURN</arg>
<doc>Simulates the user pressing key(s) to an element or on the active browser.</doc>
<msg timestamp="20210526 15:28:05.374" level="INFO">Sending key(s) ('RETURN',) to xpath://*[@id='password']/ancestor::div[2]/following-sibling::button element.</msg>
<msg timestamp="20210526 15:28:10.693" level="INFO">Pressing special key RETURN to element.</msg>
<msg timestamp="20210526 15:28:10.693" level="INFO">Releasing special key RETURN.</msg>
<status status="PASS" starttime="20210526 15:28:05.373" endtime="20210526 15:28:10.711"/>
</kw>
<status status="PASS" starttime="20210526 15:28:05.038" endtime="20210526 15:28:10.711"/>
</kw>
<kw name="Run Keyword And Return Status" library="BuiltIn">
<var>${status}</var>
<arg>wait until element is not visible</arg>
<arg>${signInbutton}</arg>
<doc>Runs the given keyword with given arguments and returns the status as a Boolean value.</doc>
<kw name="Wait Until Element Is Not Visible" library="SeleniumLibrary">
<arg>${signInbutton}</arg>
<doc>Waits until the element ``locator`` is not visible.</doc>
<kw name="Capture Page Screenshot" library="SeleniumLibrary">
<doc>Takes a screenshot of the current page and embeds it into a log file.</doc>
<msg timestamp="20210526 15:28:17.059" level="INFO" html="true">&lt;/td&gt;&lt;/tr&gt;&lt;tr&gt;&lt;td colspan="3"&gt;&lt;a href="selenium-screenshot-5.png"&gt;&lt;img src="selenium-screenshot-5.png" width="800px"&gt;&lt;/a&gt;</msg>
<status status="PASS" starttime="20210526 15:28:15.778" endtime="20210526 15:28:17.059"/>
</kw>
<msg timestamp="20210526 15:28:17.059" level="FAIL">Element 'xpath://*[@id='password']/ancestor::div[2]/following-sibling::button' still visible after 5 seconds.</msg>
<status status="FAIL" starttime="20210526 15:28:10.712" endtime="20210526 15:28:17.059"/>
</kw>
<msg timestamp="20210526 15:28:17.060" level="INFO">${status} = False</msg>
<status status="PASS" starttime="20210526 15:28:10.711" endtime="20210526 15:28:17.060"/>
</kw>
<kw name="Run Keyword Unless" library="BuiltIn">
<arg>${status}</arg>
<arg>fail</arg>
<arg>Login failed. Setup for test could not established</arg>
<doc>Runs the given keyword with the given arguments if ``condition`` is false.</doc>
<kw name="Fail" library="BuiltIn">
<arg>Login failed. Setup for test could not established</arg>
<doc>Fails the test with the given message and optionally alters its tags.</doc>
<msg timestamp="20210526 15:28:17.061" level="FAIL">Login failed. Setup for test could not established</msg>
<status status="FAIL" starttime="20210526 15:28:17.060" endtime="20210526 15:28:17.061"/>
</kw>
<status status="FAIL" starttime="20210526 15:28:17.060" endtime="20210526 15:28:17.061"/>
</kw>
<status status="FAIL" starttime="20210526 15:28:00.839" endtime="20210526 15:28:17.061"/>
</kw>
<kw name="End TestCase" library="CommonFunctions" type="TEARDOWN">
<kw name="Close Browser" library="SeleniumLibrary">
<doc>Closes the current browser.</doc>
<status status="PASS" starttime="20210526 15:28:17.062" endtime="20210526 15:28:19.268"/>
</kw>
<status status="PASS" starttime="20210526 15:28:17.062" endtime="20210526 15:28:19.268"/>
</kw>
<doc>This test case verify the create vessel form</doc>
<tag>NegativeCase</tag>
<tag>UI</tag>
<tag>Validation</tag>
<status status="FAIL" starttime="20210526 15:28:00.838" endtime="20210526 15:28:19.269">Setup failed:
Login failed. Setup for test could not established</status>
</test>
<test id="s1-t6" name="Create new Vessel with empty Vessel Class">
<kw name="Start TestCase With Login" library="CommonFunctions" type="SETUP">
<kw name="Start TestCase" library="CommonFunctions">
<kw name="Open Browser" library="SeleniumLibrary">
<arg>${url.${env}}</arg>
<arg>${browser}</arg>
<arg>executable_path=${executable_path}</arg>
<doc>Opens a new browser instance to the optional ``url``.</doc>
<msg timestamp="20210526 15:28:19.275" level="INFO">Opening browser 'chrome' to base url 'https://admin-mp.dev.sparescnx.com/'.</msg>
<status status="PASS" starttime="20210526 15:28:19.274" endtime="20210526 15:28:22.955"/>
</kw>
<kw name="Maximize Browser Window" library="SeleniumLibrary">
<doc>Maximizes current browser window.</doc>
<status status="PASS" starttime="20210526 15:28:22.955" endtime="20210526 15:28:23.077"/>
</kw>
<status status="PASS" starttime="20210526 15:28:19.273" endtime="20210526 15:28:23.077"/>
</kw>
<kw name="Login to Admin Portal Successfully" library="LoginPage">
<arg>${username.user1}</arg>
<arg>${password}</arg>
<kw name="Input Password" library="SeleniumLibrary">
<arg>${userNameField}</arg>
<arg>${username}</arg>
<doc>Types the given password into the text field identified by ``locator``.</doc>
<msg timestamp="20210526 15:28:23.080" level="INFO">Typing password into text field 'xpath://*[@id='username']'.</msg>
<msg timestamp="20210526 15:28:23.139" level="INFO">Temporally setting log level to: NONE</msg>
<msg timestamp="20210526 15:28:23.266" level="INFO">Log level changed from NONE to INFO.</msg>
<status status="PASS" starttime="20210526 15:28:23.079" endtime="20210526 15:28:23.266"/>
</kw>
<kw name="Input Password" library="SeleniumLibrary">
<arg>${passwordField}</arg>
<arg>${password}</arg>
<arg>clear: True</arg>
<doc>Types the given password into the text field identified by ``locator``.</doc>
<msg timestamp="20210526 15:28:23.267" level="INFO">Typing password into text field 'xpath://*[@id='password']'.</msg>
<msg timestamp="20210526 15:28:23.308" level="INFO">Temporally setting log level to: NONE</msg>
<msg timestamp="20210526 15:28:23.380" level="INFO">Log level changed from NONE to INFO.</msg>
<status status="PASS" starttime="20210526 15:28:23.267" endtime="20210526 15:28:23.380"/>
</kw>
<kw name="Press Keys" library="SeleniumLibrary">
<arg>${signInbutton}</arg>
<arg>RETURN</arg>
<doc>Simulates the user pressing key(s) to an element or on the active browser.</doc>
<msg timestamp="20210526 15:28:23.380" level="INFO">Sending key(s) ('RETURN',) to xpath://*[@id='password']/ancestor::div[2]/following-sibling::button element.</msg>
<msg timestamp="20210526 15:28:28.689" level="INFO">Pressing special key RETURN to element.</msg>
<msg timestamp="20210526 15:28:28.689" level="INFO">Releasing special key RETURN.</msg>
<status status="PASS" starttime="20210526 15:28:23.380" endtime="20210526 15:28:28.707"/>
</kw>
<status status="PASS" starttime="20210526 15:28:23.077" endtime="20210526 15:28:28.707"/>
</kw>
<kw name="Run Keyword And Return Status" library="BuiltIn">
<var>${status}</var>
<arg>wait until element is not visible</arg>
<arg>${signInbutton}</arg>
<doc>Runs the given keyword with given arguments and returns the status as a Boolean value.</doc>
<kw name="Wait Until Element Is Not Visible" library="SeleniumLibrary">
<arg>${signInbutton}</arg>
<doc>Waits until the element ``locator`` is not visible.</doc>
<kw name="Capture Page Screenshot" library="SeleniumLibrary">
<doc>Takes a screenshot of the current page and embeds it into a log file.</doc>
<msg timestamp="20210526 15:28:35.136" level="INFO" html="true">&lt;/td&gt;&lt;/tr&gt;&lt;tr&gt;&lt;td colspan="3"&gt;&lt;a href="selenium-screenshot-6.png"&gt;&lt;img src="selenium-screenshot-6.png" width="800px"&gt;&lt;/a&gt;</msg>
<status status="PASS" starttime="20210526 15:28:33.844" endtime="20210526 15:28:35.136"/>
</kw>
<msg timestamp="20210526 15:28:35.137" level="FAIL">Element 'xpath://*[@id='password']/ancestor::div[2]/following-sibling::button' still visible after 5 seconds.</msg>
<status status="FAIL" starttime="20210526 15:28:28.708" endtime="20210526 15:28:35.137"/>
</kw>
<msg timestamp="20210526 15:28:35.137" level="INFO">${status} = False</msg>
<status status="PASS" starttime="20210526 15:28:28.707" endtime="20210526 15:28:35.137"/>
</kw>
<kw name="Run Keyword Unless" library="BuiltIn">
<arg>${status}</arg>
<arg>fail</arg>
<arg>Login failed. Setup for test could not established</arg>
<doc>Runs the given keyword with the given arguments if ``condition`` is false.</doc>
<kw name="Fail" library="BuiltIn">
<arg>Login failed. Setup for test could not established</arg>
<doc>Fails the test with the given message and optionally alters its tags.</doc>
<msg timestamp="20210526 15:28:35.138" level="FAIL">Login failed. Setup for test could not established</msg>
<status status="FAIL" starttime="20210526 15:28:35.137" endtime="20210526 15:28:35.138"/>
</kw>
<status status="FAIL" starttime="20210526 15:28:35.137" endtime="20210526 15:28:35.138"/>
</kw>
<status status="FAIL" starttime="20210526 15:28:19.273" endtime="20210526 15:28:35.138"/>
</kw>
<kw name="End TestCase" library="CommonFunctions" type="TEARDOWN">
<kw name="Close Browser" library="SeleniumLibrary">
<doc>Closes the current browser.</doc>
<status status="PASS" starttime="20210526 15:28:35.139" endtime="20210526 15:28:37.372"/>
</kw>
<status status="PASS" starttime="20210526 15:28:35.139" endtime="20210526 15:28:37.372"/>
</kw>
<doc>This test case verify the create vessel form with empty Vessel Class</doc>
<tag>NegativeCase</tag>
<tag>UI</tag>
<tag>Validation</tag>
<status status="FAIL" starttime="20210526 15:28:19.272" endtime="20210526 15:28:37.373">Setup failed:
Login failed. Setup for test could not established</status>
</test>
<test id="s1-t7" name="Create new Vessel with invalid email">
<kw name="Start TestCase With Login" library="CommonFunctions" type="SETUP">
<kw name="Start TestCase" library="CommonFunctions">
<kw name="Open Browser" library="SeleniumLibrary">
<arg>${url.${env}}</arg>
<arg>${browser}</arg>
<arg>executable_path=${executable_path}</arg>
<doc>Opens a new browser instance to the optional ``url``.</doc>
<msg timestamp="20210526 15:28:37.379" level="INFO">Opening browser 'chrome' to base url 'https://admin-mp.dev.sparescnx.com/'.</msg>
<status status="PASS" starttime="20210526 15:28:37.377" endtime="20210526 15:28:40.765"/>
</kw>
<kw name="Maximize Browser Window" library="SeleniumLibrary">
<doc>Maximizes current browser window.</doc>
<status status="PASS" starttime="20210526 15:28:40.766" endtime="20210526 15:28:40.897"/>
</kw>
<status status="PASS" starttime="20210526 15:28:37.377" endtime="20210526 15:28:40.897"/>
</kw>
<kw name="Login to Admin Portal Successfully" library="LoginPage">
<arg>${username.user1}</arg>
<arg>${password}</arg>
<kw name="Input Password" library="SeleniumLibrary">
<arg>${userNameField}</arg>
<arg>${username}</arg>
<doc>Types the given password into the text field identified by ``locator``.</doc>
<msg timestamp="20210526 15:28:40.899" level="INFO">Typing password into text field 'xpath://*[@id='username']'.</msg>
<msg timestamp="20210526 15:28:40.956" level="INFO">Temporally setting log level to: NONE</msg>
<msg timestamp="20210526 15:28:41.081" level="INFO">Log level changed from NONE to INFO.</msg>
<status status="PASS" starttime="20210526 15:28:40.899" endtime="20210526 15:28:41.081"/>
</kw>
<kw name="Input Password" library="SeleniumLibrary">
<arg>${passwordField}</arg>
<arg>${password}</arg>
<arg>clear: True</arg>
<doc>Types the given password into the text field identified by ``locator``.</doc>
<msg timestamp="20210526 15:28:41.081" level="INFO">Typing password into text field 'xpath://*[@id='password']'.</msg>
<msg timestamp="20210526 15:28:41.126" level="INFO">Temporally setting log level to: NONE</msg>
<msg timestamp="20210526 15:28:41.209" level="INFO">Log level changed from NONE to INFO.</msg>
<status status="PASS" starttime="20210526 15:28:41.081" endtime="20210526 15:28:41.209"/>
</kw>
<kw name="Press Keys" library="SeleniumLibrary">
<arg>${signInbutton}</arg>
<arg>RETURN</arg>
<doc>Simulates the user pressing key(s) to an element or on the active browser.</doc>
<msg timestamp="20210526 15:28:41.210" level="INFO">Sending key(s) ('RETURN',) to xpath://*[@id='password']/ancestor::div[2]/following-sibling::button element.</msg>
<msg timestamp="20210526 15:28:46.536" level="INFO">Pressing special key RETURN to element.</msg>
<msg timestamp="20210526 15:28:46.536" level="INFO">Releasing special key RETURN.</msg>
<status status="PASS" starttime="20210526 15:28:41.209" endtime="20210526 15:28:46.553"/>
</kw>
<status status="PASS" starttime="20210526 15:28:40.897" endtime="20210526 15:28:46.553"/>
</kw>
<kw name="Run Keyword And Return Status" library="BuiltIn">
<var>${status}</var>
<arg>wait until element is not visible</arg>
<arg>${signInbutton}</arg>
<doc>Runs the given keyword with given arguments and returns the status as a Boolean value.</doc>
<kw name="Wait Until Element Is Not Visible" library="SeleniumLibrary">
<arg>${signInbutton}</arg>
<doc>Waits until the element ``locator`` is not visible.</doc>
<kw name="Capture Page Screenshot" library="SeleniumLibrary">
<doc>Takes a screenshot of the current page and embeds it into a log file.</doc>
<msg timestamp="20210526 15:28:53.050" level="INFO" html="true">&lt;/td&gt;&lt;/tr&gt;&lt;tr&gt;&lt;td colspan="3"&gt;&lt;a href="selenium-screenshot-7.png"&gt;&lt;img src="selenium-screenshot-7.png" width="800px"&gt;&lt;/a&gt;</msg>
<status status="PASS" starttime="20210526 15:28:51.755" endtime="20210526 15:28:53.050"/>
</kw>
<msg timestamp="20210526 15:28:53.051" level="FAIL">Element 'xpath://*[@id='password']/ancestor::div[2]/following-sibling::button' still visible after 5 seconds.</msg>
<status status="FAIL" starttime="20210526 15:28:46.554" endtime="20210526 15:28:53.051"/>
</kw>
<msg timestamp="20210526 15:28:53.051" level="INFO">${status} = False</msg>
<status status="PASS" starttime="20210526 15:28:46.554" endtime="20210526 15:28:53.051"/>
</kw>
<kw name="Run Keyword Unless" library="BuiltIn">
<arg>${status}</arg>
<arg>fail</arg>
<arg>Login failed. Setup for test could not established</arg>
<doc>Runs the given keyword with the given arguments if ``condition`` is false.</doc>
<kw name="Fail" library="BuiltIn">
<arg>Login failed. Setup for test could not established</arg>
<doc>Fails the test with the given message and optionally alters its tags.</doc>
<msg timestamp="20210526 15:28:53.052" level="FAIL">Login failed. Setup for test could not established</msg>
<status status="FAIL" starttime="20210526 15:28:53.052" endtime="20210526 15:28:53.052"/>
</kw>
<status status="FAIL" starttime="20210526 15:28:53.051" endtime="20210526 15:28:53.052"/>
</kw>
<status status="FAIL" starttime="20210526 15:28:37.376" endtime="20210526 15:28:53.052"/>
</kw>
<kw name="End TestCase" library="CommonFunctions" type="TEARDOWN">
<kw name="Close Browser" library="SeleniumLibrary">
<doc>Closes the current browser.</doc>
<status status="PASS" starttime="20210526 15:28:53.053" endtime="20210526 15:28:55.267"/>
</kw>
<status status="PASS" starttime="20210526 15:28:53.053" endtime="20210526 15:28:55.267"/>
</kw>
<doc>This test case verify the create vessel form with invalid email</doc>
<tag>Function</tag>
<tag>NegativeCase</tag>
<tag>Validation</tag>
<status status="FAIL" starttime="20210526 15:28:37.375" endtime="20210526 15:28:55.268">Setup failed:
Login failed. Setup for test could not established</status>
</test>
<test id="s1-t8" name="Create new Vessel with invalid domain email">
<kw name="Start TestCase With Login" library="CommonFunctions" type="SETUP">
<kw name="Start TestCase" library="CommonFunctions">
<kw name="Open Browser" library="SeleniumLibrary">
<arg>${url.${env}}</arg>
<arg>${browser}</arg>
<arg>executable_path=${executable_path}</arg>
<doc>Opens a new browser instance to the optional ``url``.</doc>
<msg timestamp="20210526 15:28:55.275" level="INFO">Opening browser 'chrome' to base url 'https://admin-mp.dev.sparescnx.com/'.</msg>
<status status="PASS" starttime="20210526 15:28:55.273" endtime="20210526 15:28:58.549"/>
</kw>
<kw name="Maximize Browser Window" library="SeleniumLibrary">
<doc>Maximizes current browser window.</doc>
<status status="PASS" starttime="20210526 15:28:58.549" endtime="20210526 15:28:58.679"/>
</kw>
<status status="PASS" starttime="20210526 15:28:55.272" endtime="20210526 15:28:58.679"/>
</kw>
<kw name="Login to Admin Portal Successfully" library="LoginPage">
<arg>${username.user1}</arg>
<arg>${password}</arg>
<kw name="Input Password" library="SeleniumLibrary">
<arg>${userNameField}</arg>
<arg>${username}</arg>
<doc>Types the given password into the text field identified by ``locator``.</doc>
<msg timestamp="20210526 15:28:58.683" level="INFO">Typing password into text field 'xpath://*[@id='username']'.</msg>
<msg timestamp="20210526 15:28:58.743" level="INFO">Temporally setting log level to: NONE</msg>
<msg timestamp="20210526 15:28:58.880" level="INFO">Log level changed from NONE to INFO.</msg>
<status status="PASS" starttime="20210526 15:28:58.682" endtime="20210526 15:28:58.880"/>
</kw>
<kw name="Input Password" library="SeleniumLibrary">
<arg>${passwordField}</arg>
<arg>${password}</arg>
<arg>clear: True</arg>
<doc>Types the given password into the text field identified by ``locator``.</doc>
<msg timestamp="20210526 15:28:58.881" level="INFO">Typing password into text field 'xpath://*[@id='password']'.</msg>
<msg timestamp="20210526 15:28:58.931" level="INFO">Temporally setting log level to: NONE</msg>
<msg timestamp="20210526 15:28:59.025" level="INFO">Log level changed from NONE to INFO.</msg>
<status status="PASS" starttime="20210526 15:28:58.881" endtime="20210526 15:28:59.026"/>
</kw>
<kw name="Press Keys" library="SeleniumLibrary">
<arg>${signInbutton}</arg>
<arg>RETURN</arg>
<doc>Simulates the user pressing key(s) to an element or on the active browser.</doc>
<msg timestamp="20210526 15:28:59.027" level="INFO">Sending key(s) ('RETURN',) to xpath://*[@id='password']/ancestor::div[2]/following-sibling::button element.</msg>
<msg timestamp="20210526 15:29:04.348" level="INFO">Pressing special key RETURN to element.</msg>
<msg timestamp="20210526 15:29:04.348" level="INFO">Releasing special key RETURN.</msg>
<status status="PASS" starttime="20210526 15:28:59.026" endtime="20210526 15:29:04.366"/>
</kw>
<status status="PASS" starttime="20210526 15:28:58.680" endtime="20210526 15:29:04.367"/>
</kw>
<kw name="Run Keyword And Return Status" library="BuiltIn">
<var>${status}</var>
<arg>wait until element is not visible</arg>
<arg>${signInbutton}</arg>
<doc>Runs the given keyword with given arguments and returns the status as a Boolean value.</doc>
<kw name="Wait Until Element Is Not Visible" library="SeleniumLibrary">
<arg>${signInbutton}</arg>
<doc>Waits until the element ``locator`` is not visible.</doc>
<kw name="Capture Page Screenshot" library="SeleniumLibrary">
<doc>Takes a screenshot of the current page and embeds it into a log file.</doc>
<msg timestamp="20210526 15:29:10.958" level="INFO" html="true">&lt;/td&gt;&lt;/tr&gt;&lt;tr&gt;&lt;td colspan="3"&gt;&lt;a href="selenium-screenshot-8.png"&gt;&lt;img src="selenium-screenshot-8.png" width="800px"&gt;&lt;/a&gt;</msg>
<status status="PASS" starttime="20210526 15:29:09.589" endtime="20210526 15:29:10.958"/>
</kw>
<msg timestamp="20210526 15:29:10.959" level="FAIL">Element 'xpath://*[@id='password']/ancestor::div[2]/following-sibling::button' still visible after 5 seconds.</msg>
<status status="FAIL" starttime="20210526 15:29:04.367" endtime="20210526 15:29:10.959"/>
</kw>
<msg timestamp="20210526 15:29:10.959" level="INFO">${status} = False</msg>
<status status="PASS" starttime="20210526 15:29:04.367" endtime="20210526 15:29:10.959"/>
</kw>
<kw name="Run Keyword Unless" library="BuiltIn">
<arg>${status}</arg>
<arg>fail</arg>
<arg>Login failed. Setup for test could not established</arg>
<doc>Runs the given keyword with the given arguments if ``condition`` is false.</doc>
<kw name="Fail" library="BuiltIn">
<arg>Login failed. Setup for test could not established</arg>
<doc>Fails the test with the given message and optionally alters its tags.</doc>
<msg timestamp="20210526 15:29:10.960" level="FAIL">Login failed. Setup for test could not established</msg>
<status status="FAIL" starttime="20210526 15:29:10.959" endtime="20210526 15:29:10.960"/>
</kw>
<status status="FAIL" starttime="20210526 15:29:10.959" endtime="20210526 15:29:10.960"/>
</kw>
<status status="FAIL" starttime="20210526 15:28:55.272" endtime="20210526 15:29:10.960"/>
</kw>
<kw name="End TestCase" library="CommonFunctions" type="TEARDOWN">
<kw name="Close Browser" library="SeleniumLibrary">
<doc>Closes the current browser.</doc>
<status status="PASS" starttime="20210526 15:29:10.961" endtime="20210526 15:29:13.220"/>
</kw>
<status status="PASS" starttime="20210526 15:29:10.961" endtime="20210526 15:29:13.220"/>
</kw>
<doc>This test case verify the create vessel form with invalid email</doc>
<tag>Function</tag>
<tag>NegativeCase</tag>
<tag>Validation</tag>
<status status="FAIL" starttime="20210526 15:28:55.270" endtime="20210526 15:29:13.222">Setup failed:
Login failed. Setup for test could not established</status>
</test>
<test id="s1-t9" name="Create new Vessel successfully without Transformation Date">
<kw name="Start TestCase With Login" library="CommonFunctions" type="SETUP">
<kw name="Start TestCase" library="CommonFunctions">
<kw name="Open Browser" library="SeleniumLibrary">
<arg>${url.${env}}</arg>
<arg>${browser}</arg>
<arg>executable_path=${executable_path}</arg>
<doc>Opens a new browser instance to the optional ``url``.</doc>
<msg timestamp="20210526 15:29:13.228" level="INFO">Opening browser 'chrome' to base url 'https://admin-mp.dev.sparescnx.com/'.</msg>
<status status="PASS" starttime="20210526 15:29:13.226" endtime="20210526 15:29:16.592"/>
</kw>
<kw name="Maximize Browser Window" library="SeleniumLibrary">
<doc>Maximizes current browser window.</doc>
<status status="PASS" starttime="20210526 15:29:16.592" endtime="20210526 15:29:16.710"/>
</kw>
<status status="PASS" starttime="20210526 15:29:13.225" endtime="20210526 15:29:16.710"/>
</kw>
<kw name="Login to Admin Portal Successfully" library="LoginPage">
<arg>${username.user1}</arg>
<arg>${password}</arg>
<kw name="Input Password" library="SeleniumLibrary">
<arg>${userNameField}</arg>
<arg>${username}</arg>
<doc>Types the given password into the text field identified by ``locator``.</doc>
<msg timestamp="20210526 15:29:16.712" level="INFO">Typing password into text field 'xpath://*[@id='username']'.</msg>
<msg timestamp="20210526 15:29:16.768" level="INFO">Temporally setting log level to: NONE</msg>
<msg timestamp="20210526 15:29:16.897" level="INFO">Log level changed from NONE to INFO.</msg>
<status status="PASS" starttime="20210526 15:29:16.712" endtime="20210526 15:29:16.897"/>
</kw>
<kw name="Input Password" library="SeleniumLibrary">
<arg>${passwordField}</arg>
<arg>${password}</arg>
<arg>clear: True</arg>
<doc>Types the given password into the text field identified by ``locator``.</doc>
<msg timestamp="20210526 15:29:16.898" level="INFO">Typing password into text field 'xpath://*[@id='password']'.</msg>
<msg timestamp="20210526 15:29:16.943" level="INFO">Temporally setting log level to: NONE</msg>
<msg timestamp="20210526 15:29:17.021" level="INFO">Log level changed from NONE to INFO.</msg>
<status status="PASS" starttime="20210526 15:29:16.897" endtime="20210526 15:29:17.022"/>
</kw>
<kw name="Press Keys" library="SeleniumLibrary">
<arg>${signInbutton}</arg>
<arg>RETURN</arg>
<doc>Simulates the user pressing key(s) to an element or on the active browser.</doc>
<msg timestamp="20210526 15:29:17.022" level="INFO">Sending key(s) ('RETURN',) to xpath://*[@id='password']/ancestor::div[2]/following-sibling::button element.</msg>
<msg timestamp="20210526 15:29:22.339" level="INFO">Pressing special key RETURN to element.</msg>
<msg timestamp="20210526 15:29:22.339" level="INFO">Releasing special key RETURN.</msg>
<status status="PASS" starttime="20210526 15:29:17.022" endtime="20210526 15:29:22.357"/>
</kw>
<status status="PASS" starttime="20210526 15:29:16.710" endtime="20210526 15:29:22.358"/>
</kw>
<kw name="Run Keyword And Return Status" library="BuiltIn">
<var>${status}</var>
<arg>wait until element is not visible</arg>
<arg>${signInbutton}</arg>
<doc>Runs the given keyword with given arguments and returns the status as a Boolean value.</doc>
<kw name="Wait Until Element Is Not Visible" library="SeleniumLibrary">
<arg>${signInbutton}</arg>
<doc>Waits until the element ``locator`` is not visible.</doc>
<kw name="Capture Page Screenshot" library="SeleniumLibrary">
<doc>Takes a screenshot of the current page and embeds it into a log file.</doc>
<msg timestamp="20210526 15:29:28.710" level="INFO" html="true">&lt;/td&gt;&lt;/tr&gt;&lt;tr&gt;&lt;td colspan="3"&gt;&lt;a href="selenium-screenshot-9.png"&gt;&lt;img src="selenium-screenshot-9.png" width="800px"&gt;&lt;/a&gt;</msg>
<status status="PASS" starttime="20210526 15:29:27.400" endtime="20210526 15:29:28.710"/>
</kw>
<msg timestamp="20210526 15:29:28.710" level="FAIL">Element 'xpath://*[@id='password']/ancestor::div[2]/following-sibling::button' still visible after 5 seconds.</msg>
<status status="FAIL" starttime="20210526 15:29:22.358" endtime="20210526 15:29:28.711"/>
</kw>
<msg timestamp="20210526 15:29:28.711" level="INFO">${status} = False</msg>
<status status="PASS" starttime="20210526 15:29:22.358" endtime="20210526 15:29:28.711"/>
</kw>
<kw name="Run Keyword Unless" library="BuiltIn">
<arg>${status}</arg>
<arg>fail</arg>
<arg>Login failed. Setup for test could not established</arg>
<doc>Runs the given keyword with the given arguments if ``condition`` is false.</doc>
<kw name="Fail" library="BuiltIn">
<arg>Login failed. Setup for test could not established</arg>
<doc>Fails the test with the given message and optionally alters its tags.</doc>
<msg timestamp="20210526 15:29:28.711" level="FAIL">Login failed. Setup for test could not established</msg>
<status status="FAIL" starttime="20210526 15:29:28.711" endtime="20210526 15:29:28.711"/>
</kw>
<status status="FAIL" starttime="20210526 15:29:28.711" endtime="20210526 15:29:28.712"/>
</kw>
<status status="FAIL" starttime="20210526 15:29:13.225" endtime="20210526 15:29:28.712"/>
</kw>
<kw name="End TestCase" library="CommonFunctions" type="TEARDOWN">
<kw name="Close Browser" library="SeleniumLibrary">
<doc>Closes the current browser.</doc>
<status status="PASS" starttime="20210526 15:29:28.713" endtime="20210526 15:29:30.916"/>
</kw>
<status status="PASS" starttime="20210526 15:29:28.713" endtime="20210526 15:29:30.916"/>
</kw>
<doc>This test case verify the create vessel successfully</doc>
<tag>Function</tag>
<tag>Happy Case</tag>
<status status="FAIL" starttime="20210526 15:29:13.224" endtime="20210526 15:29:30.917">Setup failed:
Login failed. Setup for test could not established</status>
</test>
<test id="s1-t10" name="Create new Vessel successfully with Transformation Date in the past time">
<kw name="Start TestCase With Login" library="CommonFunctions" type="SETUP">
<kw name="Start TestCase" library="CommonFunctions">
<kw name="Open Browser" library="SeleniumLibrary">
<arg>${url.${env}}</arg>
<arg>${browser}</arg>
<arg>executable_path=${executable_path}</arg>
<doc>Opens a new browser instance to the optional ``url``.</doc>
<msg timestamp="20210526 15:29:30.924" level="INFO">Opening browser 'chrome' to base url 'https://admin-mp.dev.sparescnx.com/'.</msg>
<status status="PASS" starttime="20210526 15:29:30.923" endtime="20210526 15:29:34.427"/>
</kw>
<kw name="Maximize Browser Window" library="SeleniumLibrary">
<doc>Maximizes current browser window.</doc>
<status status="PASS" starttime="20210526 15:29:34.428" endtime="20210526 15:29:34.556"/>
</kw>
<status status="PASS" starttime="20210526 15:29:30.922" endtime="20210526 15:29:34.556"/>
</kw>
<kw name="Login to Admin Portal Successfully" library="LoginPage">
<arg>${username.user1}</arg>
<arg>${password}</arg>
<kw name="Input Password" library="SeleniumLibrary">
<arg>${userNameField}</arg>
<arg>${username}</arg>
<doc>Types the given password into the text field identified by ``locator``.</doc>
<msg timestamp="20210526 15:29:34.559" level="INFO">Typing password into text field 'xpath://*[@id='username']'.</msg>
<msg timestamp="20210526 15:29:34.619" level="INFO">Temporally setting log level to: NONE</msg>
<msg timestamp="20210526 15:29:34.754" level="INFO">Log level changed from NONE to INFO.</msg>
<status status="PASS" starttime="20210526 15:29:34.559" endtime="20210526 15:29:34.754"/>
</kw>
<kw name="Input Password" library="SeleniumLibrary">
<arg>${passwordField}</arg>
<arg>${password}</arg>
<arg>clear: True</arg>
<doc>Types the given password into the text field identified by ``locator``.</doc>
<msg timestamp="20210526 15:29:34.754" level="INFO">Typing password into text field 'xpath://*[@id='password']'.</msg>
<msg timestamp="20210526 15:29:34.796" level="INFO">Temporally setting log level to: NONE</msg>
<msg timestamp="20210526 15:29:34.870" level="INFO">Log level changed from NONE to INFO.</msg>
<status status="PASS" starttime="20210526 15:29:34.754" endtime="20210526 15:29:34.870"/>
</kw>
<kw name="Press Keys" library="SeleniumLibrary">
<arg>${signInbutton}</arg>
<arg>RETURN</arg>
<doc>Simulates the user pressing key(s) to an element or on the active browser.</doc>
<msg timestamp="20210526 15:29:34.871" level="INFO">Sending key(s) ('RETURN',) to xpath://*[@id='password']/ancestor::div[2]/following-sibling::button element.</msg>
<msg timestamp="20210526 15:29:40.187" level="INFO">Pressing special key RETURN to element.</msg>
<msg timestamp="20210526 15:29:40.188" level="INFO">Releasing special key RETURN.</msg>
<status status="PASS" starttime="20210526 15:29:34.870" endtime="20210526 15:29:40.207"/>
</kw>
<status status="PASS" starttime="20210526 15:29:34.557" endtime="20210526 15:29:40.207"/>
</kw>
<kw name="Run Keyword And Return Status" library="BuiltIn">
<var>${status}</var>
<arg>wait until element is not visible</arg>
<arg>${signInbutton}</arg>
<doc>Runs the given keyword with given arguments and returns the status as a Boolean value.</doc>
<kw name="Wait Until Element Is Not Visible" library="SeleniumLibrary">
<arg>${signInbutton}</arg>
<doc>Waits until the element ``locator`` is not visible.</doc>
<kw name="Capture Page Screenshot" library="SeleniumLibrary">
<doc>Takes a screenshot of the current page and embeds it into a log file.</doc>
<msg timestamp="20210526 15:29:46.791" level="INFO" html="true">&lt;/td&gt;&lt;/tr&gt;&lt;tr&gt;&lt;td colspan="3"&gt;&lt;a href="selenium-screenshot-10.png"&gt;&lt;img src="selenium-screenshot-10.png" width="800px"&gt;&lt;/a&gt;</msg>
<status status="PASS" starttime="20210526 15:29:45.274" endtime="20210526 15:29:46.791"/>
</kw>
<msg timestamp="20210526 15:29:46.792" level="FAIL">Element 'xpath://*[@id='password']/ancestor::div[2]/following-sibling::button' still visible after 5 seconds.</msg>
<status status="FAIL" starttime="20210526 15:29:40.208" endtime="20210526 15:29:46.792"/>
</kw>
<msg timestamp="20210526 15:29:46.792" level="INFO">${status} = False</msg>
<status status="PASS" starttime="20210526 15:29:40.207" endtime="20210526 15:29:46.792"/>
</kw>
<kw name="Run Keyword Unless" library="BuiltIn">
<arg>${status}</arg>
<arg>fail</arg>
<arg>Login failed. Setup for test could not established</arg>
<doc>Runs the given keyword with the given arguments if ``condition`` is false.</doc>
<kw name="Fail" library="BuiltIn">
<arg>Login failed. Setup for test could not established</arg>
<doc>Fails the test with the given message and optionally alters its tags.</doc>
<msg timestamp="20210526 15:29:46.793" level="FAIL">Login failed. Setup for test could not established</msg>
<status status="FAIL" starttime="20210526 15:29:46.793" endtime="20210526 15:29:46.794"/>
</kw>
<status status="FAIL" starttime="20210526 15:29:46.793" endtime="20210526 15:29:46.794"/>
</kw>
<status status="FAIL" starttime="20210526 15:29:30.922" endtime="20210526 15:29:46.794"/>
</kw>
<kw name="End TestCase" library="CommonFunctions" type="TEARDOWN">
<kw name="Close Browser" library="SeleniumLibrary">
<doc>Closes the current browser.</doc>
<status status="PASS" starttime="20210526 15:29:46.796" endtime="20210526 15:29:48.989"/>
</kw>
<status status="PASS" starttime="20210526 15:29:46.795" endtime="20210526 15:29:48.989"/>
</kw>
<doc>This test case verify the create vessel with past transformation date successfully</doc>
<tag>Function</tag>
<tag>HappyCase</tag>
<status status="FAIL" starttime="20210526 15:29:30.921" endtime="20210526 15:29:48.991">Setup failed:
Login failed. Setup for test could not established</status>
</test>
<test id="s1-t11" name="Create new Vessel successfully with Transformation Date in the future time">
<kw name="Start TestCase With Login" library="CommonFunctions" type="SETUP">
<kw name="Start TestCase" library="CommonFunctions">
<kw name="Open Browser" library="SeleniumLibrary">
<arg>${url.${env}}</arg>
<arg>${browser}</arg>
<arg>executable_path=${executable_path}</arg>
<doc>Opens a new browser instance to the optional ``url``.</doc>
<msg timestamp="20210526 15:29:48.996" level="INFO">Opening browser 'chrome' to base url 'https://admin-mp.dev.sparescnx.com/'.</msg>
<status status="PASS" starttime="20210526 15:29:48.995" endtime="20210526 15:29:52.472"/>
</kw>
<kw name="Maximize Browser Window" library="SeleniumLibrary">
<doc>Maximizes current browser window.</doc>
<status status="PASS" starttime="20210526 15:29:52.472" endtime="20210526 15:29:52.606"/>
</kw>
<status status="PASS" starttime="20210526 15:29:48.994" endtime="20210526 15:29:52.606"/>
</kw>
<kw name="Login to Admin Portal Successfully" library="LoginPage">
<arg>${username.user1}</arg>
<arg>${password}</arg>
<kw name="Input Password" library="SeleniumLibrary">
<arg>${userNameField}</arg>
<arg>${username}</arg>
<doc>Types the given password into the text field identified by ``locator``.</doc>
<msg timestamp="20210526 15:29:52.609" level="INFO">Typing password into text field 'xpath://*[@id='username']'.</msg>
<msg timestamp="20210526 15:29:52.672" level="INFO">Temporally setting log level to: NONE</msg>
<msg timestamp="20210526 15:29:52.791" level="INFO">Log level changed from NONE to INFO.</msg>
<status status="PASS" starttime="20210526 15:29:52.609" endtime="20210526 15:29:52.791"/>
</kw>
<kw name="Input Password" library="SeleniumLibrary">
<arg>${passwordField}</arg>
<arg>${password}</arg>
<arg>clear: True</arg>
<doc>Types the given password into the text field identified by ``locator``.</doc>
<msg timestamp="20210526 15:29:52.792" level="INFO">Typing password into text field 'xpath://*[@id='password']'.</msg>
<msg timestamp="20210526 15:29:52.837" level="INFO">Temporally setting log level to: NONE</msg>
<msg timestamp="20210526 15:29:52.921" level="INFO">Log level changed from NONE to INFO.</msg>
<status status="PASS" starttime="20210526 15:29:52.791" endtime="20210526 15:29:52.921"/>
</kw>
<kw name="Press Keys" library="SeleniumLibrary">
<arg>${signInbutton}</arg>
<arg>RETURN</arg>
<doc>Simulates the user pressing key(s) to an element or on the active browser.</doc>
<msg timestamp="20210526 15:29:52.922" level="INFO">Sending key(s) ('RETURN',) to xpath://*[@id='password']/ancestor::div[2]/following-sibling::button element.</msg>
<msg timestamp="20210526 15:29:53.509" level="INFO">Pressing special key RETURN to element.</msg>
<msg timestamp="20210526 15:29:53.510" level="INFO">Releasing special key RETURN.</msg>
<status status="PASS" starttime="20210526 15:29:52.921" endtime="20210526 15:29:53.537"/>
</kw>
<status status="PASS" starttime="20210526 15:29:52.606" endtime="20210526 15:29:53.537"/>
</kw>
<kw name="Run Keyword And Return Status" library="BuiltIn">
<var>${status}</var>
<arg>wait until element is not visible</arg>
<arg>${signInbutton}</arg>
<doc>Runs the given keyword with given arguments and returns the status as a Boolean value.</doc>
<kw name="Wait Until Element Is Not Visible" library="SeleniumLibrary">
<arg>${signInbutton}</arg>
<doc>Waits until the element ``locator`` is not visible.</doc>
<kw name="Capture Page Screenshot" library="SeleniumLibrary">
<doc>Takes a screenshot of the current page and embeds it into a log file.</doc>
<msg timestamp="20210526 15:29:59.454" level="INFO" html="true">&lt;/td&gt;&lt;/tr&gt;&lt;tr&gt;&lt;td colspan="3"&gt;&lt;a href="selenium-screenshot-11.png"&gt;&lt;img src="selenium-screenshot-11.png" width="800px"&gt;&lt;/a&gt;</msg>
<status status="PASS" starttime="20210526 15:29:58.584" endtime="20210526 15:29:59.454"/>
</kw>
<msg timestamp="20210526 15:29:59.455" level="FAIL">Element 'xpath://*[@id='password']/ancestor::div[2]/following-sibling::button' still visible after 5 seconds.</msg>
<status status="FAIL" starttime="20210526 15:29:53.538" endtime="20210526 15:29:59.456"/>
</kw>
<msg timestamp="20210526 15:29:59.456" level="INFO">${status} = False</msg>
<status status="PASS" starttime="20210526 15:29:53.537" endtime="20210526 15:29:59.456"/>
</kw>
<kw name="Run Keyword Unless" library="BuiltIn">
<arg>${status}</arg>
<arg>fail</arg>
<arg>Login failed. Setup for test could not established</arg>
<doc>Runs the given keyword with the given arguments if ``condition`` is false.</doc>
<kw name="Fail" library="BuiltIn">
<arg>Login failed. Setup for test could not established</arg>
<doc>Fails the test with the given message and optionally alters its tags.</doc>
<msg timestamp="20210526 15:29:59.457" level="FAIL">Login failed. Setup for test could not established</msg>
<status status="FAIL" starttime="20210526 15:29:59.457" endtime="20210526 15:29:59.457"/>
</kw>
<status status="FAIL" starttime="20210526 15:29:59.456" endtime="20210526 15:29:59.457"/>
</kw>
<status status="FAIL" starttime="20210526 15:29:48.994" endtime="20210526 15:29:59.457"/>
</kw>
<kw name="End TestCase" library="CommonFunctions" type="TEARDOWN">
<kw name="Close Browser" library="SeleniumLibrary">
<doc>Closes the current browser.</doc>
<status status="PASS" starttime="20210526 15:29:59.458" endtime="20210526 15:30:01.640"/>
</kw>
<status status="PASS" starttime="20210526 15:29:59.458" endtime="20210526 15:30:01.640"/>
</kw>
<doc>This test case verify the create vessel with future transformation date successfully</doc>
<tag>Function</tag>
<tag>HappyCase</tag>
<status status="FAIL" starttime="20210526 15:29:48.993" endtime="20210526 15:30:01.641">Setup failed:
Login failed. Setup for test could not established</status>
</test>
<test id="s1-t12" name="Create new Vessel successfully with Transformation Date as current date">
<kw name="Start TestCase With Login" library="CommonFunctions" type="SETUP">
<kw name="Start TestCase" library="CommonFunctions">
<kw name="Open Browser" library="SeleniumLibrary">
<arg>${url.${env}}</arg>
<arg>${browser}</arg>
<arg>executable_path=${executable_path}</arg>
<doc>Opens a new browser instance to the optional ``url``.</doc>
<msg timestamp="20210526 15:30:01.646" level="INFO">Opening browser 'chrome' to base url 'https://admin-mp.dev.sparescnx.com/'.</msg>
<status status="PASS" starttime="20210526 15:30:01.645" endtime="20210526 15:30:04.987"/>
</kw>
<kw name="Maximize Browser Window" library="SeleniumLibrary">
<doc>Maximizes current browser window.</doc>
<status status="PASS" starttime="20210526 15:30:04.988" endtime="20210526 15:30:05.159"/>
</kw>
<status status="PASS" starttime="20210526 15:30:01.644" endtime="20210526 15:30:05.160"/>
</kw>
<kw name="Login to Admin Portal Successfully" library="LoginPage">
<arg>${username.user1}</arg>
<arg>${password}</arg>
<kw name="Input Password" library="SeleniumLibrary">
<arg>${userNameField}</arg>
<arg>${username}</arg>
<doc>Types the given password into the text field identified by ``locator``.</doc>
<msg timestamp="20210526 15:30:05.163" level="INFO">Typing password into text field 'xpath://*[@id='username']'.</msg>
<msg timestamp="20210526 15:30:05.218" level="INFO">Temporally setting log level to: NONE</msg>
<msg timestamp="20210526 15:30:05.337" level="INFO">Log level changed from NONE to INFO.</msg>
<status status="PASS" starttime="20210526 15:30:05.162" endtime="20210526 15:30:05.337"/>
</kw>
<kw name="Input Password" library="SeleniumLibrary">
<arg>${passwordField}</arg>
<arg>${password}</arg>
<arg>clear: True</arg>
<doc>Types the given password into the text field identified by ``locator``.</doc>
<msg timestamp="20210526 15:30:05.338" level="INFO">Typing password into text field 'xpath://*[@id='password']'.</msg>
<msg timestamp="20210526 15:30:05.382" level="INFO">Temporally setting log level to: NONE</msg>
<msg timestamp="20210526 15:30:05.462" level="INFO">Log level changed from NONE to INFO.</msg>
<status status="PASS" starttime="20210526 15:30:05.337" endtime="20210526 15:30:05.462"/>
</kw>
<kw name="Press Keys" library="SeleniumLibrary">
<arg>${signInbutton}</arg>
<arg>RETURN</arg>
<doc>Simulates the user pressing key(s) to an element or on the active browser.</doc>
<msg timestamp="20210526 15:30:05.463" level="INFO">Sending key(s) ('RETURN',) to xpath://*[@id='password']/ancestor::div[2]/following-sibling::button element.</msg>
<msg timestamp="20210526 15:30:10.789" level="INFO">Pressing special key RETURN to element.</msg>
<msg timestamp="20210526 15:30:10.789" level="INFO">Releasing special key RETURN.</msg>
<status status="PASS" starttime="20210526 15:30:05.462" endtime="20210526 15:30:10.808"/>
</kw>
<status status="PASS" starttime="20210526 15:30:05.160" endtime="20210526 15:30:10.808"/>
</kw>
<kw name="Run Keyword And Return Status" library="BuiltIn">
<var>${status}</var>
<arg>wait until element is not visible</arg>
<arg>${signInbutton}</arg>
<doc>Runs the given keyword with given arguments and returns the status as a Boolean value.</doc>
<kw name="Wait Until Element Is Not Visible" library="SeleniumLibrary">
<arg>${signInbutton}</arg>
<doc>Waits until the element ``locator`` is not visible.</doc>
<kw name="Capture Page Screenshot" library="SeleniumLibrary">
<doc>Takes a screenshot of the current page and embeds it into a log file.</doc>
<msg timestamp="20210526 15:30:17.210" level="INFO" html="true">&lt;/td&gt;&lt;/tr&gt;&lt;tr&gt;&lt;td colspan="3"&gt;&lt;a href="selenium-screenshot-12.png"&gt;&lt;img src="selenium-screenshot-12.png" width="800px"&gt;&lt;/a&gt;</msg>
<status status="PASS" starttime="20210526 15:30:15.897" endtime="20210526 15:30:17.211"/>
</kw>
<msg timestamp="20210526 15:30:17.212" level="FAIL">Element 'xpath://*[@id='password']/ancestor::div[2]/following-sibling::button' still visible after 5 seconds.</msg>
<status status="FAIL" starttime="20210526 15:30:10.809" endtime="20210526 15:30:17.212"/>
</kw>
<msg timestamp="20210526 15:30:17.212" level="INFO">${status} = False</msg>
<status status="PASS" starttime="20210526 15:30:10.808" endtime="20210526 15:30:17.212"/>
</kw>
<kw name="Run Keyword Unless" library="BuiltIn">
<arg>${status}</arg>
<arg>fail</arg>
<arg>Login failed. Setup for test could not established</arg>
<doc>Runs the given keyword with the given arguments if ``condition`` is false.</doc>
<kw name="Fail" library="BuiltIn">
<arg>Login failed. Setup for test could not established</arg>
<doc>Fails the test with the given message and optionally alters its tags.</doc>
<msg timestamp="20210526 15:30:17.214" level="FAIL">Login failed. Setup for test could not established</msg>
<status status="FAIL" starttime="20210526 15:30:17.213" endtime="20210526 15:30:17.214"/>
</kw>
<status status="FAIL" starttime="20210526 15:30:17.212" endtime="20210526 15:30:17.214"/>
</kw>
<status status="FAIL" starttime="20210526 15:30:01.644" endtime="20210526 15:30:17.214"/>
</kw>
<kw name="End TestCase" library="CommonFunctions" type="TEARDOWN">
<kw name="Close Browser" library="SeleniumLibrary">
<doc>Closes the current browser.</doc>
<status status="PASS" starttime="20210526 15:30:17.216" endtime="20210526 15:30:19.421"/>
</kw>
<status status="PASS" starttime="20210526 15:30:17.215" endtime="20210526 15:30:19.421"/>
</kw>
<doc>This test case verify the create vessel with future transformation date successfully</doc>
<tag>Function</tag>
<tag>HappyCase</tag>
<status status="FAIL" starttime="20210526 15:30:01.643" endtime="20210526 15:30:19.422">Setup failed:
Login failed. Setup for test could not established</status>
</test>
<status status="FAIL" starttime="20210526 15:26:47.382" endtime="20210526 15:30:19.426"/>
</suite>
<statistics>
<total>
<stat pass="0" fail="12" skip="0">All Tests</stat>
</total>
<tag>
<stat pass="0" fail="6" skip="0">Function</stat>
<stat pass="0" fail="4" skip="0">Happy Case</stat>
<stat pass="0" fail="7" skip="0">NegativeCase</stat>
<stat pass="0" fail="6" skip="0">UI</stat>
<stat pass="0" fail="7" skip="0">Validation</stat>
</tag>
<suite>
<stat pass="0" fail="12" skip="0" id="s1" name="AddVessel">AddVessel</stat>
</suite>
</statistics>
<errors>
</errors>
</robot>
