<?xml version="1.0" encoding="UTF-8"?>
<robot generator="Robot 4.0.1 (Python 3.8.5 on win32)" generated="20210510 11:36:52.646" rpa="false" schemaversion="2">
<suite id="s1" name="AddVesselClass" source="C:\Users\User\Documents\GitHub\Auto-AdminPortal\Tests\FunctionalTests\ShipOwnersMenu\AddVesselClass.robot">
<test id="s1-t1" name="Verify the Add New Vessel Class form">
<kw name="Start TestCase With Login" library="CommonFunctions" type="SETUP">
<kw name="Start TestCase" library="CommonFunctions">
<kw name="Open Browser" library="SeleniumLibrary">
<arg>${url.${env}}</arg>
<arg>${browser}</arg>
<arg>executable_path=${executable_path}</arg>
<doc>Opens a new browser instance to the optional ``url``.</doc>
<msg timestamp="20210510 11:36:53.200" level="INFO">Opening browser 'chrome' to base url 'https://admin-mp.dev.sparescnx.com/'.</msg>
<status status="PASS" starttime="20210510 11:36:53.199" endtime="20210510 11:36:57.253"/>
</kw>
<kw name="Maximize Browser Window" library="SeleniumLibrary">
<doc>Maximizes current browser window.</doc>
<status status="PASS" starttime="20210510 11:36:57.253" endtime="20210510 11:36:57.423"/>
</kw>
<status status="PASS" starttime="20210510 11:36:53.199" endtime="20210510 11:36:57.424"/>
</kw>
<kw name="Login to Admin Portal Successfully" library="LoginPage">
<arg>${username.user1}</arg>
<arg>${password}</arg>
<kw name="Input Password" library="SeleniumLibrary">
<arg>${userNameField}</arg>
<arg>${username}</arg>
<doc>Types the given password into the text field identified by ``locator``.</doc>
<msg timestamp="20210510 11:36:57.433" level="INFO">Typing password into text field 'xpath://*[@id='username']'.</msg>
<msg timestamp="20210510 11:36:57.532" level="INFO">Temporally setting log level to: NONE</msg>
<msg timestamp="20210510 11:36:57.721" level="INFO">Log level changed from NONE to INFO.</msg>
<status status="PASS" starttime="20210510 11:36:57.431" endtime="20210510 11:36:57.722"/>
</kw>
<kw name="Input Password" library="SeleniumLibrary">
<arg>${passwordField}</arg>
<arg>${password}</arg>
<arg>clear: True</arg>
<doc>Types the given password into the text field identified by ``locator``.</doc>
<msg timestamp="20210510 11:36:57.723" level="INFO">Typing password into text field 'xpath://*[@id='password']'.</msg>
<msg timestamp="20210510 11:36:57.793" level="INFO">Temporally setting log level to: NONE</msg>
<msg timestamp="20210510 11:36:57.889" level="INFO">Log level changed from NONE to INFO.</msg>
<status status="PASS" starttime="20210510 11:36:57.722" endtime="20210510 11:36:57.889"/>
</kw>
<kw name="Press Keys" library="SeleniumLibrary">
<arg>${signInbutton}</arg>
<arg>RETURN</arg>
<doc>Simulates the user pressing key(s) to an element or on the active browser.</doc>
<msg timestamp="20210510 11:36:57.891" level="INFO">Sending key(s) ('RETURN',) to xpath://*[@id='password']/ancestor::div[2]/following-sibling::button element.</msg>
<msg timestamp="20210510 11:37:03.230" level="INFO">Pressing special key RETURN to element.</msg>
<msg timestamp="20210510 11:37:03.230" level="INFO">Releasing special key RETURN.</msg>
<status status="PASS" starttime="20210510 11:36:57.890" endtime="20210510 11:37:03.263"/>
</kw>
<status status="PASS" starttime="20210510 11:36:57.424" endtime="20210510 11:37:03.263"/>
</kw>
<kw name="Run Keyword And Return Status" library="BuiltIn">
<var>${status}</var>
<arg>wait until element is not visible</arg>
<arg>${signInbutton}</arg>
<doc>Runs the given keyword with given arguments and returns the status as a Boolean value.</doc>
<kw name="Wait Until Element Is Not Visible" library="SeleniumLibrary">
<arg>${signInbutton}</arg>
<doc>Waits until the element ``locator`` is not visible.</doc>
<status status="PASS" starttime="20210510 11:37:03.264" endtime="20210510 11:37:04.471"/>
</kw>
<msg timestamp="20210510 11:37:04.471" level="INFO">${status} = True</msg>
<status status="PASS" starttime="20210510 11:37:03.264" endtime="20210510 11:37:04.471"/>
</kw>
<kw name="Run Keyword Unless" library="BuiltIn">
<arg>${status}</arg>
<arg>fail</arg>
<arg>Login failed. Setup for test could not established</arg>
<doc>Runs the given keyword with the given arguments if ``condition`` is false.</doc>
<status status="PASS" starttime="20210510 11:37:04.471" endtime="20210510 11:37:04.472"/>
</kw>
<status status="PASS" starttime="20210510 11:36:53.198" endtime="20210510 11:37:04.473"/>
</kw>
<kw name="Given User go to Vessel Class then open Create new form" library="VesselClassUserDefineKeywords">
<kw name="User go to Ship Owner page" library="ShipOwnersUserDefineKeywords">
<kw name="Wait Until Element Is Visible" library="SeleniumLibrary">
<arg>${shipOwnersMenu}</arg>
<arg>10s</arg>
<doc>Waits until the element ``locator`` is visible.</doc>
<status status="PASS" starttime="20210510 11:37:04.474" endtime="20210510 11:37:04.763"/>
</kw>
<kw name="Click Element" library="SeleniumLibrary">
<arg>${shipOwnersMenu}</arg>
<doc>Click the element identified by ``locator``.</doc>
<msg timestamp="20210510 11:37:04.764" level="INFO">Clicking element 'xpath://div[@role='button' and contains(.,'Ship Owners')]'.</msg>
<status status="PASS" starttime="20210510 11:37:04.764" endtime="20210510 11:37:04.845"/>
</kw>
<kw name="Run Keyword And Return Status" library="BuiltIn">
<var>${passed}</var>
<arg>wait until page contains element</arg>
<arg>${itemInTable}</arg>
<arg>10s</arg>
<doc>Runs the given keyword with given arguments and returns the status as a Boolean value.</doc>
<kw name="Wait Until Page Contains Element" library="SeleniumLibrary">
<arg>${itemInTable}</arg>
<arg>10s</arg>
<doc>Waits until the element ``locator`` appears on the current page.</doc>
<status status="PASS" starttime="20210510 11:37:04.846" endtime="20210510 11:37:08.612"/>
</kw>
<msg timestamp="20210510 11:37:08.612" level="INFO">${passed} = True</msg>
<status status="PASS" starttime="20210510 11:37:04.846" endtime="20210510 11:37:08.612"/>
</kw>
<kw name="Run Keyword Unless" library="BuiltIn">
<arg>${passed}</arg>
<arg>fail</arg>
<arg>The list of ship owners could not shown after 10s waiting</arg>
<doc>Runs the given keyword with the given arguments if ``condition`` is false.</doc>
<status status="PASS" starttime="20210510 11:37:08.612" endtime="20210510 11:37:08.612"/>
</kw>
<kw name="Get Text" library="SeleniumLibrary">
<var>${totalItem}</var>
<arg>${itemInTable}</arg>
<doc>Returns the text value of the element identified by ``locator``.</doc>
<msg timestamp="20210510 11:37:08.660" level="INFO">${totalItem} = 1-1 of 1</msg>
<status status="PASS" starttime="20210510 11:37:08.612" endtime="20210510 11:37:08.660"/>
</kw>
<kw name="Run Keyword Unless" library="BuiltIn">
<arg>'${totalItem}'== '0-0 of 0'</arg>
<arg>click element</arg>
<arg>${firstItemOfTable}</arg>
<doc>Runs the given keyword with the given arguments if ``condition`` is false.</doc>
<kw name="Click Element" library="SeleniumLibrary">
<arg>${firstItemOfTable}</arg>
<doc>Click the element identified by ``locator``.</doc>
<msg timestamp="20210510 11:37:08.661" level="INFO">Clicking element 'xpath://table[@role='grid']/tbody/tr/td[1]'.</msg>
<status status="PASS" starttime="20210510 11:37:08.661" endtime="20210510 11:37:08.757"/>
</kw>
<status status="PASS" starttime="20210510 11:37:08.660" endtime="20210510 11:37:08.757"/>
</kw>
<status status="PASS" starttime="20210510 11:37:04.474" endtime="20210510 11:37:08.757"/>
</kw>
<kw name="User clicks on the menu &quot;VESSEL CLASSES&quot;" library="ShipOwnersUserDefineKeywords" sourcename="User clicks on the menu &quot;${menuTabName}&quot;">
<kw name="Wait Until Page Contains Element" library="SeleniumLibrary">
<arg>${vesselMenu}</arg>
<arg>20s</arg>
<doc>Waits until the element ``locator`` appears on the current page.</doc>
<status status="PASS" starttime="20210510 11:37:08.758" endtime="20210510 11:37:09.497"/>
</kw>
<kw name="Get Variable Value" library="BuiltIn">
<var>${menuName}</var>
<arg>${menuTabName}</arg>
<doc>Returns variable value or ``default`` if the variable does not exist.</doc>
<msg timestamp="20210510 11:37:09.499" level="INFO">${menuName} = VESSEL CLASSES</msg>
<status status="PASS" starttime="20210510 11:37:09.498" endtime="20210510 11:37:09.499"/>
</kw>
<kw name="Run Keyword If" library="BuiltIn">
<arg>'${menuName}'=='VESSELS'</arg>
<arg>Click tab button</arg>
<arg>${menuName}</arg>
<arg>ELSE IF</arg>
<arg>'${menuName}'=='INFO'</arg>
<arg>Click tab button</arg>
<arg>${menuName}</arg>
<arg>ELSE IF</arg>
<arg>'${menuName}'=='VESSEL CLASSES'</arg>
<arg>Click tab button</arg>
<arg>${menuName}</arg>
<arg>ELSE IF</arg>
<arg>'${menuName}'=='SETTINGS'</arg>
<arg>Click tab button</arg>
<arg>${menuName}</arg>
<arg>ELSE</arg>
<arg>fail</arg>
<arg>Incorrect tab menu</arg>
<arg>[Return]</arg>
<doc>Runs the given keyword with the given arguments, if ``condition`` is true.</doc>
<kw name="Click tab button" library="ShipOwnersPage">
<arg>${menuName}</arg>
<kw name="Set Variable" library="BuiltIn">
<var>${menuButton}</var>
<arg>xpath://button[contains(., '${menuButtonName}')]</arg>
<doc>Returns the given values which can then be assigned to a variables.</doc>
<msg timestamp="20210510 11:37:09.502" level="INFO">${menuButton} = xpath://button[contains(., 'VESSEL CLASSES')]</msg>
<status status="PASS" starttime="20210510 11:37:09.502" endtime="20210510 11:37:09.502"/>
</kw>
<kw name="Wait Until Element Is Visible" library="SeleniumLibrary">
<arg>${menuButton}</arg>
<arg>10s</arg>
<arg>${menuButtonName} is not visibale after 10s</arg>
<doc>Waits until the element ``locator`` is visible.</doc>
<status status="PASS" starttime="20210510 11:37:09.502" endtime="20210510 11:37:09.535"/>
</kw>
<kw name="Click Button" library="SeleniumLibrary">
<arg>${menuButton}</arg>
<doc>Clicks the button identified by ``locator``.</doc>
<msg timestamp="20210510 11:37:09.536" level="INFO">Clicking button 'xpath://button[contains(., 'VESSEL CLASSES')]'.</msg>
<status status="PASS" starttime="20210510 11:37:09.536" endtime="20210510 11:37:09.714"/>
</kw>
<status status="PASS" starttime="20210510 11:37:09.500" endtime="20210510 11:37:09.715"/>
</kw>
<status status="PASS" starttime="20210510 11:37:09.499" endtime="20210510 11:37:09.715"/>
</kw>
<status status="PASS" starttime="20210510 11:37:08.758" endtime="20210510 11:37:09.715"/>
</kw>
<kw name="User click Create button" library="CommonFunctions" sourcename="User click ${buttonName} button">
<kw name="Set Variable" library="BuiltIn">
<var>${buttonLocation}</var>
<arg>xpath://button[contains(.,'${buttonName}')]</arg>
<doc>Returns the given values which can then be assigned to a variables.</doc>
<msg timestamp="20210510 11:37:09.717" level="INFO">${buttonLocation} = xpath://button[contains(.,'Create')]</msg>
<status status="PASS" starttime="20210510 11:37:09.716" endtime="20210510 11:37:09.717"/>
</kw>
<kw name="Run Keyword And Return Status" library="BuiltIn">
<var>${passed}</var>
<arg>wait until element is visible</arg>
<arg>${buttonLocation}</arg>
<arg>40s</arg>
<doc>Runs the given keyword with given arguments and returns the status as a Boolean value.</doc>
<kw name="Wait Until Element Is Visible" library="SeleniumLibrary">
<arg>${buttonLocation}</arg>
<arg>40s</arg>
<doc>Waits until the element ``locator`` is visible.</doc>
<status status="PASS" starttime="20210510 11:37:09.718" endtime="20210510 11:37:10.239"/>
</kw>
<msg timestamp="20210510 11:37:10.239" level="INFO">${passed} = True</msg>
<status status="PASS" starttime="20210510 11:37:09.717" endtime="20210510 11:37:10.239"/>
</kw>
<kw name="Run Keyword If" library="BuiltIn">
<arg>${passed}</arg>
<arg>click button</arg>
<arg>${buttonLocation}</arg>
<arg>ELSE</arg>
<arg>wait until keyword succeeds</arg>
<arg>50s</arg>
<arg>5s</arg>
<arg>click button</arg>
<arg>${buttonLocation}</arg>
<doc>Runs the given keyword with the given arguments, if ``condition`` is true.</doc>
<kw name="Click Button" library="SeleniumLibrary">
<arg>${buttonLocation}</arg>
<doc>Clicks the button identified by ``locator``.</doc>
<msg timestamp="20210510 11:37:10.240" level="INFO">Clicking button 'xpath://button[contains(.,'Create')]'.</msg>
<status status="PASS" starttime="20210510 11:37:10.240" endtime="20210510 11:37:10.376"/>
</kw>
<status status="PASS" starttime="20210510 11:37:10.239" endtime="20210510 11:37:10.376"/>
</kw>
<kw name="Sleep" library="BuiltIn">
<arg>3s</arg>
<doc>Pauses the test executed for the given time.</doc>
<msg timestamp="20210510 11:37:13.388" level="INFO">Slept 3 seconds</msg>
<status status="PASS" starttime="20210510 11:37:10.377" endtime="20210510 11:37:13.388"/>
</kw>
<status status="PASS" starttime="20210510 11:37:09.715" endtime="20210510 11:37:13.389"/>
</kw>
<status status="PASS" starttime="20210510 11:37:04.473" endtime="20210510 11:37:13.389"/>
</kw>
<kw name="Then User can verify the Create Vessel Form" library="VesselClassUserDefineKeywords">
<kw name="Title of Create Vessel Class Form should be &quot;Create Vessel Class&quot;" library="CommonFunctions" sourcename="Title of ${formName} should be &quot;${titleLabel}&quot;">
<kw name="Set Variable" library="BuiltIn">
<var>${titleLocator}</var>
<arg>xpath://h6[contains(text(), '${titleLabel}')]</arg>
<doc>Returns the given values which can then be assigned to a variables.</doc>
<msg timestamp="20210510 11:37:13.392" level="INFO">${titleLocator} = xpath://h6[contains(text(), 'Create Vessel Class')]</msg>
<status status="PASS" starttime="20210510 11:37:13.391" endtime="20210510 11:37:13.392"/>
</kw>
<kw name="Wait Until Element Is Visible" library="SeleniumLibrary">
<arg>${titleLocator}</arg>
<arg>10s</arg>
<doc>Waits until the element ``locator`` is visible.</doc>
<kw name="Capture Page Screenshot" library="SeleniumLibrary">
<doc>Takes a screenshot of the current page and embeds it into a log file.</doc>
<msg timestamp="20210510 11:37:24.100" level="INFO" html="true">&lt;/td&gt;&lt;/tr&gt;&lt;tr&gt;&lt;td colspan="3"&gt;&lt;a href="selenium-screenshot-35.png"&gt;&lt;img src="selenium-screenshot-35.png" width="800px"&gt;&lt;/a&gt;</msg>
<status status="PASS" starttime="20210510 11:37:23.486" endtime="20210510 11:37:24.100"/>
</kw>
<msg timestamp="20210510 11:37:24.113" level="FAIL">Element 'xpath://h6[contains(text(), 'Create Vessel Class')]' not visible after 10 seconds.</msg>
<status status="FAIL" starttime="20210510 11:37:13.392" endtime="20210510 11:37:24.113"/>
</kw>
<kw name="Element Should Contain" library="SeleniumLibrary">
<arg>${titleLocator}</arg>
<arg>${titleLabel}</arg>
<doc>Verifies that element ``locator`` contains text ``expected``.</doc>
<status status="NOT RUN" starttime="20210510 11:37:24.113" endtime="20210510 11:37:24.113"/>
</kw>
<status status="FAIL" starttime="20210510 11:37:13.391" endtime="20210510 11:37:24.113"/>
</kw>
<kw name="Verify the label of Vessel class name field should be &quot;Vessel class name&quot;" library="CommonUserDefineKeywords" sourcename="Verify the label of ${fieldName} field should be &quot;${labelText}&quot;">
<status status="NOT RUN" starttime="20210510 11:37:24.114" endtime="20210510 11:37:24.114"/>
</kw>
<kw name="Form should contain button: &quot;Cancel&quot;" library="CommonFunctions" sourcename="Form should contain button: &quot;${buttonName}&quot;">
<status status="NOT RUN" starttime="20210510 11:37:24.114" endtime="20210510 11:37:24.114"/>
</kw>
<kw name="Form should contain button: &quot;Submit&quot;" library="CommonFunctions" sourcename="Form should contain button: &quot;${buttonName}&quot;">
<status status="NOT RUN" starttime="20210510 11:37:24.114" endtime="20210510 11:37:24.114"/>
</kw>
<status status="FAIL" starttime="20210510 11:37:13.390" endtime="20210510 11:37:24.114"/>
</kw>
<kw name="End TestCase" library="CommonFunctions" type="TEARDOWN">
<kw name="Close Browser" library="SeleniumLibrary">
<doc>Closes the current browser.</doc>
<status status="PASS" starttime="20210510 11:37:24.115" endtime="20210510 11:37:26.304"/>
</kw>
<status status="PASS" starttime="20210510 11:37:24.115" endtime="20210510 11:37:26.304"/>
</kw>
<doc>This test case verify the create vessel form</doc>
<tag>UI</tag>
<status status="FAIL" starttime="20210510 11:36:53.197" endtime="20210510 11:37:26.304">Element 'xpath://h6[contains(text(), 'Create Vessel Class')]' not visible after 10 seconds.</status>
</test>
<test id="s1-t2" name="Create Vessel Class fail with empty Vessel Class name">
<kw name="Start TestCase With Login" library="CommonFunctions" type="SETUP">
<kw name="Start TestCase" library="CommonFunctions">
<kw name="Open Browser" library="SeleniumLibrary">
<arg>${url.${env}}</arg>
<arg>${browser}</arg>
<arg>executable_path=${executable_path}</arg>
<doc>Opens a new browser instance to the optional ``url``.</doc>
<msg timestamp="20210510 11:37:26.318" level="INFO">Opening browser 'chrome' to base url 'https://admin-mp.dev.sparescnx.com/'.</msg>
<status status="PASS" starttime="20210510 11:37:26.315" endtime="20210510 11:37:32.216"/>
</kw>
<kw name="Maximize Browser Window" library="SeleniumLibrary">
<doc>Maximizes current browser window.</doc>
<status status="PASS" starttime="20210510 11:37:32.217" endtime="20210510 11:37:32.363"/>
</kw>
<status status="PASS" starttime="20210510 11:37:26.314" endtime="20210510 11:37:32.363"/>
</kw>
<kw name="Login to Admin Portal Successfully" library="LoginPage">
<arg>${username.user1}</arg>
<arg>${password}</arg>
<kw name="Input Password" library="SeleniumLibrary">
<arg>${userNameField}</arg>
<arg>${username}</arg>
<doc>Types the given password into the text field identified by ``locator``.</doc>
<msg timestamp="20210510 11:37:32.367" level="INFO">Typing password into text field 'xpath://*[@id='username']'.</msg>
<msg timestamp="20210510 11:37:32.454" level="INFO">Temporally setting log level to: NONE</msg>
<msg timestamp="20210510 11:37:32.590" level="INFO">Log level changed from NONE to INFO.</msg>
<status status="PASS" starttime="20210510 11:37:32.366" endtime="20210510 11:37:32.590"/>
</kw>
<kw name="Input Password" library="SeleniumLibrary">
<arg>${passwordField}</arg>
<arg>${password}</arg>
<arg>clear: True</arg>
<doc>Types the given password into the text field identified by ``locator``.</doc>
<msg timestamp="20210510 11:37:32.591" level="INFO">Typing password into text field 'xpath://*[@id='password']'.</msg>
<msg timestamp="20210510 11:37:32.629" level="INFO">Temporally setting log level to: NONE</msg>
<msg timestamp="20210510 11:37:32.726" level="INFO">Log level changed from NONE to INFO.</msg>
<status status="PASS" starttime="20210510 11:37:32.590" endtime="20210510 11:37:32.726"/>
</kw>
<kw name="Press Keys" library="SeleniumLibrary">
<arg>${signInbutton}</arg>
<arg>RETURN</arg>
<doc>Simulates the user pressing key(s) to an element or on the active browser.</doc>
<msg timestamp="20210510 11:37:32.727" level="INFO">Sending key(s) ('RETURN',) to xpath://*[@id='password']/ancestor::div[2]/following-sibling::button element.</msg>
<msg timestamp="20210510 11:37:38.066" level="INFO">Pressing special key RETURN to element.</msg>
<msg timestamp="20210510 11:37:38.066" level="INFO">Releasing special key RETURN.</msg>
<status status="PASS" starttime="20210510 11:37:32.726" endtime="20210510 11:37:38.085"/>
</kw>
<status status="PASS" starttime="20210510 11:37:32.364" endtime="20210510 11:37:38.085"/>
</kw>
<kw name="Run Keyword And Return Status" library="BuiltIn">
<var>${status}</var>
<arg>wait until element is not visible</arg>
<arg>${signInbutton}</arg>
<doc>Runs the given keyword with given arguments and returns the status as a Boolean value.</doc>
<kw name="Wait Until Element Is Not Visible" library="SeleniumLibrary">
<arg>${signInbutton}</arg>
<doc>Waits until the element ``locator`` is not visible.</doc>
<status status="PASS" starttime="20210510 11:37:38.086" endtime="20210510 11:37:39.030"/>
</kw>
<msg timestamp="20210510 11:37:39.030" level="INFO">${status} = True</msg>
<status status="PASS" starttime="20210510 11:37:38.086" endtime="20210510 11:37:39.030"/>
</kw>
<kw name="Run Keyword Unless" library="BuiltIn">
<arg>${status}</arg>
<arg>fail</arg>
<arg>Login failed. Setup for test could not established</arg>
<doc>Runs the given keyword with the given arguments if ``condition`` is false.</doc>
<status status="PASS" starttime="20210510 11:37:39.030" endtime="20210510 11:37:39.030"/>
</kw>
<status status="PASS" starttime="20210510 11:37:26.314" endtime="20210510 11:37:39.031"/>
</kw>
<kw name="Given User go to Vessel Class then open Create new form" library="VesselClassUserDefineKeywords">
<kw name="User go to Ship Owner page" library="ShipOwnersUserDefineKeywords">
<kw name="Wait Until Element Is Visible" library="SeleniumLibrary">
<arg>${shipOwnersMenu}</arg>
<arg>10s</arg>
<doc>Waits until the element ``locator`` is visible.</doc>
<status status="PASS" starttime="20210510 11:37:39.033" endtime="20210510 11:37:39.275"/>
</kw>
<kw name="Click Element" library="SeleniumLibrary">
<arg>${shipOwnersMenu}</arg>
<doc>Click the element identified by ``locator``.</doc>
<msg timestamp="20210510 11:37:39.275" level="INFO">Clicking element 'xpath://div[@role='button' and contains(.,'Ship Owners')]'.</msg>
<status status="PASS" starttime="20210510 11:37:39.275" endtime="20210510 11:37:39.341"/>
</kw>
<kw name="Run Keyword And Return Status" library="BuiltIn">
<var>${passed}</var>
<arg>wait until page contains element</arg>
<arg>${itemInTable}</arg>
<arg>10s</arg>
<doc>Runs the given keyword with given arguments and returns the status as a Boolean value.</doc>
<kw name="Wait Until Page Contains Element" library="SeleniumLibrary">
<arg>${itemInTable}</arg>
<arg>10s</arg>
<doc>Waits until the element ``locator`` appears on the current page.</doc>
<status status="PASS" starttime="20210510 11:37:39.341" endtime="20210510 11:37:41.991"/>
</kw>
<msg timestamp="20210510 11:37:41.991" level="INFO">${passed} = True</msg>
<status status="PASS" starttime="20210510 11:37:39.341" endtime="20210510 11:37:41.991"/>
</kw>
<kw name="Run Keyword Unless" library="BuiltIn">
<arg>${passed}</arg>
<arg>fail</arg>
<arg>The list of ship owners could not shown after 10s waiting</arg>
<doc>Runs the given keyword with the given arguments if ``condition`` is false.</doc>
<status status="PASS" starttime="20210510 11:37:41.991" endtime="20210510 11:37:41.991"/>
</kw>
<kw name="Get Text" library="SeleniumLibrary">
<var>${totalItem}</var>
<arg>${itemInTable}</arg>
<doc>Returns the text value of the element identified by ``locator``.</doc>
<msg timestamp="20210510 11:37:42.023" level="INFO">${totalItem} = 1-1 of 1</msg>
<status status="PASS" starttime="20210510 11:37:41.992" endtime="20210510 11:37:42.023"/>
</kw>
<kw name="Run Keyword Unless" library="BuiltIn">
<arg>'${totalItem}'== '0-0 of 0'</arg>
<arg>click element</arg>
<arg>${firstItemOfTable}</arg>
<doc>Runs the given keyword with the given arguments if ``condition`` is false.</doc>
<kw name="Click Element" library="SeleniumLibrary">
<arg>${firstItemOfTable}</arg>
<doc>Click the element identified by ``locator``.</doc>
<msg timestamp="20210510 11:37:42.024" level="INFO">Clicking element 'xpath://table[@role='grid']/tbody/tr/td[1]'.</msg>
<status status="PASS" starttime="20210510 11:37:42.023" endtime="20210510 11:37:42.095"/>
</kw>
<status status="PASS" starttime="20210510 11:37:42.023" endtime="20210510 11:37:42.095"/>
</kw>
<status status="PASS" starttime="20210510 11:37:39.032" endtime="20210510 11:37:42.095"/>
</kw>
<kw name="User clicks on the menu &quot;VESSEL CLASSES&quot;" library="ShipOwnersUserDefineKeywords" sourcename="User clicks on the menu &quot;${menuTabName}&quot;">
<kw name="Wait Until Page Contains Element" library="SeleniumLibrary">
<arg>${vesselMenu}</arg>
<arg>20s</arg>
<doc>Waits until the element ``locator`` appears on the current page.</doc>
<status status="PASS" starttime="20210510 11:37:42.096" endtime="20210510 11:37:42.776"/>
</kw>
<kw name="Get Variable Value" library="BuiltIn">
<var>${menuName}</var>
<arg>${menuTabName}</arg>
<doc>Returns variable value or ``default`` if the variable does not exist.</doc>
<msg timestamp="20210510 11:37:42.777" level="INFO">${menuName} = VESSEL CLASSES</msg>
<status status="PASS" starttime="20210510 11:37:42.776" endtime="20210510 11:37:42.777"/>
</kw>
<kw name="Run Keyword If" library="BuiltIn">
<arg>'${menuName}'=='VESSELS'</arg>
<arg>Click tab button</arg>
<arg>${menuName}</arg>
<arg>ELSE IF</arg>
<arg>'${menuName}'=='INFO'</arg>
<arg>Click tab button</arg>
<arg>${menuName}</arg>
<arg>ELSE IF</arg>
<arg>'${menuName}'=='VESSEL CLASSES'</arg>
<arg>Click tab button</arg>
<arg>${menuName}</arg>
<arg>ELSE IF</arg>
<arg>'${menuName}'=='SETTINGS'</arg>
<arg>Click tab button</arg>
<arg>${menuName}</arg>
<arg>ELSE</arg>
<arg>fail</arg>
<arg>Incorrect tab menu</arg>
<arg>[Return]</arg>
<doc>Runs the given keyword with the given arguments, if ``condition`` is true.</doc>
<kw name="Click tab button" library="ShipOwnersPage">
<arg>${menuName}</arg>
<kw name="Set Variable" library="BuiltIn">
<var>${menuButton}</var>
<arg>xpath://button[contains(., '${menuButtonName}')]</arg>
<doc>Returns the given values which can then be assigned to a variables.</doc>
<msg timestamp="20210510 11:37:42.779" level="INFO">${menuButton} = xpath://button[contains(., 'VESSEL CLASSES')]</msg>
<status status="PASS" starttime="20210510 11:37:42.778" endtime="20210510 11:37:42.779"/>
</kw>
<kw name="Wait Until Element Is Visible" library="SeleniumLibrary">
<arg>${menuButton}</arg>
<arg>10s</arg>
<arg>${menuButtonName} is not visibale after 10s</arg>
<doc>Waits until the element ``locator`` is visible.</doc>
<status status="PASS" starttime="20210510 11:37:42.779" endtime="20210510 11:37:42.805"/>
</kw>
<kw name="Click Button" library="SeleniumLibrary">
<arg>${menuButton}</arg>
<doc>Clicks the button identified by ``locator``.</doc>
<msg timestamp="20210510 11:37:42.805" level="INFO">Clicking button 'xpath://button[contains(., 'VESSEL CLASSES')]'.</msg>
<status status="PASS" starttime="20210510 11:37:42.805" endtime="20210510 11:37:42.937"/>
</kw>
<status status="PASS" starttime="20210510 11:37:42.778" endtime="20210510 11:37:42.937"/>
</kw>
<status status="PASS" starttime="20210510 11:37:42.777" endtime="20210510 11:37:42.937"/>
</kw>
<status status="PASS" starttime="20210510 11:37:42.096" endtime="20210510 11:37:42.938"/>
</kw>
<kw name="User click Create button" library="CommonFunctions" sourcename="User click ${buttonName} button">
<kw name="Set Variable" library="BuiltIn">
<var>${buttonLocation}</var>
<arg>xpath://button[contains(.,'${buttonName}')]</arg>
<doc>Returns the given values which can then be assigned to a variables.</doc>
<msg timestamp="20210510 11:37:42.939" level="INFO">${buttonLocation} = xpath://button[contains(.,'Create')]</msg>
<status status="PASS" starttime="20210510 11:37:42.939" endtime="20210510 11:37:42.939"/>
</kw>
<kw name="Run Keyword And Return Status" library="BuiltIn">
<var>${passed}</var>
<arg>wait until element is visible</arg>
<arg>${buttonLocation}</arg>
<arg>40s</arg>
<doc>Runs the given keyword with given arguments and returns the status as a Boolean value.</doc>
<kw name="Wait Until Element Is Visible" library="SeleniumLibrary">
<arg>${buttonLocation}</arg>
<arg>40s</arg>
<doc>Waits until the element ``locator`` is visible.</doc>
<status status="PASS" starttime="20210510 11:37:42.939" endtime="20210510 11:37:44.928"/>
</kw>
<msg timestamp="20210510 11:37:44.928" level="INFO">${passed} = True</msg>
<status status="PASS" starttime="20210510 11:37:42.939" endtime="20210510 11:37:44.928"/>
</kw>
<kw name="Run Keyword If" library="BuiltIn">
<arg>${passed}</arg>
<arg>click button</arg>
<arg>${buttonLocation}</arg>
<arg>ELSE</arg>
<arg>wait until keyword succeeds</arg>
<arg>50s</arg>
<arg>5s</arg>
<arg>click button</arg>
<arg>${buttonLocation}</arg>
<doc>Runs the given keyword with the given arguments, if ``condition`` is true.</doc>
<kw name="Click Button" library="SeleniumLibrary">
<arg>${buttonLocation}</arg>
<doc>Clicks the button identified by ``locator``.</doc>
<msg timestamp="20210510 11:37:44.929" level="INFO">Clicking button 'xpath://button[contains(.,'Create')]'.</msg>
<status status="PASS" starttime="20210510 11:37:44.929" endtime="20210510 11:37:45.046"/>
</kw>
<status status="PASS" starttime="20210510 11:37:44.928" endtime="20210510 11:37:45.046"/>
</kw>
<kw name="Sleep" library="BuiltIn">
<arg>3s</arg>
<doc>Pauses the test executed for the given time.</doc>
<msg timestamp="20210510 11:37:48.055" level="INFO">Slept 3 seconds</msg>
<status status="PASS" starttime="20210510 11:37:45.047" endtime="20210510 11:37:48.055"/>
</kw>
<status status="PASS" starttime="20210510 11:37:42.938" endtime="20210510 11:37:48.055"/>
</kw>
<status status="PASS" starttime="20210510 11:37:39.032" endtime="20210510 11:37:48.055"/>
</kw>
<kw name="When User click Submit button" library="CommonFunctions" sourcename="User click ${buttonName} button">
<kw name="Set Variable" library="BuiltIn">
<var>${buttonLocation}</var>
<arg>xpath://button[contains(.,'${buttonName}')]</arg>
<doc>Returns the given values which can then be assigned to a variables.</doc>
<msg timestamp="20210510 11:37:48.057" level="INFO">${buttonLocation} = xpath://button[contains(.,'Submit')]</msg>
<status status="PASS" starttime="20210510 11:37:48.057" endtime="20210510 11:37:48.057"/>
</kw>
<kw name="Run Keyword And Return Status" library="BuiltIn">
<var>${passed}</var>
<arg>wait until element is visible</arg>
<arg>${buttonLocation}</arg>
<arg>40s</arg>
<doc>Runs the given keyword with given arguments and returns the status as a Boolean value.</doc>
<kw name="Wait Until Element Is Visible" library="SeleniumLibrary">
<arg>${buttonLocation}</arg>
<arg>40s</arg>
<doc>Waits until the element ``locator`` is visible.</doc>
<kw name="Capture Page Screenshot" library="SeleniumLibrary">
<doc>Takes a screenshot of the current page and embeds it into a log file.</doc>
<msg timestamp="20210510 11:38:28.651" level="INFO" html="true">&lt;/td&gt;&lt;/tr&gt;&lt;tr&gt;&lt;td colspan="3"&gt;&lt;a href="selenium-screenshot-36.png"&gt;&lt;img src="selenium-screenshot-36.png" width="800px"&gt;&lt;/a&gt;</msg>
<status status="PASS" starttime="20210510 11:38:28.149" endtime="20210510 11:38:28.651"/>
</kw>
<msg timestamp="20210510 11:38:28.652" level="FAIL">Element 'xpath://button[contains(.,'Submit')]' not visible after 40 seconds.</msg>
<status status="FAIL" starttime="20210510 11:37:48.058" endtime="20210510 11:38:28.652"/>
</kw>
<msg timestamp="20210510 11:38:28.652" level="INFO">${passed} = False</msg>
<status status="PASS" starttime="20210510 11:37:48.058" endtime="20210510 11:38:28.652"/>
</kw>
<kw name="Run Keyword If" library="BuiltIn">
<arg>${passed}</arg>
<arg>click button</arg>
<arg>${buttonLocation}</arg>
<arg>ELSE</arg>
<arg>wait until keyword succeeds</arg>
<arg>50s</arg>
<arg>5s</arg>
<arg>click button</arg>
<arg>${buttonLocation}</arg>
<doc>Runs the given keyword with the given arguments, if ``condition`` is true.</doc>
<kw name="Wait Until Keyword Succeeds" library="BuiltIn">
<arg>50s</arg>
<arg>5s</arg>
<arg>click button</arg>
<arg>${buttonLocation}</arg>
<doc>Runs the specified keyword and retries if it fails.</doc>
<kw name="Click Button" library="SeleniumLibrary">
<arg>${buttonLocation}</arg>
<doc>Clicks the button identified by ``locator``.</doc>
<msg timestamp="20210510 11:38:28.654" level="INFO">Clicking button 'xpath://button[contains(.,'Submit')]'.</msg>
<status status="PASS" starttime="20210510 11:38:28.653" endtime="20210510 11:38:28.809"/>
</kw>
<status status="PASS" starttime="20210510 11:38:28.653" endtime="20210510 11:38:28.809"/>
</kw>
<status status="PASS" starttime="20210510 11:38:28.653" endtime="20210510 11:38:28.810"/>
</kw>
<kw name="Sleep" library="BuiltIn">
<arg>3s</arg>
<doc>Pauses the test executed for the given time.</doc>
<msg timestamp="20210510 11:38:31.822" level="INFO">Slept 3 seconds</msg>
<status status="PASS" starttime="20210510 11:38:28.810" endtime="20210510 11:38:31.822"/>
</kw>
<status status="PASS" starttime="20210510 11:37:48.056" endtime="20210510 11:38:31.822"/>
</kw>
<kw name="Then User will see the error message for Vessel class name field should be &quot;Name is required.&quot;" library="CommonUserDefineKeywords" sourcename="User will see the error message for ${fieldName} field should be &quot;${errorMessage}&quot;">
<kw name="Set Variable" library="BuiltIn">
<var>${fieldLocation}</var>
<arg>xpath://label[contains(text(), '${fieldName}')]/following-sibling::p</arg>
<doc>Returns the given values which can then be assigned to a variables.</doc>
<msg timestamp="20210510 11:38:31.824" level="INFO">${fieldLocation} = xpath://label[contains(text(), 'Vessel class name')]/following-sibling::p</msg>
<status status="PASS" starttime="20210510 11:38:31.823" endtime="20210510 11:38:31.824"/>
</kw>
<kw name="Wait Until Element Is Visible" library="SeleniumLibrary">
<arg>${fieldLocation}</arg>
<arg>10s</arg>
<arg>Error message location not found</arg>
<doc>Waits until the element ``locator`` is visible.</doc>
<status status="PASS" starttime="20210510 11:38:31.824" endtime="20210510 11:38:31.856"/>
</kw>
<kw name="Element Should Contain" library="SeleniumLibrary">
<arg>${fieldLocation}</arg>
<arg>${errorMessage}</arg>
<doc>Verifies that element ``locator`` contains text ``expected``.</doc>
<msg timestamp="20210510 11:38:31.881" level="INFO">Element 'xpath://label[contains(text(), 'Vessel class name')]/following-sibling::p' contains text 'Name is required.'.</msg>
<status status="PASS" starttime="20210510 11:38:31.857" endtime="20210510 11:38:31.881"/>
</kw>
<status status="PASS" starttime="20210510 11:38:31.823" endtime="20210510 11:38:31.881"/>
</kw>
<kw name="End TestCase" library="CommonFunctions" type="TEARDOWN">
<kw name="Close Browser" library="SeleniumLibrary">
<doc>Closes the current browser.</doc>
<status status="PASS" starttime="20210510 11:38:31.883" endtime="20210510 11:38:34.068"/>
</kw>
<status status="PASS" starttime="20210510 11:38:31.883" endtime="20210510 11:38:34.068"/>
</kw>
<doc>This case check creating vessel class with empty name</doc>
<tag>Function NegativeCase</tag>
<status status="PASS" starttime="20210510 11:37:26.313" endtime="20210510 11:38:34.069"/>
</test>
<test id="s1-t3" name="Create Vessel Class fail with Vessel Class name containing integer">
<kw name="Start TestCase With Login" library="CommonFunctions" type="SETUP">
<kw name="Start TestCase" library="CommonFunctions">
<kw name="Open Browser" library="SeleniumLibrary">
<arg>${url.${env}}</arg>
<arg>${browser}</arg>
<arg>executable_path=${executable_path}</arg>
<doc>Opens a new browser instance to the optional ``url``.</doc>
<msg timestamp="20210510 11:38:34.075" level="INFO">Opening browser 'chrome' to base url 'https://admin-mp.dev.sparescnx.com/'.</msg>
<status status="PASS" starttime="20210510 11:38:34.074" endtime="20210510 11:38:37.489"/>
</kw>
<kw name="Maximize Browser Window" library="SeleniumLibrary">
<doc>Maximizes current browser window.</doc>
<status status="PASS" starttime="20210510 11:38:37.490" endtime="20210510 11:38:37.611"/>
</kw>
<status status="PASS" starttime="20210510 11:38:34.073" endtime="20210510 11:38:37.611"/>
</kw>
<kw name="Login to Admin Portal Successfully" library="LoginPage">
<arg>${username.user1}</arg>
<arg>${password}</arg>
<kw name="Input Password" library="SeleniumLibrary">
<arg>${userNameField}</arg>
<arg>${username}</arg>
<doc>Types the given password into the text field identified by ``locator``.</doc>
<msg timestamp="20210510 11:38:37.614" level="INFO">Typing password into text field 'xpath://*[@id='username']'.</msg>
<msg timestamp="20210510 11:38:37.682" level="INFO">Temporally setting log level to: NONE</msg>
<msg timestamp="20210510 11:38:37.818" level="INFO">Log level changed from NONE to INFO.</msg>
<status status="PASS" starttime="20210510 11:38:37.614" endtime="20210510 11:38:37.819"/>
</kw>
<kw name="Input Password" library="SeleniumLibrary">
<arg>${passwordField}</arg>
<arg>${password}</arg>
<arg>clear: True</arg>
<doc>Types the given password into the text field identified by ``locator``.</doc>
<msg timestamp="20210510 11:38:37.819" level="INFO">Typing password into text field 'xpath://*[@id='password']'.</msg>
<msg timestamp="20210510 11:38:37.861" level="INFO">Temporally setting log level to: NONE</msg>
<msg timestamp="20210510 11:38:37.942" level="INFO">Log level changed from NONE to INFO.</msg>
<status status="PASS" starttime="20210510 11:38:37.819" endtime="20210510 11:38:37.942"/>
</kw>
<kw name="Press Keys" library="SeleniumLibrary">
<arg>${signInbutton}</arg>
<arg>RETURN</arg>
<doc>Simulates the user pressing key(s) to an element or on the active browser.</doc>
<msg timestamp="20210510 11:38:37.942" level="INFO">Sending key(s) ('RETURN',) to xpath://*[@id='password']/ancestor::div[2]/following-sibling::button element.</msg>
<msg timestamp="20210510 11:38:43.268" level="INFO">Pressing special key RETURN to element.</msg>
<msg timestamp="20210510 11:38:43.268" level="INFO">Releasing special key RETURN.</msg>
<status status="PASS" starttime="20210510 11:38:37.942" endtime="20210510 11:38:43.287"/>
</kw>
<status status="PASS" starttime="20210510 11:38:37.612" endtime="20210510 11:38:43.287"/>
</kw>
<kw name="Run Keyword And Return Status" library="BuiltIn">
<var>${status}</var>
<arg>wait until element is not visible</arg>
<arg>${signInbutton}</arg>
<doc>Runs the given keyword with given arguments and returns the status as a Boolean value.</doc>
<kw name="Wait Until Element Is Not Visible" library="SeleniumLibrary">
<arg>${signInbutton}</arg>
<doc>Waits until the element ``locator`` is not visible.</doc>
<status status="PASS" starttime="20210510 11:38:43.288" endtime="20210510 11:38:44.232"/>
</kw>
<msg timestamp="20210510 11:38:44.232" level="INFO">${status} = True</msg>
<status status="PASS" starttime="20210510 11:38:43.287" endtime="20210510 11:38:44.232"/>
</kw>
<kw name="Run Keyword Unless" library="BuiltIn">
<arg>${status}</arg>
<arg>fail</arg>
<arg>Login failed. Setup for test could not established</arg>
<doc>Runs the given keyword with the given arguments if ``condition`` is false.</doc>
<status status="PASS" starttime="20210510 11:38:44.232" endtime="20210510 11:38:44.233"/>
</kw>
<status status="PASS" starttime="20210510 11:38:34.073" endtime="20210510 11:38:44.233"/>
</kw>
<kw name="Given User go to Vessel Class then open Create new form" library="VesselClassUserDefineKeywords">
<kw name="User go to Ship Owner page" library="ShipOwnersUserDefineKeywords">
<kw name="Wait Until Element Is Visible" library="SeleniumLibrary">
<arg>${shipOwnersMenu}</arg>
<arg>10s</arg>
<doc>Waits until the element ``locator`` is visible.</doc>
<status status="PASS" starttime="20210510 11:38:44.235" endtime="20210510 11:38:44.478"/>
</kw>
<kw name="Click Element" library="SeleniumLibrary">
<arg>${shipOwnersMenu}</arg>
<doc>Click the element identified by ``locator``.</doc>
<msg timestamp="20210510 11:38:44.479" level="INFO">Clicking element 'xpath://div[@role='button' and contains(.,'Ship Owners')]'.</msg>
<status status="PASS" starttime="20210510 11:38:44.478" endtime="20210510 11:38:44.540"/>
</kw>
<kw name="Run Keyword And Return Status" library="BuiltIn">
<var>${passed}</var>
<arg>wait until page contains element</arg>
<arg>${itemInTable}</arg>
<arg>10s</arg>
<doc>Runs the given keyword with given arguments and returns the status as a Boolean value.</doc>
<kw name="Wait Until Page Contains Element" library="SeleniumLibrary">
<arg>${itemInTable}</arg>
<arg>10s</arg>
<doc>Waits until the element ``locator`` appears on the current page.</doc>
<status status="PASS" starttime="20210510 11:38:44.541" endtime="20210510 11:38:46.311"/>
</kw>
<msg timestamp="20210510 11:38:46.311" level="INFO">${passed} = True</msg>
<status status="PASS" starttime="20210510 11:38:44.541" endtime="20210510 11:38:46.311"/>
</kw>
<kw name="Run Keyword Unless" library="BuiltIn">
<arg>${passed}</arg>
<arg>fail</arg>
<arg>The list of ship owners could not shown after 10s waiting</arg>
<doc>Runs the given keyword with the given arguments if ``condition`` is false.</doc>
<status status="PASS" starttime="20210510 11:38:46.311" endtime="20210510 11:38:46.312"/>
</kw>
<kw name="Get Text" library="SeleniumLibrary">
<var>${totalItem}</var>
<arg>${itemInTable}</arg>
<doc>Returns the text value of the element identified by ``locator``.</doc>
<msg timestamp="20210510 11:38:46.347" level="INFO">${totalItem} = 1-1 of 1</msg>
<status status="PASS" starttime="20210510 11:38:46.312" endtime="20210510 11:38:46.347"/>
</kw>
<kw name="Run Keyword Unless" library="BuiltIn">
<arg>'${totalItem}'== '0-0 of 0'</arg>
<arg>click element</arg>
<arg>${firstItemOfTable}</arg>
<doc>Runs the given keyword with the given arguments if ``condition`` is false.</doc>
<kw name="Click Element" library="SeleniumLibrary">
<arg>${firstItemOfTable}</arg>
<doc>Click the element identified by ``locator``.</doc>
<msg timestamp="20210510 11:38:46.348" level="INFO">Clicking element 'xpath://table[@role='grid']/tbody/tr/td[1]'.</msg>
<status status="PASS" starttime="20210510 11:38:46.348" endtime="20210510 11:38:46.422"/>
</kw>
<status status="PASS" starttime="20210510 11:38:46.347" endtime="20210510 11:38:46.422"/>
</kw>
<status status="PASS" starttime="20210510 11:38:44.234" endtime="20210510 11:38:46.422"/>
</kw>
<kw name="User clicks on the menu &quot;VESSEL CLASSES&quot;" library="ShipOwnersUserDefineKeywords" sourcename="User clicks on the menu &quot;${menuTabName}&quot;">
<kw name="Wait Until Page Contains Element" library="SeleniumLibrary">
<arg>${vesselMenu}</arg>
<arg>20s</arg>
<doc>Waits until the element ``locator`` appears on the current page.</doc>
<status status="PASS" starttime="20210510 11:38:46.423" endtime="20210510 11:38:46.682"/>
</kw>
<kw name="Get Variable Value" library="BuiltIn">
<var>${menuName}</var>
<arg>${menuTabName}</arg>
<doc>Returns variable value or ``default`` if the variable does not exist.</doc>
<msg timestamp="20210510 11:38:46.683" level="INFO">${menuName} = VESSEL CLASSES</msg>
<status status="PASS" starttime="20210510 11:38:46.682" endtime="20210510 11:38:46.683"/>
</kw>
<kw name="Run Keyword If" library="BuiltIn">
<arg>'${menuName}'=='VESSELS'</arg>
<arg>Click tab button</arg>
<arg>${menuName}</arg>
<arg>ELSE IF</arg>
<arg>'${menuName}'=='INFO'</arg>
<arg>Click tab button</arg>
<arg>${menuName}</arg>
<arg>ELSE IF</arg>
<arg>'${menuName}'=='VESSEL CLASSES'</arg>
<arg>Click tab button</arg>
<arg>${menuName}</arg>
<arg>ELSE IF</arg>
<arg>'${menuName}'=='SETTINGS'</arg>
<arg>Click tab button</arg>
<arg>${menuName}</arg>
<arg>ELSE</arg>
<arg>fail</arg>
<arg>Incorrect tab menu</arg>
<arg>[Return]</arg>
<doc>Runs the given keyword with the given arguments, if ``condition`` is true.</doc>
<kw name="Click tab button" library="ShipOwnersPage">
<arg>${menuName}</arg>
<kw name="Set Variable" library="BuiltIn">
<var>${menuButton}</var>
<arg>xpath://button[contains(., '${menuButtonName}')]</arg>
<doc>Returns the given values which can then be assigned to a variables.</doc>
<msg timestamp="20210510 11:38:46.686" level="INFO">${menuButton} = xpath://button[contains(., 'VESSEL CLASSES')]</msg>
<status status="PASS" starttime="20210510 11:38:46.685" endtime="20210510 11:38:46.686"/>
</kw>
<kw name="Wait Until Element Is Visible" library="SeleniumLibrary">
<arg>${menuButton}</arg>
<arg>10s</arg>
<arg>${menuButtonName} is not visibale after 10s</arg>
<doc>Waits until the element ``locator`` is visible.</doc>
<status status="PASS" starttime="20210510 11:38:46.686" endtime="20210510 11:38:46.929"/>
</kw>
<kw name="Click Button" library="SeleniumLibrary">
<arg>${menuButton}</arg>
<doc>Clicks the button identified by ``locator``.</doc>
<msg timestamp="20210510 11:38:46.929" level="INFO">Clicking button 'xpath://button[contains(., 'VESSEL CLASSES')]'.</msg>
<status status="PASS" starttime="20210510 11:38:46.929" endtime="20210510 11:38:47.046"/>
</kw>
<status status="PASS" starttime="20210510 11:38:46.685" endtime="20210510 11:38:47.046"/>
</kw>
<status status="PASS" starttime="20210510 11:38:46.683" endtime="20210510 11:38:47.046"/>
</kw>
<status status="PASS" starttime="20210510 11:38:46.422" endtime="20210510 11:38:47.046"/>
</kw>
<kw name="User click Create button" library="CommonFunctions" sourcename="User click ${buttonName} button">
<kw name="Set Variable" library="BuiltIn">
<var>${buttonLocation}</var>
<arg>xpath://button[contains(.,'${buttonName}')]</arg>
<doc>Returns the given values which can then be assigned to a variables.</doc>
<msg timestamp="20210510 11:38:47.047" level="INFO">${buttonLocation} = xpath://button[contains(.,'Create')]</msg>
<status status="PASS" starttime="20210510 11:38:47.047" endtime="20210510 11:38:47.047"/>
</kw>
<kw name="Run Keyword And Return Status" library="BuiltIn">
<var>${passed}</var>
<arg>wait until element is visible</arg>
<arg>${buttonLocation}</arg>
<arg>40s</arg>
<doc>Runs the given keyword with given arguments and returns the status as a Boolean value.</doc>
<kw name="Wait Until Element Is Visible" library="SeleniumLibrary">
<arg>${buttonLocation}</arg>
<arg>40s</arg>
<doc>Waits until the element ``locator`` is visible.</doc>
<status status="PASS" starttime="20210510 11:38:47.048" endtime="20210510 11:38:47.347"/>
</kw>
<msg timestamp="20210510 11:38:47.348" level="INFO">${passed} = True</msg>
<status status="PASS" starttime="20210510 11:38:47.047" endtime="20210510 11:38:47.348"/>
</kw>
<kw name="Run Keyword If" library="BuiltIn">
<arg>${passed}</arg>
<arg>click button</arg>
<arg>${buttonLocation}</arg>
<arg>ELSE</arg>
<arg>wait until keyword succeeds</arg>
<arg>50s</arg>
<arg>5s</arg>
<arg>click button</arg>
<arg>${buttonLocation}</arg>
<doc>Runs the given keyword with the given arguments, if ``condition`` is true.</doc>
<kw name="Click Button" library="SeleniumLibrary">
<arg>${buttonLocation}</arg>
<doc>Clicks the button identified by ``locator``.</doc>
<msg timestamp="20210510 11:38:47.349" level="INFO">Clicking button 'xpath://button[contains(.,'Create')]'.</msg>
<status status="PASS" starttime="20210510 11:38:47.348" endtime="20210510 11:38:47.446"/>
</kw>
<status status="PASS" starttime="20210510 11:38:47.348" endtime="20210510 11:38:47.446"/>
</kw>
<kw name="Sleep" library="BuiltIn">
<arg>3s</arg>
<doc>Pauses the test executed for the given time.</doc>
<msg timestamp="20210510 11:38:50.453" level="INFO">Slept 3 seconds</msg>
<status status="PASS" starttime="20210510 11:38:47.447" endtime="20210510 11:38:50.453"/>
</kw>
<status status="PASS" starttime="20210510 11:38:47.047" endtime="20210510 11:38:50.454"/>
</kw>
<status status="PASS" starttime="20210510 11:38:44.234" endtime="20210510 11:38:50.454"/>
</kw>
<kw name="When User input into Vessel class name text field with value as &quot;Test 123&quot;" library="CommonUserDefineKeywords" sourcename="User input into ${fieldName} text field with value as &quot;${inputValue}&quot;">
<doc>use for input text field name</doc>
<kw name="Set Variable" library="BuiltIn">
<var>${inputField}</var>
<arg>xpath://label[contains(text(), '${fieldName}')]/following-sibling::div/input</arg>
<doc>Returns the given values which can then be assigned to a variables.</doc>
<msg timestamp="20210510 11:38:50.456" level="INFO">${inputField} = xpath://label[contains(text(), 'Vessel class name')]/following-sibling::div/input</msg>
<status status="PASS" starttime="20210510 11:38:50.455" endtime="20210510 11:38:50.456"/>
</kw>
<kw name="Generate Random String" library="String">
<var>${autoString}</var>
<arg>8</arg>
<arg>[LETTERS]</arg>
<doc>Generates a string with a desired ``length`` from the given ``chars``.</doc>
<msg timestamp="20210510 11:38:50.456" level="INFO">${autoString} = URShsDWI</msg>
<status status="PASS" starttime="20210510 11:38:50.456" endtime="20210510 11:38:50.456"/>
</kw>
<kw name="Set Variable" library="BuiltIn">
<var>${inputData}</var>
<arg>Auto ${inputValue} ${autoString}</arg>
<doc>Returns the given values which can then be assigned to a variables.</doc>
<msg timestamp="20210510 11:38:50.457" level="INFO">${inputData} = Auto Test 123 URShsDWI</msg>
<status status="PASS" starttime="20210510 11:38:50.456" endtime="20210510 11:38:50.457"/>
</kw>
<kw name="Input Text" library="SeleniumLibrary">
<arg>${inputField}</arg>
<arg>${inputData}</arg>
<doc>Types the given ``text`` into the text field identified by ``locator``.</doc>
<msg timestamp="20210510 11:38:50.457" level="INFO">Typing text 'Auto Test 123 URShsDWI' into text field 'xpath://label[contains(text(), 'Vessel class name')]/following-sibling::div/input'.</msg>
<status status="PASS" starttime="20210510 11:38:50.457" endtime="20210510 11:38:50.590"/>
</kw>
<kw name="Mouse Out" library="SeleniumLibrary">
<arg>${inputField}</arg>
<doc>Simulates moving the mouse away from the element ``locator``.</doc>
<msg timestamp="20210510 11:38:50.590" level="INFO">Simulating Mouse Out on element 'xpath://label[contains(text(), 'Vessel class name')]/following-sibling::div/input'.</msg>
<status status="PASS" starttime="20210510 11:38:50.590" endtime="20210510 11:39:01.157"/>
</kw>
<status status="PASS" starttime="20210510 11:38:50.455" endtime="20210510 11:39:01.157"/>
</kw>
<kw name="And User click Submit button" library="CommonFunctions" sourcename="User click ${buttonName} button">
<kw name="Set Variable" library="BuiltIn">
<var>${buttonLocation}</var>
<arg>xpath://button[contains(.,'${buttonName}')]</arg>
<doc>Returns the given values which can then be assigned to a variables.</doc>
<msg timestamp="20210510 11:39:01.158" level="INFO">${buttonLocation} = xpath://button[contains(.,'Submit')]</msg>
<status status="PASS" starttime="20210510 11:39:01.158" endtime="20210510 11:39:01.158"/>
</kw>
<kw name="Run Keyword And Return Status" library="BuiltIn">
<var>${passed}</var>
<arg>wait until element is visible</arg>
<arg>${buttonLocation}</arg>
<arg>40s</arg>
<doc>Runs the given keyword with given arguments and returns the status as a Boolean value.</doc>
<kw name="Wait Until Element Is Visible" library="SeleniumLibrary">
<arg>${buttonLocation}</arg>
<arg>40s</arg>
<doc>Waits until the element ``locator`` is visible.</doc>
<kw name="Capture Page Screenshot" library="SeleniumLibrary">
<doc>Takes a screenshot of the current page and embeds it into a log file.</doc>
<msg timestamp="20210510 11:39:41.843" level="INFO" html="true">&lt;/td&gt;&lt;/tr&gt;&lt;tr&gt;&lt;td colspan="3"&gt;&lt;a href="selenium-screenshot-37.png"&gt;&lt;img src="selenium-screenshot-37.png" width="800px"&gt;&lt;/a&gt;</msg>
<status status="PASS" starttime="20210510 11:39:41.310" endtime="20210510 11:39:41.843"/>
</kw>
<msg timestamp="20210510 11:39:41.843" level="FAIL">Element 'xpath://button[contains(.,'Submit')]' not visible after 40 seconds.</msg>
<status status="FAIL" starttime="20210510 11:39:01.159" endtime="20210510 11:39:41.843"/>
</kw>
<msg timestamp="20210510 11:39:41.844" level="INFO">${passed} = False</msg>
<status status="PASS" starttime="20210510 11:39:01.158" endtime="20210510 11:39:41.844"/>
</kw>
<kw name="Run Keyword If" library="BuiltIn">
<arg>${passed}</arg>
<arg>click button</arg>
<arg>${buttonLocation}</arg>
<arg>ELSE</arg>
<arg>wait until keyword succeeds</arg>
<arg>50s</arg>
<arg>5s</arg>
<arg>click button</arg>
<arg>${buttonLocation}</arg>
<doc>Runs the given keyword with the given arguments, if ``condition`` is true.</doc>
<kw name="Wait Until Keyword Succeeds" library="BuiltIn">
<arg>50s</arg>
<arg>5s</arg>
<arg>click button</arg>
<arg>${buttonLocation}</arg>
<doc>Runs the specified keyword and retries if it fails.</doc>
<kw name="Click Button" library="SeleniumLibrary">
<arg>${buttonLocation}</arg>
<doc>Clicks the button identified by ``locator``.</doc>
<msg timestamp="20210510 11:39:41.845" level="INFO">Clicking button 'xpath://button[contains(.,'Submit')]'.</msg>
<status status="PASS" starttime="20210510 11:39:41.845" endtime="20210510 11:39:41.996"/>
</kw>
<status status="PASS" starttime="20210510 11:39:41.844" endtime="20210510 11:39:41.997"/>
</kw>
<status status="PASS" starttime="20210510 11:39:41.844" endtime="20210510 11:39:41.997"/>
</kw>
<kw name="Sleep" library="BuiltIn">
<arg>3s</arg>
<doc>Pauses the test executed for the given time.</doc>
<msg timestamp="20210510 11:39:45.010" level="INFO">Slept 3 seconds</msg>
<status status="PASS" starttime="20210510 11:39:41.997" endtime="20210510 11:39:45.010"/>
</kw>
<status status="PASS" starttime="20210510 11:39:01.157" endtime="20210510 11:39:45.010"/>
</kw>
<kw name="Then User will see the error message for Vessel class name field should be &quot;Vessel class name must contain letters and space only&quot;" library="CommonUserDefineKeywords" sourcename="User will see the error message for ${fieldName} field should be &quot;${errorMessage}&quot;">
<kw name="Set Variable" library="BuiltIn">
<var>${fieldLocation}</var>
<arg>xpath://label[contains(text(), '${fieldName}')]/following-sibling::p</arg>
<doc>Returns the given values which can then be assigned to a variables.</doc>
<msg timestamp="20210510 11:39:45.012" level="INFO">${fieldLocation} = xpath://label[contains(text(), 'Vessel class name')]/following-sibling::p</msg>
<status status="PASS" starttime="20210510 11:39:45.012" endtime="20210510 11:39:45.012"/>
</kw>
<kw name="Wait Until Element Is Visible" library="SeleniumLibrary">
<arg>${fieldLocation}</arg>
<arg>10s</arg>
<arg>Error message location not found</arg>
<doc>Waits until the element ``locator`` is visible.</doc>
<status status="PASS" starttime="20210510 11:39:45.013" endtime="20210510 11:39:45.040"/>
</kw>
<kw name="Element Should Contain" library="SeleniumLibrary">
<arg>${fieldLocation}</arg>
<arg>${errorMessage}</arg>
<doc>Verifies that element ``locator`` contains text ``expected``.</doc>
<msg timestamp="20210510 11:39:45.063" level="INFO">Element 'xpath://label[contains(text(), 'Vessel class name')]/following-sibling::p' contains text 'Vessel class name must contain letters and space only'.</msg>
<status status="PASS" starttime="20210510 11:39:45.040" endtime="20210510 11:39:45.063"/>
</kw>
<status status="PASS" starttime="20210510 11:39:45.011" endtime="20210510 11:39:45.063"/>
</kw>
<kw name="End TestCase" library="CommonFunctions" type="TEARDOWN">
<kw name="Close Browser" library="SeleniumLibrary">
<doc>Closes the current browser.</doc>
<status status="PASS" starttime="20210510 11:39:45.065" endtime="20210510 11:39:47.380"/>
</kw>
<status status="PASS" starttime="20210510 11:39:45.064" endtime="20210510 11:39:47.380"/>
</kw>
<doc>This case check creating vessel class with name containing integer</doc>
<tag>Function</tag>
<tag>NegativeCase</tag>
<status status="PASS" starttime="20210510 11:38:34.072" endtime="20210510 11:39:47.381"/>
</test>
<test id="s1-t4" name="Create Vessel Class fail with Vessel Class name containing special character">
<kw name="Start TestCase With Login" library="CommonFunctions" type="SETUP">
<kw name="Start TestCase" library="CommonFunctions">
<kw name="Open Browser" library="SeleniumLibrary">
<arg>${url.${env}}</arg>
<arg>${browser}</arg>
<arg>executable_path=${executable_path}</arg>
<doc>Opens a new browser instance to the optional ``url``.</doc>
<msg timestamp="20210510 11:39:47.386" level="INFO">Opening browser 'chrome' to base url 'https://admin-mp.dev.sparescnx.com/'.</msg>
<status status="PASS" starttime="20210510 11:39:47.385" endtime="20210510 11:39:50.764"/>
</kw>
<kw name="Maximize Browser Window" library="SeleniumLibrary">
<doc>Maximizes current browser window.</doc>
<status status="PASS" starttime="20210510 11:39:50.764" endtime="20210510 11:39:50.892"/>
</kw>
<status status="PASS" starttime="20210510 11:39:47.384" endtime="20210510 11:39:50.893"/>
</kw>
<kw name="Login to Admin Portal Successfully" library="LoginPage">
<arg>${username.user1}</arg>
<arg>${password}</arg>
<kw name="Input Password" library="SeleniumLibrary">
<arg>${userNameField}</arg>
<arg>${username}</arg>
<doc>Types the given password into the text field identified by ``locator``.</doc>
<msg timestamp="20210510 11:39:50.895" level="INFO">Typing password into text field 'xpath://*[@id='username']'.</msg>
<msg timestamp="20210510 11:39:50.957" level="INFO">Temporally setting log level to: NONE</msg>
<msg timestamp="20210510 11:39:51.086" level="INFO">Log level changed from NONE to INFO.</msg>
<status status="PASS" starttime="20210510 11:39:50.895" endtime="20210510 11:39:51.086"/>
</kw>
<kw name="Input Password" library="SeleniumLibrary">
<arg>${passwordField}</arg>
<arg>${password}</arg>
<arg>clear: True</arg>
<doc>Types the given password into the text field identified by ``locator``.</doc>
<msg timestamp="20210510 11:39:51.087" level="INFO">Typing password into text field 'xpath://*[@id='password']'.</msg>
<msg timestamp="20210510 11:39:51.134" level="INFO">Temporally setting log level to: NONE</msg>
<msg timestamp="20210510 11:39:51.215" level="INFO">Log level changed from NONE to INFO.</msg>
<status status="PASS" starttime="20210510 11:39:51.087" endtime="20210510 11:39:51.215"/>
</kw>
<kw name="Press Keys" library="SeleniumLibrary">
<arg>${signInbutton}</arg>
<arg>RETURN</arg>
<doc>Simulates the user pressing key(s) to an element or on the active browser.</doc>
<msg timestamp="20210510 11:39:51.216" level="INFO">Sending key(s) ('RETURN',) to xpath://*[@id='password']/ancestor::div[2]/following-sibling::button element.</msg>
<msg timestamp="20210510 11:39:56.531" level="INFO">Pressing special key RETURN to element.</msg>
<msg timestamp="20210510 11:39:56.531" level="INFO">Releasing special key RETURN.</msg>
<status status="PASS" starttime="20210510 11:39:51.215" endtime="20210510 11:39:56.549"/>
</kw>
<status status="PASS" starttime="20210510 11:39:50.893" endtime="20210510 11:39:56.550"/>
</kw>
<kw name="Run Keyword And Return Status" library="BuiltIn">
<var>${status}</var>
<arg>wait until element is not visible</arg>
<arg>${signInbutton}</arg>
<doc>Runs the given keyword with given arguments and returns the status as a Boolean value.</doc>
<kw name="Wait Until Element Is Not Visible" library="SeleniumLibrary">
<arg>${signInbutton}</arg>
<doc>Waits until the element ``locator`` is not visible.</doc>
<status status="PASS" starttime="20210510 11:39:56.550" endtime="20210510 11:39:57.510"/>
</kw>
<msg timestamp="20210510 11:39:57.510" level="INFO">${status} = True</msg>
<status status="PASS" starttime="20210510 11:39:56.550" endtime="20210510 11:39:57.510"/>
</kw>
<kw name="Run Keyword Unless" library="BuiltIn">
<arg>${status}</arg>
<arg>fail</arg>
<arg>Login failed. Setup for test could not established</arg>
<doc>Runs the given keyword with the given arguments if ``condition`` is false.</doc>
<status status="PASS" starttime="20210510 11:39:57.510" endtime="20210510 11:39:57.511"/>
</kw>
<status status="PASS" starttime="20210510 11:39:47.384" endtime="20210510 11:39:57.511"/>
</kw>
<kw name="Given User go to Vessel Class then open Create new form" library="VesselClassUserDefineKeywords">
<kw name="User go to Ship Owner page" library="ShipOwnersUserDefineKeywords">
<kw name="Wait Until Element Is Visible" library="SeleniumLibrary">
<arg>${shipOwnersMenu}</arg>
<arg>10s</arg>
<doc>Waits until the element ``locator`` is visible.</doc>
<status status="PASS" starttime="20210510 11:39:57.513" endtime="20210510 11:39:58.056"/>
</kw>
<kw name="Click Element" library="SeleniumLibrary">
<arg>${shipOwnersMenu}</arg>
<doc>Click the element identified by ``locator``.</doc>
<msg timestamp="20210510 11:39:58.057" level="INFO">Clicking element 'xpath://div[@role='button' and contains(.,'Ship Owners')]'.</msg>
<status status="PASS" starttime="20210510 11:39:58.056" endtime="20210510 11:39:58.130"/>
</kw>
<kw name="Run Keyword And Return Status" library="BuiltIn">
<var>${passed}</var>
<arg>wait until page contains element</arg>
<arg>${itemInTable}</arg>
<arg>10s</arg>
<doc>Runs the given keyword with given arguments and returns the status as a Boolean value.</doc>
<kw name="Wait Until Page Contains Element" library="SeleniumLibrary">
<arg>${itemInTable}</arg>
<arg>10s</arg>
<doc>Waits until the element ``locator`` appears on the current page.</doc>
<status status="PASS" starttime="20210510 11:39:58.132" endtime="20210510 11:40:00.164"/>
</kw>
<msg timestamp="20210510 11:40:00.164" level="INFO">${passed} = True</msg>
<status status="PASS" starttime="20210510 11:39:58.131" endtime="20210510 11:40:00.164"/>
</kw>
<kw name="Run Keyword Unless" library="BuiltIn">
<arg>${passed}</arg>
<arg>fail</arg>
<arg>The list of ship owners could not shown after 10s waiting</arg>
<doc>Runs the given keyword with the given arguments if ``condition`` is false.</doc>
<status status="PASS" starttime="20210510 11:40:00.164" endtime="20210510 11:40:00.165"/>
</kw>
<kw name="Get Text" library="SeleniumLibrary">
<var>${totalItem}</var>
<arg>${itemInTable}</arg>
<doc>Returns the text value of the element identified by ``locator``.</doc>
<msg timestamp="20210510 11:40:00.209" level="INFO">${totalItem} = 1-1 of 1</msg>
<status status="PASS" starttime="20210510 11:40:00.165" endtime="20210510 11:40:00.210"/>
</kw>
<kw name="Run Keyword Unless" library="BuiltIn">
<arg>'${totalItem}'== '0-0 of 0'</arg>
<arg>click element</arg>
<arg>${firstItemOfTable}</arg>
<doc>Runs the given keyword with the given arguments if ``condition`` is false.</doc>
<kw name="Click Element" library="SeleniumLibrary">
<arg>${firstItemOfTable}</arg>
<doc>Click the element identified by ``locator``.</doc>
<msg timestamp="20210510 11:40:00.212" level="INFO">Clicking element 'xpath://table[@role='grid']/tbody/tr/td[1]'.</msg>
<status status="PASS" starttime="20210510 11:40:00.211" endtime="20210510 11:40:00.295"/>
</kw>
<status status="PASS" starttime="20210510 11:40:00.210" endtime="20210510 11:40:00.295"/>
</kw>
<status status="PASS" starttime="20210510 11:39:57.512" endtime="20210510 11:40:00.295"/>
</kw>
<kw name="User clicks on the menu &quot;VESSEL CLASSES&quot;" library="ShipOwnersUserDefineKeywords" sourcename="User clicks on the menu &quot;${menuTabName}&quot;">
<kw name="Wait Until Page Contains Element" library="SeleniumLibrary">
<arg>${vesselMenu}</arg>
<arg>20s</arg>
<doc>Waits until the element ``locator`` appears on the current page.</doc>
<status status="PASS" starttime="20210510 11:40:00.296" endtime="20210510 11:40:00.592"/>
</kw>
<kw name="Get Variable Value" library="BuiltIn">
<var>${menuName}</var>
<arg>${menuTabName}</arg>
<doc>Returns variable value or ``default`` if the variable does not exist.</doc>
<msg timestamp="20210510 11:40:00.593" level="INFO">${menuName} = VESSEL CLASSES</msg>
<status status="PASS" starttime="20210510 11:40:00.592" endtime="20210510 11:40:00.593"/>
</kw>
<kw name="Run Keyword If" library="BuiltIn">
<arg>'${menuName}'=='VESSELS'</arg>
<arg>Click tab button</arg>
<arg>${menuName}</arg>
<arg>ELSE IF</arg>
<arg>'${menuName}'=='INFO'</arg>
<arg>Click tab button</arg>
<arg>${menuName}</arg>
<arg>ELSE IF</arg>
<arg>'${menuName}'=='VESSEL CLASSES'</arg>
<arg>Click tab button</arg>
<arg>${menuName}</arg>
<arg>ELSE IF</arg>
<arg>'${menuName}'=='SETTINGS'</arg>
<arg>Click tab button</arg>
<arg>${menuName}</arg>
<arg>ELSE</arg>
<arg>fail</arg>
<arg>Incorrect tab menu</arg>
<arg>[Return]</arg>
<doc>Runs the given keyword with the given arguments, if ``condition`` is true.</doc>
<kw name="Click tab button" library="ShipOwnersPage">
<arg>${menuName}</arg>
<kw name="Set Variable" library="BuiltIn">
<var>${menuButton}</var>
<arg>xpath://button[contains(., '${menuButtonName}')]</arg>
<doc>Returns the given values which can then be assigned to a variables.</doc>
<msg timestamp="20210510 11:40:00.594" level="INFO">${menuButton} = xpath://button[contains(., 'VESSEL CLASSES')]</msg>
<status status="PASS" starttime="20210510 11:40:00.594" endtime="20210510 11:40:00.594"/>
</kw>
<kw name="Wait Until Element Is Visible" library="SeleniumLibrary">
<arg>${menuButton}</arg>
<arg>10s</arg>
<arg>${menuButtonName} is not visibale after 10s</arg>
<doc>Waits until the element ``locator`` is visible.</doc>
<status status="PASS" starttime="20210510 11:40:00.595" endtime="20210510 11:40:01.048"/>
</kw>
<kw name="Click Button" library="SeleniumLibrary">
<arg>${menuButton}</arg>
<doc>Clicks the button identified by ``locator``.</doc>
<msg timestamp="20210510 11:40:01.049" level="INFO">Clicking button 'xpath://button[contains(., 'VESSEL CLASSES')]'.</msg>
<status status="PASS" starttime="20210510 11:40:01.048" endtime="20210510 11:40:01.186"/>
</kw>
<status status="PASS" starttime="20210510 11:40:00.594" endtime="20210510 11:40:01.186"/>
</kw>
<status status="PASS" starttime="20210510 11:40:00.593" endtime="20210510 11:40:01.187"/>
</kw>
<status status="PASS" starttime="20210510 11:40:00.296" endtime="20210510 11:40:01.187"/>
</kw>
<kw name="User click Create button" library="CommonFunctions" sourcename="User click ${buttonName} button">
<kw name="Set Variable" library="BuiltIn">
<var>${buttonLocation}</var>
<arg>xpath://button[contains(.,'${buttonName}')]</arg>
<doc>Returns the given values which can then be assigned to a variables.</doc>
<msg timestamp="20210510 11:40:01.188" level="INFO">${buttonLocation} = xpath://button[contains(.,'Create')]</msg>
<status status="PASS" starttime="20210510 11:40:01.187" endtime="20210510 11:40:01.188"/>
</kw>
<kw name="Run Keyword And Return Status" library="BuiltIn">
<var>${passed}</var>
<arg>wait until element is visible</arg>
<arg>${buttonLocation}</arg>
<arg>40s</arg>
<doc>Runs the given keyword with given arguments and returns the status as a Boolean value.</doc>
<kw name="Wait Until Element Is Visible" library="SeleniumLibrary">
<arg>${buttonLocation}</arg>
<arg>40s</arg>
<doc>Waits until the element ``locator`` is visible.</doc>
<status status="PASS" starttime="20210510 11:40:01.189" endtime="20210510 11:40:01.692"/>
</kw>
<msg timestamp="20210510 11:40:01.692" level="INFO">${passed} = True</msg>
<status status="PASS" starttime="20210510 11:40:01.188" endtime="20210510 11:40:01.692"/>
</kw>
<kw name="Run Keyword If" library="BuiltIn">
<arg>${passed}</arg>
<arg>click button</arg>
<arg>${buttonLocation}</arg>
<arg>ELSE</arg>
<arg>wait until keyword succeeds</arg>
<arg>50s</arg>
<arg>5s</arg>
<arg>click button</arg>
<arg>${buttonLocation}</arg>
<doc>Runs the given keyword with the given arguments, if ``condition`` is true.</doc>
<kw name="Click Button" library="SeleniumLibrary">
<arg>${buttonLocation}</arg>
<doc>Clicks the button identified by ``locator``.</doc>
<msg timestamp="20210510 11:40:01.693" level="INFO">Clicking button 'xpath://button[contains(.,'Create')]'.</msg>
<status status="PASS" starttime="20210510 11:40:01.693" endtime="20210510 11:40:01.793"/>
</kw>
<status status="PASS" starttime="20210510 11:40:01.693" endtime="20210510 11:40:01.793"/>
</kw>
<kw name="Sleep" library="BuiltIn">
<arg>3s</arg>
<doc>Pauses the test executed for the given time.</doc>
<msg timestamp="20210510 11:40:04.803" level="INFO">Slept 3 seconds</msg>
<status status="PASS" starttime="20210510 11:40:01.793" endtime="20210510 11:40:04.803"/>
</kw>
<status status="PASS" starttime="20210510 11:40:01.187" endtime="20210510 11:40:04.803"/>
</kw>
<status status="PASS" starttime="20210510 11:39:57.512" endtime="20210510 11:40:04.803"/>
</kw>
<kw name="When User input into Vessel class name text field with value as &quot;Test %&quot;" library="CommonUserDefineKeywords" sourcename="User input into ${fieldName} text field with value as &quot;${inputValue}&quot;">
<doc>use for input text field name</doc>
<kw name="Set Variable" library="BuiltIn">
<var>${inputField}</var>
<arg>xpath://label[contains(text(), '${fieldName}')]/following-sibling::div/input</arg>
<doc>Returns the given values which can then be assigned to a variables.</doc>
<msg timestamp="20210510 11:40:04.805" level="INFO">${inputField} = xpath://label[contains(text(), 'Vessel class name')]/following-sibling::div/input</msg>
<status status="PASS" starttime="20210510 11:40:04.805" endtime="20210510 11:40:04.805"/>
</kw>
<kw name="Generate Random String" library="String">
<var>${autoString}</var>
<arg>8</arg>
<arg>[LETTERS]</arg>
<doc>Generates a string with a desired ``length`` from the given ``chars``.</doc>
<msg timestamp="20210510 11:40:04.806" level="INFO">${autoString} = cqlnrKLg</msg>
<status status="PASS" starttime="20210510 11:40:04.805" endtime="20210510 11:40:04.806"/>
</kw>
<kw name="Set Variable" library="BuiltIn">
<var>${inputData}</var>
<arg>Auto ${inputValue} ${autoString}</arg>
<doc>Returns the given values which can then be assigned to a variables.</doc>
<msg timestamp="20210510 11:40:04.806" level="INFO">${inputData} = Auto Test % cqlnrKLg</msg>
<status status="PASS" starttime="20210510 11:40:04.806" endtime="20210510 11:40:04.806"/>
</kw>
<kw name="Input Text" library="SeleniumLibrary">
<arg>${inputField}</arg>
<arg>${inputData}</arg>
<doc>Types the given ``text`` into the text field identified by ``locator``.</doc>
<msg timestamp="20210510 11:40:04.807" level="INFO">Typing text 'Auto Test % cqlnrKLg' into text field 'xpath://label[contains(text(), 'Vessel class name')]/following-sibling::div/input'.</msg>
<status status="PASS" starttime="20210510 11:40:04.806" endtime="20210510 11:40:04.934"/>
</kw>
<kw name="Mouse Out" library="SeleniumLibrary">
<arg>${inputField}</arg>
<doc>Simulates moving the mouse away from the element ``locator``.</doc>
<msg timestamp="20210510 11:40:04.934" level="INFO">Simulating Mouse Out on element 'xpath://label[contains(text(), 'Vessel class name')]/following-sibling::div/input'.</msg>
<status status="PASS" starttime="20210510 11:40:04.934" endtime="20210510 11:40:15.523"/>
</kw>
<status status="PASS" starttime="20210510 11:40:04.804" endtime="20210510 11:40:15.523"/>
</kw>
<kw name="And User click Submit button" library="CommonFunctions" sourcename="User click ${buttonName} button">
<kw name="Set Variable" library="BuiltIn">
<var>${buttonLocation}</var>
<arg>xpath://button[contains(.,'${buttonName}')]</arg>
<doc>Returns the given values which can then be assigned to a variables.</doc>
<msg timestamp="20210510 11:40:15.525" level="INFO">${buttonLocation} = xpath://button[contains(.,'Submit')]</msg>
<status status="PASS" starttime="20210510 11:40:15.525" endtime="20210510 11:40:15.525"/>
</kw>
<kw name="Run Keyword And Return Status" library="BuiltIn">
<var>${passed}</var>
<arg>wait until element is visible</arg>
<arg>${buttonLocation}</arg>
<arg>40s</arg>
<doc>Runs the given keyword with given arguments and returns the status as a Boolean value.</doc>
<kw name="Wait Until Element Is Visible" library="SeleniumLibrary">
<arg>${buttonLocation}</arg>
<arg>40s</arg>
<doc>Waits until the element ``locator`` is visible.</doc>
<kw name="Capture Page Screenshot" library="SeleniumLibrary">
<doc>Takes a screenshot of the current page and embeds it into a log file.</doc>
<msg timestamp="20210510 11:40:56.094" level="INFO" html="true">&lt;/td&gt;&lt;/tr&gt;&lt;tr&gt;&lt;td colspan="3"&gt;&lt;a href="selenium-screenshot-38.png"&gt;&lt;img src="selenium-screenshot-38.png" width="800px"&gt;&lt;/a&gt;</msg>
<status status="PASS" starttime="20210510 11:40:55.555" endtime="20210510 11:40:56.094"/>
</kw>
<msg timestamp="20210510 11:40:56.095" level="FAIL">Element 'xpath://button[contains(.,'Submit')]' not visible after 40 seconds.</msg>
<status status="FAIL" starttime="20210510 11:40:15.525" endtime="20210510 11:40:56.095"/>
</kw>
<msg timestamp="20210510 11:40:56.095" level="INFO">${passed} = False</msg>
<status status="PASS" starttime="20210510 11:40:15.525" endtime="20210510 11:40:56.095"/>
</kw>
<kw name="Run Keyword If" library="BuiltIn">
<arg>${passed}</arg>
<arg>click button</arg>
<arg>${buttonLocation}</arg>
<arg>ELSE</arg>
<arg>wait until keyword succeeds</arg>
<arg>50s</arg>
<arg>5s</arg>
<arg>click button</arg>
<arg>${buttonLocation}</arg>
<doc>Runs the given keyword with the given arguments, if ``condition`` is true.</doc>
<kw name="Wait Until Keyword Succeeds" library="BuiltIn">
<arg>50s</arg>
<arg>5s</arg>
<arg>click button</arg>
<arg>${buttonLocation}</arg>
<doc>Runs the specified keyword and retries if it fails.</doc>
<kw name="Click Button" library="SeleniumLibrary">
<arg>${buttonLocation}</arg>
<doc>Clicks the button identified by ``locator``.</doc>
<msg timestamp="20210510 11:40:56.096" level="INFO">Clicking button 'xpath://button[contains(.,'Submit')]'.</msg>
<status status="PASS" starttime="20210510 11:40:56.096" endtime="20210510 11:40:56.229"/>
</kw>
<status status="PASS" starttime="20210510 11:40:56.096" endtime="20210510 11:40:56.230"/>
</kw>
<status status="PASS" starttime="20210510 11:40:56.095" endtime="20210510 11:40:56.230"/>
</kw>
<kw name="Sleep" library="BuiltIn">
<arg>3s</arg>
<doc>Pauses the test executed for the given time.</doc>
<msg timestamp="20210510 11:40:59.234" level="INFO">Slept 3 seconds</msg>
<status status="PASS" starttime="20210510 11:40:56.230" endtime="20210510 11:40:59.234"/>
</kw>
<status status="PASS" starttime="20210510 11:40:15.524" endtime="20210510 11:40:59.235"/>
</kw>
<kw name="Then User will see the error message for Vessel class name field should be &quot;Vessel class name must contain letters and space only&quot;" library="CommonUserDefineKeywords" sourcename="User will see the error message for ${fieldName} field should be &quot;${errorMessage}&quot;">
<kw name="Set Variable" library="BuiltIn">
<var>${fieldLocation}</var>
<arg>xpath://label[contains(text(), '${fieldName}')]/following-sibling::p</arg>
<doc>Returns the given values which can then be assigned to a variables.</doc>
<msg timestamp="20210510 11:40:59.237" level="INFO">${fieldLocation} = xpath://label[contains(text(), 'Vessel class name')]/following-sibling::p</msg>
<status status="PASS" starttime="20210510 11:40:59.236" endtime="20210510 11:40:59.237"/>
</kw>
<kw name="Wait Until Element Is Visible" library="SeleniumLibrary">
<arg>${fieldLocation}</arg>
<arg>10s</arg>
<arg>Error message location not found</arg>
<doc>Waits until the element ``locator`` is visible.</doc>
<status status="PASS" starttime="20210510 11:40:59.237" endtime="20210510 11:40:59.263"/>
</kw>
<kw name="Element Should Contain" library="SeleniumLibrary">
<arg>${fieldLocation}</arg>
<arg>${errorMessage}</arg>
<doc>Verifies that element ``locator`` contains text ``expected``.</doc>
<msg timestamp="20210510 11:40:59.285" level="INFO">Element 'xpath://label[contains(text(), 'Vessel class name')]/following-sibling::p' contains text 'Vessel class name must contain letters and space only'.</msg>
<status status="PASS" starttime="20210510 11:40:59.263" endtime="20210510 11:40:59.285"/>
</kw>
<status status="PASS" starttime="20210510 11:40:59.236" endtime="20210510 11:40:59.286"/>
</kw>
<kw name="End TestCase" library="CommonFunctions" type="TEARDOWN">
<kw name="Close Browser" library="SeleniumLibrary">
<doc>Closes the current browser.</doc>
<status status="PASS" starttime="20210510 11:40:59.287" endtime="20210510 11:41:01.438"/>
</kw>
<status status="PASS" starttime="20210510 11:40:59.287" endtime="20210510 11:41:01.438"/>
</kw>
<doc>This case check creating vessel class with name containing special character</doc>
<tag>Function</tag>
<tag>NegativeCase</tag>
<status status="PASS" starttime="20210510 11:39:47.383" endtime="20210510 11:41:01.439"/>
</test>
<test id="s1-t5" name="Create Vessel class name successfully">
<kw name="Start TestCase With Login" library="CommonFunctions" type="SETUP">
<kw name="Start TestCase" library="CommonFunctions">
<kw name="Open Browser" library="SeleniumLibrary">
<arg>${url.${env}}</arg>
<arg>${browser}</arg>
<arg>executable_path=${executable_path}</arg>
<doc>Opens a new browser instance to the optional ``url``.</doc>
<msg timestamp="20210510 11:41:01.446" level="INFO">Opening browser 'chrome' to base url 'https://admin-mp.dev.sparescnx.com/'.</msg>
<status status="PASS" starttime="20210510 11:41:01.444" endtime="20210510 11:41:04.872"/>
</kw>
<kw name="Maximize Browser Window" library="SeleniumLibrary">
<doc>Maximizes current browser window.</doc>
<status status="PASS" starttime="20210510 11:41:04.872" endtime="20210510 11:41:05.001"/>
</kw>
<status status="PASS" starttime="20210510 11:41:01.444" endtime="20210510 11:41:05.001"/>
</kw>
<kw name="Login to Admin Portal Successfully" library="LoginPage">
<arg>${username.user1}</arg>
<arg>${password}</arg>
<kw name="Input Password" library="SeleniumLibrary">
<arg>${userNameField}</arg>
<arg>${username}</arg>
<doc>Types the given password into the text field identified by ``locator``.</doc>
<msg timestamp="20210510 11:41:05.003" level="INFO">Typing password into text field 'xpath://*[@id='username']'.</msg>
<msg timestamp="20210510 11:41:05.055" level="INFO">Temporally setting log level to: NONE</msg>
<msg timestamp="20210510 11:41:05.217" level="INFO">Log level changed from NONE to INFO.</msg>
<status status="PASS" starttime="20210510 11:41:05.003" endtime="20210510 11:41:05.217"/>
</kw>
<kw name="Input Password" library="SeleniumLibrary">
<arg>${passwordField}</arg>
<arg>${password}</arg>
<arg>clear: True</arg>
<doc>Types the given password into the text field identified by ``locator``.</doc>
<msg timestamp="20210510 11:41:05.218" level="INFO">Typing password into text field 'xpath://*[@id='password']'.</msg>
<msg timestamp="20210510 11:41:05.273" level="INFO">Temporally setting log level to: NONE</msg>
<msg timestamp="20210510 11:41:05.352" level="INFO">Log level changed from NONE to INFO.</msg>
<status status="PASS" starttime="20210510 11:41:05.217" endtime="20210510 11:41:05.352"/>
</kw>
<kw name="Press Keys" library="SeleniumLibrary">
<arg>${signInbutton}</arg>
<arg>RETURN</arg>
<doc>Simulates the user pressing key(s) to an element or on the active browser.</doc>
<msg timestamp="20210510 11:41:05.353" level="INFO">Sending key(s) ('RETURN',) to xpath://*[@id='password']/ancestor::div[2]/following-sibling::button element.</msg>
<msg timestamp="20210510 11:41:10.661" level="INFO">Pressing special key RETURN to element.</msg>
<msg timestamp="20210510 11:41:10.661" level="INFO">Releasing special key RETURN.</msg>
<status status="PASS" starttime="20210510 11:41:05.353" endtime="20210510 11:41:10.678"/>
</kw>
<status status="PASS" starttime="20210510 11:41:05.001" endtime="20210510 11:41:10.679"/>
</kw>
<kw name="Run Keyword And Return Status" library="BuiltIn">
<var>${status}</var>
<arg>wait until element is not visible</arg>
<arg>${signInbutton}</arg>
<doc>Runs the given keyword with given arguments and returns the status as a Boolean value.</doc>
<kw name="Wait Until Element Is Not Visible" library="SeleniumLibrary">
<arg>${signInbutton}</arg>
<doc>Waits until the element ``locator`` is not visible.</doc>
<status status="PASS" starttime="20210510 11:41:10.679" endtime="20210510 11:41:11.868"/>
</kw>
<msg timestamp="20210510 11:41:11.868" level="INFO">${status} = True</msg>
<status status="PASS" starttime="20210510 11:41:10.679" endtime="20210510 11:41:11.868"/>
</kw>
<kw name="Run Keyword Unless" library="BuiltIn">
<arg>${status}</arg>
<arg>fail</arg>
<arg>Login failed. Setup for test could not established</arg>
<doc>Runs the given keyword with the given arguments if ``condition`` is false.</doc>
<status status="PASS" starttime="20210510 11:41:11.869" endtime="20210510 11:41:11.869"/>
</kw>
<status status="PASS" starttime="20210510 11:41:01.443" endtime="20210510 11:41:11.869"/>
</kw>
<kw name="Given User go to Vessel Class then open Create new form" library="VesselClassUserDefineKeywords">
<kw name="User go to Ship Owner page" library="ShipOwnersUserDefineKeywords">
<kw name="Wait Until Element Is Visible" library="SeleniumLibrary">
<arg>${shipOwnersMenu}</arg>
<arg>10s</arg>
<doc>Waits until the element ``locator`` is visible.</doc>
<status status="PASS" starttime="20210510 11:41:11.871" endtime="20210510 11:41:11.925"/>
</kw>
<kw name="Click Element" library="SeleniumLibrary">
<arg>${shipOwnersMenu}</arg>
<doc>Click the element identified by ``locator``.</doc>
[...]
<kw name="Click Element" library="SeleniumLibrary">
<arg>${firstItemOfTable}</arg>
<doc>Click the element identified by ``locator``.</doc>
<msg timestamp="20210510 11:44:31.305" level="INFO">Clicking element 'xpath://table[@role='grid']/tbody/tr/td[1]'.</msg>
<status status="PASS" starttime="20210510 11:44:31.305" endtime="20210510 11:44:31.391"/>
</kw>
<status status="PASS" starttime="20210510 11:44:31.305" endtime="20210510 11:44:31.391"/>
</kw>
<status status="PASS" starttime="20210510 11:44:27.966" endtime="20210510 11:44:31.391"/>
</kw>
<kw name="User clicks on the menu &quot;VESSEL CLASSES&quot;" library="ShipOwnersUserDefineKeywords" sourcename="User clicks on the menu &quot;${menuTabName}&quot;">
<kw name="Wait Until Page Contains Element" library="SeleniumLibrary">
<arg>${vesselMenu}</arg>
<arg>20s</arg>
<doc>Waits until the element ``locator`` appears on the current page.</doc>
<status status="PASS" starttime="20210510 11:44:31.391" endtime="20210510 11:44:31.651"/>
</kw>
<kw name="Get Variable Value" library="BuiltIn">
<var>${menuName}</var>
<arg>${menuTabName}</arg>
<doc>Returns variable value or ``default`` if the variable does not exist.</doc>
<msg timestamp="20210510 11:44:31.651" level="INFO">${menuName} = VESSEL CLASSES</msg>
<status status="PASS" starttime="20210510 11:44:31.651" endtime="20210510 11:44:31.651"/>
</kw>
<kw name="Run Keyword If" library="BuiltIn">
<arg>'${menuName}'=='VESSELS'</arg>
<arg>Click tab button</arg>
<arg>${menuName}</arg>
<arg>ELSE IF</arg>
<arg>'${menuName}'=='INFO'</arg>
<arg>Click tab button</arg>
<arg>${menuName}</arg>
<arg>ELSE IF</arg>
<arg>'${menuName}'=='VESSEL CLASSES'</arg>
<arg>Click tab button</arg>
<arg>${menuName}</arg>
<arg>ELSE IF</arg>
<arg>'${menuName}'=='SETTINGS'</arg>
<arg>Click tab button</arg>
<arg>${menuName}</arg>
<arg>ELSE</arg>
<arg>fail</arg>
<arg>Incorrect tab menu</arg>
<arg>[Return]</arg>
<doc>Runs the given keyword with the given arguments, if ``condition`` is true.</doc>
<kw name="Click tab button" library="ShipOwnersPage">
<arg>${menuName}</arg>
<kw name="Set Variable" library="BuiltIn">
<var>${menuButton}</var>
<arg>xpath://button[contains(., '${menuButtonName}')]</arg>
<doc>Returns the given values which can then be assigned to a variables.</doc>
<msg timestamp="20210510 11:44:31.653" level="INFO">${menuButton} = xpath://button[contains(., 'VESSEL CLASSES')]</msg>
<status status="PASS" starttime="20210510 11:44:31.653" endtime="20210510 11:44:31.653"/>
</kw>
<kw name="Wait Until Element Is Visible" library="SeleniumLibrary">
<arg>${menuButton}</arg>
<arg>10s</arg>
<arg>${menuButtonName} is not visibale after 10s</arg>
<doc>Waits until the element ``locator`` is visible.</doc>
<status status="PASS" starttime="20210510 11:44:31.653" endtime="20210510 11:44:32.107"/>
</kw>
<kw name="Click Button" library="SeleniumLibrary">
<arg>${menuButton}</arg>
<doc>Clicks the button identified by ``locator``.</doc>
<msg timestamp="20210510 11:44:32.107" level="INFO">Clicking button 'xpath://button[contains(., 'VESSEL CLASSES')]'.</msg>
<status status="PASS" starttime="20210510 11:44:32.107" endtime="20210510 11:44:32.239"/>
</kw>
<status status="PASS" starttime="20210510 11:44:31.653" endtime="20210510 11:44:32.239"/>
</kw>
<status status="PASS" starttime="20210510 11:44:31.651" endtime="20210510 11:44:32.239"/>
</kw>
<status status="PASS" starttime="20210510 11:44:31.391" endtime="20210510 11:44:32.239"/>
</kw>
<kw name="User click Create button" library="CommonFunctions" sourcename="User click ${buttonName} button">
<kw name="Set Variable" library="BuiltIn">
<var>${buttonLocation}</var>
<arg>xpath://button[contains(.,'${buttonName}')]</arg>
<doc>Returns the given values which can then be assigned to a variables.</doc>
<msg timestamp="20210510 11:44:32.240" level="INFO">${buttonLocation} = xpath://button[contains(.,'Create')]</msg>
<status status="PASS" starttime="20210510 11:44:32.240" endtime="20210510 11:44:32.240"/>
</kw>
<kw name="Run Keyword And Return Status" library="BuiltIn">
<var>${passed}</var>
<arg>wait until element is visible</arg>
<arg>${buttonLocation}</arg>
<arg>40s</arg>
<doc>Runs the given keyword with given arguments and returns the status as a Boolean value.</doc>
<kw name="Wait Until Element Is Visible" library="SeleniumLibrary">
<arg>${buttonLocation}</arg>
<arg>40s</arg>
<doc>Waits until the element ``locator`` is visible.</doc>
<status status="PASS" starttime="20210510 11:44:32.241" endtime="20210510 11:44:32.532"/>
</kw>
<msg timestamp="20210510 11:44:32.532" level="INFO">${passed} = True</msg>
<status status="PASS" starttime="20210510 11:44:32.240" endtime="20210510 11:44:32.532"/>
</kw>
<kw name="Run Keyword If" library="BuiltIn">
<arg>${passed}</arg>
<arg>click button</arg>
<arg>${buttonLocation}</arg>
<arg>ELSE</arg>
<arg>wait until keyword succeeds</arg>
<arg>50s</arg>
<arg>5s</arg>
<arg>click button</arg>
<arg>${buttonLocation}</arg>
<doc>Runs the given keyword with the given arguments, if ``condition`` is true.</doc>
<kw name="Click Button" library="SeleniumLibrary">
<arg>${buttonLocation}</arg>
<doc>Clicks the button identified by ``locator``.</doc>
<msg timestamp="20210510 11:44:32.533" level="INFO">Clicking button 'xpath://button[contains(.,'Create')]'.</msg>
<status status="PASS" starttime="20210510 11:44:32.533" endtime="20210510 11:44:32.648"/>
</kw>
<status status="PASS" starttime="20210510 11:44:32.533" endtime="20210510 11:44:32.648"/>
</kw>
<kw name="Sleep" library="BuiltIn">
<arg>3s</arg>
<doc>Pauses the test executed for the given time.</doc>
<msg timestamp="20210510 11:44:35.653" level="INFO">Slept 3 seconds</msg>
<status status="PASS" starttime="20210510 11:44:32.648" endtime="20210510 11:44:35.653"/>
</kw>
<status status="PASS" starttime="20210510 11:44:32.240" endtime="20210510 11:44:35.653"/>
</kw>
<status status="PASS" starttime="20210510 11:44:27.966" endtime="20210510 11:44:35.654"/>
</kw>
<kw name="And It existed an vessel class name on the list" library="VesselClassUserDefineKeywords">
<doc>get the first name in the vessel class name list and set it as varaiable: firstItemName</doc>
<kw name="Get the first item's Name in the list" library="CommonFunctions">
<arg>${firstNameInList}</arg>
<kw name="Wait Until Element Is Visible" library="SeleniumLibrary">
<arg>${firstItemLocator}</arg>
<arg>10s</arg>
<arg>No item found for first Vessel class name</arg>
<doc>Waits until the element ``locator`` is visible.</doc>
<status status="PASS" starttime="20210510 11:44:35.656" endtime="20210510 11:44:35.680"/>
</kw>
<kw name="Get Text" library="SeleniumLibrary">
<var>${firstItemName}</var>
<arg>${firstItemLocator}</arg>
<doc>Returns the text value of the element identified by ``locator``.</doc>
<msg timestamp="20210510 11:44:35.704" level="INFO">${firstItemName} =     F</msg>
<status status="PASS" starttime="20210510 11:44:35.681" endtime="20210510 11:44:35.704"/>
</kw>
<kw name="Set Global Variable" library="BuiltIn">
<arg>${firstItemName}</arg>
<doc>Makes a variable available globally in all tests and suites.</doc>
<msg timestamp="20210510 11:44:35.705" level="INFO">${firstItemName} =     F</msg>
<status status="PASS" starttime="20210510 11:44:35.704" endtime="20210510 11:44:35.705"/>
</kw>
<status status="PASS" starttime="20210510 11:44:35.655" endtime="20210510 11:44:35.705"/>
</kw>
<status status="PASS" starttime="20210510 11:44:35.655" endtime="20210510 11:44:35.705"/>
</kw>
<kw name="When User input into Vessel class name text field with spaces and existed name on the list" library="VesselClassUserDefineKeywords" sourcename="User input into Vessel class name text field with ${typeOfInputData} on the list">
<doc>use for input existed name into Vessel class name</doc>
<kw name="Get Variable Value" library="BuiltIn">
<var>${vesselClassName}</var>
<arg>${firstItemName}</arg>
<doc>Returns variable value or ``default`` if the variable does not exist.</doc>
<msg timestamp="20210510 11:44:35.707" level="INFO">${vesselClassName} =     F</msg>
<status status="PASS" starttime="20210510 11:44:35.707" endtime="20210510 11:44:35.707"/>
</kw>
<kw name="Run Keyword If" library="BuiltIn">
<arg>"${typeOfInputData}"=="existed value"</arg>
<arg>Input existed Vessel class name</arg>
<arg>ELSE IF</arg>
<arg>"before" in "${typeOfInputData}" and "space" in "${typeOfInputData}"</arg>
<arg>Input existed vessel class name contains space before it</arg>
<arg>ELSE IF</arg>
<arg>"after" in "${typeOfInputData}" and "space" in "${typeOfInputData}"</arg>
<arg>Input existed vessel class name contains space after it</arg>
<arg>ELSE IF</arg>
<arg>"and" in "${typeOfInputData}" and "space" in "${typeOfInputData}"</arg>
<arg>Input existed vessel class name contains spaces before and after it</arg>
<arg>ELSE</arg>
<arg>fail</arg>
<arg>Just have 4 cases as: space before, space after, space and, existed value</arg>
<doc>Runs the given keyword with the given arguments, if ``condition`` is true.</doc>
<kw name="Input existed vessel class name contains spaces before and after it" library="VesselClassPage">
<kw name="Get the first item's Name in the list" library="CommonFunctions">
<arg>${firstVesselClassNameInList}</arg>
<kw name="Wait Until Element Is Visible" library="SeleniumLibrary">
<arg>${firstItemLocator}</arg>
<arg>10s</arg>
<arg>No item found for first Vessel class name</arg>
<doc>Waits until the element ``locator`` is visible.</doc>
<status status="PASS" starttime="20210510 11:44:35.711" endtime="20210510 11:44:35.732"/>
</kw>
<kw name="Get Text" library="SeleniumLibrary">
<var>${firstItemName}</var>
<arg>${firstItemLocator}</arg>
<doc>Returns the text value of the element identified by ``locator``.</doc>
<msg timestamp="20210510 11:44:35.753" level="INFO">${firstItemName} =     F</msg>
<status status="PASS" starttime="20210510 11:44:35.733" endtime="20210510 11:44:35.753"/>
</kw>
<kw name="Set Global Variable" library="BuiltIn">
<arg>${firstItemName}</arg>
<doc>Makes a variable available globally in all tests and suites.</doc>
<msg timestamp="20210510 11:44:35.754" level="INFO">${firstItemName} =     F</msg>
<status status="PASS" starttime="20210510 11:44:35.753" endtime="20210510 11:44:35.754"/>
</kw>
<status status="PASS" starttime="20210510 11:44:35.710" endtime="20210510 11:44:35.754"/>
</kw>
<kw name="Set Variable" library="BuiltIn">
<var>${inputText}</var>
<arg>${SPACE}${firstItemName}${SPACE}</arg>
<doc>Returns the given values which can then be assigned to a variables.</doc>
<msg timestamp="20210510 11:44:35.755" level="INFO">${inputText} =      F </msg>
<status status="PASS" starttime="20210510 11:44:35.754" endtime="20210510 11:44:35.755"/>
</kw>
<kw name="Input ${inputText} into Vessel Name field" library="VesselClassPage" sourcename="Input ${inputData} into Vessel Name field">
<kw name="Input Text" library="SeleniumLibrary">
<arg>${vesselNameTextBox}</arg>
<arg>${inputData}</arg>
<doc>Types the given ``text`` into the text field identified by ``locator``.</doc>
<msg timestamp="20210510 11:44:35.756" level="INFO">Typing text '     F ' into text field 'xpath://label[contains(text(), 'Vessel class name')]/following-sibling::div/input'.</msg>
<status status="PASS" starttime="20210510 11:44:35.755" endtime="20210510 11:44:35.847"/>
</kw>
<kw name="Mouse Out" library="SeleniumLibrary">
<arg>${vesselNameTextBox}</arg>
<doc>Simulates moving the mouse away from the element ``locator``.</doc>
<msg timestamp="20210510 11:44:35.848" level="INFO">Simulating Mouse Out on element 'xpath://label[contains(text(), 'Vessel class name')]/following-sibling::div/input'.</msg>
<status status="PASS" starttime="20210510 11:44:35.847" endtime="20210510 11:44:46.432"/>
</kw>
<status status="PASS" starttime="20210510 11:44:35.755" endtime="20210510 11:44:46.432"/>
</kw>
<status status="PASS" starttime="20210510 11:44:35.708" endtime="20210510 11:44:46.432"/>
</kw>
<status status="PASS" starttime="20210510 11:44:35.707" endtime="20210510 11:44:46.433"/>
</kw>
<status status="PASS" starttime="20210510 11:44:35.706" endtime="20210510 11:44:46.433"/>
</kw>
<kw name="And User click Submit button" library="CommonFunctions" sourcename="User click ${buttonName} button">
<kw name="Set Variable" library="BuiltIn">
<var>${buttonLocation}</var>
<arg>xpath://button[contains(.,'${buttonName}')]</arg>
<doc>Returns the given values which can then be assigned to a variables.</doc>
<msg timestamp="20210510 11:44:46.434" level="INFO">${buttonLocation} = xpath://button[contains(.,'Submit')]</msg>
<status status="PASS" starttime="20210510 11:44:46.434" endtime="20210510 11:44:46.434"/>
</kw>
<kw name="Run Keyword And Return Status" library="BuiltIn">
<var>${passed}</var>
<arg>wait until element is visible</arg>
<arg>${buttonLocation}</arg>
<arg>40s</arg>
<doc>Runs the given keyword with given arguments and returns the status as a Boolean value.</doc>
<kw name="Wait Until Element Is Visible" library="SeleniumLibrary">
<arg>${buttonLocation}</arg>
<arg>40s</arg>
<doc>Waits until the element ``locator`` is visible.</doc>
<kw name="Capture Page Screenshot" library="SeleniumLibrary">
<doc>Takes a screenshot of the current page and embeds it into a log file.</doc>
<msg timestamp="20210510 11:45:27.159" level="INFO" html="true">&lt;/td&gt;&lt;/tr&gt;&lt;tr&gt;&lt;td colspan="3"&gt;&lt;a href="selenium-screenshot-41.png"&gt;&lt;img src="selenium-screenshot-41.png" width="800px"&gt;&lt;/a&gt;</msg>
<status status="PASS" starttime="20210510 11:45:26.645" endtime="20210510 11:45:27.159"/>
</kw>
<msg timestamp="20210510 11:45:27.161" level="FAIL">Element 'xpath://button[contains(.,'Submit')]' not visible after 40 seconds.</msg>
<status status="FAIL" starttime="20210510 11:44:46.435" endtime="20210510 11:45:27.161"/>
</kw>
<msg timestamp="20210510 11:45:27.161" level="INFO">${passed} = False</msg>
<status status="PASS" starttime="20210510 11:44:46.435" endtime="20210510 11:45:27.161"/>
</kw>
<kw name="Run Keyword If" library="BuiltIn">
<arg>${passed}</arg>
<arg>click button</arg>
<arg>${buttonLocation}</arg>
<arg>ELSE</arg>
<arg>wait until keyword succeeds</arg>
<arg>50s</arg>
<arg>5s</arg>
<arg>click button</arg>
<arg>${buttonLocation}</arg>
<doc>Runs the given keyword with the given arguments, if ``condition`` is true.</doc>
<kw name="Wait Until Keyword Succeeds" library="BuiltIn">
<arg>50s</arg>
<arg>5s</arg>
<arg>click button</arg>
<arg>${buttonLocation}</arg>
<doc>Runs the specified keyword and retries if it fails.</doc>
<kw name="Click Button" library="SeleniumLibrary">
<arg>${buttonLocation}</arg>
<doc>Clicks the button identified by ``locator``.</doc>
<msg timestamp="20210510 11:45:27.162" level="INFO">Clicking button 'xpath://button[contains(.,'Submit')]'.</msg>
<status status="PASS" starttime="20210510 11:45:27.162" endtime="20210510 11:45:27.319"/>
</kw>
<status status="PASS" starttime="20210510 11:45:27.162" endtime="20210510 11:45:27.320"/>
</kw>
<status status="PASS" starttime="20210510 11:45:27.161" endtime="20210510 11:45:27.320"/>
</kw>
<kw name="Sleep" library="BuiltIn">
<arg>3s</arg>
<doc>Pauses the test executed for the given time.</doc>
<msg timestamp="20210510 11:45:30.327" level="INFO">Slept 3 seconds</msg>
<status status="PASS" starttime="20210510 11:45:27.320" endtime="20210510 11:45:30.327"/>
</kw>
<status status="PASS" starttime="20210510 11:44:46.434" endtime="20210510 11:45:30.328"/>
</kw>
<kw name="And User click Confirm button" library="CommonFunctions" sourcename="User click ${buttonName} button">
<kw name="Set Variable" library="BuiltIn">
<var>${buttonLocation}</var>
<arg>xpath://button[contains(.,'${buttonName}')]</arg>
<doc>Returns the given values which can then be assigned to a variables.</doc>
<msg timestamp="20210510 11:45:30.330" level="INFO">${buttonLocation} = xpath://button[contains(.,'Confirm')]</msg>
<status status="PASS" starttime="20210510 11:45:30.329" endtime="20210510 11:45:30.330"/>
</kw>
<kw name="Run Keyword And Return Status" library="BuiltIn">
<var>${passed}</var>
<arg>wait until element is visible</arg>
<arg>${buttonLocation}</arg>
<arg>40s</arg>
<doc>Runs the given keyword with given arguments and returns the status as a Boolean value.</doc>
<kw name="Wait Until Element Is Visible" library="SeleniumLibrary">
<arg>${buttonLocation}</arg>
<arg>40s</arg>
<doc>Waits until the element ``locator`` is visible.</doc>
<status status="PASS" starttime="20210510 11:45:30.330" endtime="20210510 11:45:30.357"/>
</kw>
<msg timestamp="20210510 11:45:30.357" level="INFO">${passed} = True</msg>
<status status="PASS" starttime="20210510 11:45:30.330" endtime="20210510 11:45:30.357"/>
</kw>
<kw name="Run Keyword If" library="BuiltIn">
<arg>${passed}</arg>
<arg>click button</arg>
<arg>${buttonLocation}</arg>
<arg>ELSE</arg>
<arg>wait until keyword succeeds</arg>
<arg>50s</arg>
<arg>5s</arg>
<arg>click button</arg>
<arg>${buttonLocation}</arg>
<doc>Runs the given keyword with the given arguments, if ``condition`` is true.</doc>
<kw name="Click Button" library="SeleniumLibrary">
<arg>${buttonLocation}</arg>
<doc>Clicks the button identified by ``locator``.</doc>
<msg timestamp="20210510 11:45:30.358" level="INFO">Clicking button 'xpath://button[contains(.,'Confirm')]'.</msg>
<status status="PASS" starttime="20210510 11:45:30.357" endtime="20210510 11:45:30.443"/>
</kw>
<status status="PASS" starttime="20210510 11:45:30.357" endtime="20210510 11:45:30.443"/>
</kw>
<kw name="Sleep" library="BuiltIn">
<arg>3s</arg>
<doc>Pauses the test executed for the given time.</doc>
<msg timestamp="20210510 11:45:33.445" level="INFO">Slept 3 seconds</msg>
<status status="PASS" starttime="20210510 11:45:30.444" endtime="20210510 11:45:33.445"/>
</kw>
<status status="PASS" starttime="20210510 11:45:30.329" endtime="20210510 11:45:33.445"/>
</kw>
<kw name="Then User will see the error popup as: &quot;Vessel Class already exists&quot;" library="CommonUserDefineKeywords" sourcename="User will see the ${typeOfMesssage} popup as: &quot;${messageText}&quot;">
<kw name="Wait Until Element Is Visible" library="SeleniumLibrary">
<arg>${messagePopup}</arg>
<doc>Waits until the element ``locator`` is visible.</doc>
<status status="PASS" starttime="20210510 11:45:33.447" endtime="20210510 11:45:33.474"/>
</kw>
<kw name="Element Text Should Be" library="SeleniumLibrary">
<arg>${messagePopup}</arg>
<arg>${messageText}</arg>
<doc>Verifies that element ``locator`` contains exact the text ``expected``.</doc>
<msg timestamp="20210510 11:45:33.475" level="INFO">Verifying element 'xpath://*[@class='MuiAlert-message']' contains exact text 'Vessel Class already exists'.</msg>
<status status="PASS" starttime="20210510 11:45:33.474" endtime="20210510 11:45:33.500"/>
</kw>
<status status="PASS" starttime="20210510 11:45:33.446" endtime="20210510 11:45:33.500"/>
</kw>
<kw name="End TestCase" library="CommonFunctions" type="TEARDOWN">
<kw name="Close Browser" library="SeleniumLibrary">
<doc>Closes the current browser.</doc>
<status status="PASS" starttime="20210510 11:45:33.501" endtime="20210510 11:45:35.682"/>
</kw>
<status status="PASS" starttime="20210510 11:45:33.501" endtime="20210510 11:45:35.683"/>
</kw>
<doc>This case check creating vessel class with existed name with space at the begin of name</doc>
<tag>Function</tag>
<tag>NegativeCase</tag>
<status status="PASS" starttime="20210510 11:44:18.046" endtime="20210510 11:45:35.684"/>
</test>
<status status="FAIL" starttime="20210510 11:36:52.647" endtime="20210510 11:45:35.687"/>
</suite>
<statistics>
<total>
<stat pass="6" fail="3" skip="0">All Tests</stat>
</total>
<tag>
<stat pass="5" fail="2" skip="0">Function</stat>
<stat pass="1" fail="0" skip="0">Function NegativeCase</stat>
<stat pass="1" fail="0" skip="0">HappyCase</stat>
<stat pass="4" fail="2" skip="0">NegativeCase</stat>
<stat pass="0" fail="1" skip="0">UI</stat>
</tag>
<suite>
<stat pass="6" fail="3" skip="0" id="s1" name="AddVesselClass">AddVesselClass</stat>
</suite>
</statistics>
<errors>
</errors>
</robot>
